2018-05-25 17:04:42,690 - root - INFO - registered with Servus with id: [4b7b6f93097846679e75926e70cf52bc]
2018-05-25 17:04:42,707 - root - INFO - got tasks: CryptoMarkets ethtrader Iota CryptoMoonShots btc BlockChain
2018-05-25 17:04:42,936 - root - INFO - ['CryptoMarkets', 'ethtrader', 'Iota', 'CryptoMoonShots', 'btc', 'BlockChain']
2018-05-25 17:04:42,936 - root - INFO - Job: CryptoMarkets
2018-05-25 17:04:42,937 - root - INFO - Job: ethtrader
2018-05-25 17:04:42,979 - root - INFO - Job: Iota
2018-05-25 17:04:43,017 - root - INFO - Job: CryptoMoonShots
2018-05-25 17:04:43,052 - root - INFO - Job: btc
2018-05-25 17:04:43,093 - root - INFO - Job: BlockChain
2018-05-25 17:04:44,127 - root - INFO - Inserted comment from the CryptoMarkets subreddit
2018-05-25 17:04:44,132 - root - INFO - Inserted comment from the CryptoMarkets subreddit
2018-05-25 17:04:44,137 - root - INFO - Inserted comment from the CryptoMarkets subreddit
2018-05-25 17:04:44,142 - root - INFO - Inserted comment from the CryptoMarkets subreddit
2018-05-25 17:04:44,147 - root - INFO - Inserted comment from the CryptoMarkets subreddit
2018-05-25 17:04:44,152 - root - INFO - Inserted comment from the CryptoMarkets subreddit
2018-05-25 17:04:44,157 - root - INFO - Inserted comment from the CryptoMarkets subreddit
2018-05-25 17:04:44,162 - root - INFO - Inserted comment from the CryptoMarkets subreddit
2018-05-25 17:04:44,167 - root - INFO - Inserted comment from the CryptoMarkets subreddit
2018-05-25 17:04:44,172 - root - INFO - Inserted comment from the CryptoMarkets subreddit
2018-05-25 17:04:44,176 - root - INFO - Inserted comment from the CryptoMarkets subreddit
2018-05-25 17:04:44,182 - root - INFO - Inserted comment from the CryptoMarkets subreddit
2018-05-25 17:04:44,186 - root - INFO - Inserted comment from the CryptoMarkets subreddit
2018-05-25 17:04:44,191 - root - INFO - Inserted comment from the CryptoMarkets subreddit
2018-05-25 17:04:44,196 - root - INFO - Inserted comment from the CryptoMarkets subreddit
2018-05-25 17:04:44,201 - root - INFO - Inserted comment from the CryptoMarkets subreddit
2018-05-25 17:04:44,206 - root - INFO - Inserted comment from the CryptoMarkets subreddit
2018-05-25 17:04:44,211 - root - INFO - Inserted comment from the CryptoMarkets subreddit
2018-05-25 17:04:44,216 - root - INFO - Inserted comment from the CryptoMarkets subreddit
2018-05-25 17:04:44,221 - root - INFO - Inserted comment from the CryptoMarkets subreddit
2018-05-25 17:04:44,226 - root - INFO - Inserted comment from the CryptoMarkets subreddit
2018-05-25 17:04:44,230 - root - INFO - Inserted comment from the CryptoMarkets subreddit
2018-05-25 17:04:44,237 - root - INFO - Inserted comment from the CryptoMarkets subreddit
2018-05-25 17:04:44,249 - root - INFO - Inserted comment from the CryptoMarkets subreddit
2018-05-25 17:04:44,260 - root - INFO - Inserted comment from the CryptoMarkets subreddit
2018-05-25 17:04:44,262 - root - INFO - Inserted comment from the CryptoMoonShots subreddit
2018-05-25 17:04:44,264 - root - INFO - Inserted comment from the CryptoMarkets subreddit
2018-05-25 17:04:44,267 - root - INFO - Inserted comment from the CryptoMoonShots subreddit
2018-05-25 17:04:44,269 - root - INFO - Inserted comment from the CryptoMarkets subreddit
2018-05-25 17:04:44,271 - root - INFO - Inserted comment from the CryptoMoonShots subreddit
2018-05-25 17:04:44,273 - root - INFO - Inserted comment from the CryptoMarkets subreddit
2018-05-25 17:04:44,275 - root - INFO - Inserted comment from the CryptoMoonShots subreddit
2018-05-25 17:04:44,277 - root - INFO - Inserted comment from the CryptoMarkets subreddit
2018-05-25 17:04:44,280 - root - INFO - Inserted comment from the CryptoMoonShots subreddit
2018-05-25 17:04:44,282 - root - INFO - Inserted comment from the CryptoMarkets subreddit
2018-05-25 17:04:44,286 - root - INFO - Inserted comment from the CryptoMoonShots subreddit
2018-05-25 17:04:44,290 - root - INFO - Inserted comment from the CryptoMarkets subreddit
2018-05-25 17:04:44,298 - root - INFO - Inserted comment from the CryptoMarkets subreddit
2018-05-25 17:04:44,310 - root - INFO - Inserted comment from the CryptoMoonShots subreddit
2018-05-25 17:04:44,310 - root - INFO - Inserted comment from the CryptoMarkets subreddit
2018-05-25 17:04:44,321 - root - INFO - Inserted comment from the Iota subreddit
2018-05-25 17:04:44,326 - root - INFO - Inserted comment from the CryptoMarkets subreddit
2018-05-25 17:04:44,326 - root - INFO - Inserted comment from the Iota subreddit
2018-05-25 17:04:44,327 - root - INFO - Inserted comment from the CryptoMoonShots subreddit
2018-05-25 17:04:44,332 - root - INFO - Inserted comment from the CryptoMarkets subreddit
2018-05-25 17:04:44,332 - root - INFO - Inserted comment from the Iota subreddit
2018-05-25 17:04:44,332 - root - INFO - Inserted comment from the CryptoMoonShots subreddit
2018-05-25 17:04:44,332 - root - INFO - Inserted comment from the BlockChain subreddit
2018-05-25 17:04:44,337 - root - INFO - Inserted comment from the CryptoMarkets subreddit
2018-05-25 17:04:44,337 - root - INFO - Inserted comment from the CryptoMoonShots subreddit
2018-05-25 17:04:44,338 - root - INFO - Inserted comment from the BlockChain subreddit
2018-05-25 17:04:44,338 - root - INFO - Inserted comment from the Iota subreddit
2018-05-25 17:04:44,343 - root - INFO - Inserted comment from the CryptoMoonShots subreddit
2018-05-25 17:04:44,343 - root - INFO - Inserted comment from the Iota subreddit
2018-05-25 17:04:44,344 - root - INFO - Inserted comment from the CryptoMarkets subreddit
2018-05-25 17:04:44,344 - root - INFO - Inserted comment from the BlockChain subreddit
2018-05-25 17:04:44,348 - root - INFO - Inserted comment from the CryptoMoonShots subreddit
2018-05-25 17:04:44,348 - root - INFO - Inserted comment from the Iota subreddit
2018-05-25 17:04:44,349 - root - INFO - Inserted comment from the CryptoMarkets subreddit
2018-05-25 17:04:44,349 - root - INFO - Inserted comment from the BlockChain subreddit
2018-05-25 17:04:44,354 - root - INFO - Inserted comment from the CryptoMoonShots subreddit
2018-05-25 17:04:44,354 - root - INFO - Inserted comment from the Iota subreddit
2018-05-25 17:04:44,355 - root - INFO - Inserted comment from the BlockChain subreddit
2018-05-25 17:04:44,355 - root - INFO - Inserted comment from the CryptoMarkets subreddit
2018-05-25 17:04:44,360 - root - INFO - Inserted comment from the CryptoMoonShots subreddit
2018-05-25 17:04:44,361 - root - INFO - Inserted comment from the CryptoMarkets subreddit
2018-05-25 17:04:44,361 - root - INFO - Inserted comment from the BlockChain subreddit
2018-05-25 17:04:44,362 - root - INFO - Inserted comment from the Iota subreddit
2018-05-25 17:04:44,366 - root - INFO - Inserted comment from the CryptoMoonShots subreddit
2018-05-25 17:04:44,366 - root - INFO - Inserted comment from the CryptoMarkets subreddit
2018-05-25 17:04:44,366 - root - INFO - Inserted comment from the BlockChain subreddit
2018-05-25 17:04:44,367 - root - INFO - Inserted comment from the Iota subreddit
2018-05-25 17:04:44,372 - root - INFO - Inserted comment from the CryptoMarkets subreddit
2018-05-25 17:04:44,372 - root - INFO - Inserted comment from the BlockChain subreddit
2018-05-25 17:04:44,372 - root - INFO - Inserted comment from the CryptoMoonShots subreddit
2018-05-25 17:04:44,372 - root - INFO - Inserted comment from the Iota subreddit
2018-05-25 17:04:44,376 - root - INFO - Inserted comment from the CryptoMarkets subreddit
2018-05-25 17:04:44,377 - root - INFO - Inserted comment from the BlockChain subreddit
2018-05-25 17:04:44,378 - root - INFO - Inserted comment from the Iota subreddit
2018-05-25 17:04:44,378 - root - INFO - Inserted comment from the CryptoMoonShots subreddit
2018-05-25 17:04:44,382 - root - INFO - Inserted comment from the CryptoMarkets subreddit
2018-05-25 17:04:44,384 - root - INFO - Inserted comment from the CryptoMoonShots subreddit
2018-05-25 17:04:44,384 - root - INFO - Inserted comment from the BlockChain subreddit
2018-05-25 17:04:44,385 - root - INFO - Inserted comment from the Iota subreddit
2018-05-25 17:04:44,390 - root - INFO - Inserted comment from the CryptoMarkets subreddit
2018-05-25 17:04:44,392 - root - INFO - Inserted comment from the CryptoMoonShots subreddit
2018-05-25 17:04:44,393 - root - INFO - Inserted comment from the BlockChain subreddit
2018-05-25 17:04:44,393 - root - INFO - Inserted comment from the Iota subreddit
2018-05-25 17:04:44,398 - root - INFO - Inserted comment from the CryptoMarkets subreddit
2018-05-25 17:04:44,403 - root - INFO - Inserted comment from the CryptoMoonShots subreddit
2018-05-25 17:04:44,405 - root - INFO - Inserted comment from the Iota subreddit
2018-05-25 17:04:44,405 - root - INFO - Inserted comment from the BlockChain subreddit
2018-05-25 17:04:44,405 - root - INFO - Inserted comment from the CryptoMarkets subreddit
2018-05-25 17:04:44,411 - root - INFO - Inserted comment from the CryptoMoonShots subreddit
2018-05-25 17:04:44,412 - root - INFO - Inserted comment from the Iota subreddit
2018-05-25 17:04:44,413 - root - INFO - Inserted comment from the CryptoMarkets subreddit
2018-05-25 17:04:44,414 - root - INFO - Inserted comment from the BlockChain subreddit
2018-05-25 17:04:44,421 - root - INFO - Inserted comment from the CryptoMoonShots subreddit
2018-05-25 17:04:44,421 - root - INFO - Inserted comment from the Iota subreddit
2018-05-25 17:04:44,421 - root - INFO - Inserted comment from the BlockChain subreddit
2018-05-25 17:04:44,422 - root - INFO - Inserted comment from the CryptoMarkets subreddit
2018-05-25 17:04:44,426 - root - INFO - Inserted comment from the Iota subreddit
2018-05-25 17:04:44,426 - root - INFO - Inserted comment from the CryptoMoonShots subreddit
2018-05-25 17:04:44,427 - root - INFO - Inserted comment from the CryptoMarkets subreddit
2018-05-25 17:04:44,427 - root - INFO - Inserted comment from the BlockChain subreddit
2018-05-25 17:04:44,431 - root - INFO - Inserted comment from the Iota subreddit
2018-05-25 17:04:44,432 - root - INFO - Inserted comment from the CryptoMoonShots subreddit
2018-05-25 17:04:44,432 - root - INFO - Inserted comment from the CryptoMarkets subreddit
2018-05-25 17:04:44,432 - root - INFO - Inserted comment from the BlockChain subreddit
2018-05-25 17:04:44,436 - root - INFO - Inserted comment from the Iota subreddit
2018-05-25 17:04:44,437 - root - INFO - Inserted comment from the CryptoMoonShots subreddit
2018-05-25 17:04:44,437 - root - INFO - Inserted comment from the CryptoMarkets subreddit
2018-05-25 17:04:44,438 - root - INFO - Inserted comment from the BlockChain subreddit
2018-05-25 17:04:44,442 - root - INFO - Inserted comment from the Iota subreddit
2018-05-25 17:04:44,444 - root - INFO - Inserted comment from the CryptoMoonShots subreddit
2018-05-25 17:04:44,444 - root - INFO - Inserted comment from the BlockChain subreddit
2018-05-25 17:04:44,444 - root - INFO - Inserted comment from the CryptoMarkets subreddit
2018-05-25 17:04:44,447 - root - INFO - Inserted comment from the Iota subreddit
2018-05-25 17:04:44,450 - root - INFO - Inserted comment from the CryptoMoonShots subreddit
2018-05-25 17:04:44,451 - root - INFO - Inserted comment from the BlockChain subreddit
2018-05-25 17:04:44,451 - root - INFO - Inserted comment from the CryptoMarkets subreddit
2018-05-25 17:04:44,452 - root - INFO - Inserted comment from the Iota subreddit
2018-05-25 17:04:44,456 - root - INFO - Inserted comment from the BlockChain subreddit
2018-05-25 17:04:44,457 - root - INFO - Inserted comment from the CryptoMoonShots subreddit
2018-05-25 17:04:44,457 - root - INFO - Inserted comment from the CryptoMarkets subreddit
2018-05-25 17:04:44,457 - root - INFO - Inserted comment from the Iota subreddit
2018-05-25 17:04:44,461 - root - INFO - Inserted comment from the BlockChain subreddit
2018-05-25 17:04:44,462 - root - INFO - Inserted comment from the CryptoMoonShots subreddit
2018-05-25 17:04:44,463 - root - INFO - Inserted comment from the CryptoMarkets subreddit
2018-05-25 17:04:44,463 - root - INFO - Inserted comment from the Iota subreddit
2018-05-25 17:04:44,468 - root - INFO - Inserted comment from the CryptoMoonShots subreddit
2018-05-25 17:04:44,468 - root - INFO - Inserted comment from the BlockChain subreddit
2018-05-25 17:04:44,468 - root - INFO - Inserted comment from the CryptoMarkets subreddit
2018-05-25 17:04:44,469 - root - INFO - Inserted comment from the Iota subreddit
2018-05-25 17:04:44,475 - root - INFO - Inserted comment from the CryptoMoonShots subreddit
2018-05-25 17:04:44,475 - root - INFO - Inserted comment from the BlockChain subreddit
2018-05-25 17:04:44,475 - root - INFO - Inserted comment from the Iota subreddit
2018-05-25 17:04:44,476 - root - INFO - Inserted comment from the CryptoMarkets subreddit
2018-05-25 17:04:44,480 - root - INFO - Inserted comment from the CryptoMoonShots subreddit
2018-05-25 17:04:44,480 - root - INFO - Inserted comment from the BlockChain subreddit
2018-05-25 17:04:44,482 - root - INFO - Inserted comment from the Iota subreddit
2018-05-25 17:04:44,482 - root - INFO - Inserted comment from the CryptoMarkets subreddit
2018-05-25 17:04:44,485 - root - INFO - Inserted comment from the CryptoMoonShots subreddit
2018-05-25 17:04:44,485 - root - INFO - Inserted comment from the BlockChain subreddit
2018-05-25 17:04:44,487 - root - INFO - Inserted comment from the Iota subreddit
2018-05-25 17:04:44,487 - root - INFO - Inserted comment from the CryptoMarkets subreddit
2018-05-25 17:04:44,490 - root - INFO - Inserted comment from the BlockChain subreddit
2018-05-25 17:04:44,490 - root - INFO - Inserted comment from the CryptoMoonShots subreddit
2018-05-25 17:04:44,492 - root - INFO - Inserted comment from the Iota subreddit
2018-05-25 17:04:44,492 - root - INFO - Inserted comment from the CryptoMarkets subreddit
2018-05-25 17:04:44,494 - root - INFO - Inserted comment from the BlockChain subreddit
2018-05-25 17:04:44,495 - root - INFO - Inserted comment from the CryptoMoonShots subreddit
2018-05-25 17:04:44,496 - root - INFO - Inserted comment from the CryptoMarkets subreddit
2018-05-25 17:04:44,496 - root - INFO - Inserted comment from the Iota subreddit
2018-05-25 17:04:44,499 - root - INFO - Inserted comment from the BlockChain subreddit
2018-05-25 17:04:44,499 - root - INFO - Inserted comment from the CryptoMoonShots subreddit
2018-05-25 17:04:44,502 - root - INFO - Inserted comment from the CryptoMarkets subreddit
2018-05-25 17:04:44,502 - root - INFO - Inserted comment from the Iota subreddit
2018-05-25 17:04:44,504 - root - INFO - Inserted comment from the BlockChain subreddit
2018-05-25 17:04:44,504 - root - INFO - Inserted comment from the CryptoMoonShots subreddit
2018-05-25 17:04:44,507 - root - INFO - Inserted comment from the CryptoMarkets subreddit
2018-05-25 17:04:44,508 - root - INFO - Inserted comment from the Iota subreddit
2018-05-25 17:04:44,509 - root - INFO - Inserted comment from the BlockChain subreddit
2018-05-25 17:04:44,509 - root - INFO - Inserted comment from the CryptoMoonShots subreddit
2018-05-25 17:04:44,513 - root - INFO - Inserted comment from the CryptoMarkets subreddit
2018-05-25 17:04:44,514 - root - INFO - Inserted comment from the Iota subreddit
2018-05-25 17:04:44,515 - root - INFO - Inserted comment from the BlockChain subreddit
2018-05-25 17:04:44,515 - root - INFO - Inserted comment from the CryptoMoonShots subreddit
2018-05-25 17:04:44,519 - root - INFO - Inserted comment from the CryptoMarkets subreddit
2018-05-25 17:04:44,520 - root - INFO - Inserted comment from the BlockChain subreddit
2018-05-25 17:04:44,520 - root - INFO - Inserted comment from the Iota subreddit
2018-05-25 17:04:44,521 - root - INFO - Inserted comment from the CryptoMoonShots subreddit
2018-05-25 17:04:44,525 - root - INFO - Inserted comment from the Iota subreddit
2018-05-25 17:04:44,526 - root - INFO - Inserted comment from the CryptoMarkets subreddit
2018-05-25 17:04:44,526 - root - INFO - Inserted comment from the CryptoMoonShots subreddit
2018-05-25 17:04:44,526 - root - INFO - Inserted comment from the BlockChain subreddit
2018-05-25 17:04:44,531 - root - INFO - Inserted comment from the Iota subreddit
2018-05-25 17:04:44,531 - root - INFO - Inserted comment from the CryptoMarkets subreddit
2018-05-25 17:04:44,531 - root - INFO - Inserted comment from the CryptoMoonShots subreddit
2018-05-25 17:04:44,532 - root - INFO - Inserted comment from the BlockChain subreddit
2018-05-25 17:04:44,536 - root - INFO - Inserted comment from the Iota subreddit
2018-05-25 17:04:44,536 - root - INFO - Inserted comment from the CryptoMarkets subreddit
2018-05-25 17:04:44,537 - root - INFO - Inserted comment from the BlockChain subreddit
2018-05-25 17:04:44,537 - root - INFO - Inserted comment from the CryptoMoonShots subreddit
2018-05-25 17:04:44,542 - root - INFO - Inserted comment from the Iota subreddit
2018-05-25 17:04:44,542 - root - INFO - Inserted comment from the CryptoMarkets subreddit
2018-05-25 17:04:44,542 - root - INFO - Inserted comment from the BlockChain subreddit
2018-05-25 17:04:44,542 - root - INFO - Inserted comment from the CryptoMoonShots subreddit
2018-05-25 17:04:44,547 - root - INFO - Inserted comment from the CryptoMarkets subreddit
2018-05-25 17:04:44,547 - root - INFO - Inserted comment from the Iota subreddit
2018-05-25 17:04:44,548 - root - INFO - Inserted comment from the BlockChain subreddit
2018-05-25 17:04:44,548 - root - INFO - Inserted comment from the CryptoMoonShots subreddit
2018-05-25 17:04:44,553 - root - INFO - Inserted comment from the Iota subreddit
2018-05-25 17:04:44,553 - root - INFO - Inserted comment from the CryptoMoonShots subreddit
2018-05-25 17:04:44,553 - root - INFO - Inserted comment from the BlockChain subreddit
2018-05-25 17:04:44,554 - root - INFO - Inserted comment from the CryptoMarkets subreddit
2018-05-25 17:04:44,558 - root - INFO - Inserted comment from the Iota subreddit
2018-05-25 17:04:44,558 - root - INFO - Inserted comment from the CryptoMoonShots subreddit
2018-05-25 17:04:44,560 - root - INFO - Inserted comment from the CryptoMarkets subreddit
2018-05-25 17:04:44,560 - root - INFO - Inserted comment from the BlockChain subreddit
2018-05-25 17:04:44,563 - root - INFO - Inserted comment from the Iota subreddit
2018-05-25 17:04:44,564 - root - INFO - Inserted comment from the CryptoMoonShots subreddit
2018-05-25 17:04:44,565 - root - INFO - Inserted comment from the CryptoMarkets subreddit
2018-05-25 17:04:44,566 - root - INFO - Inserted comment from the BlockChain subreddit
2018-05-25 17:04:44,569 - root - INFO - Inserted comment from the CryptoMoonShots subreddit
2018-05-25 17:04:44,569 - root - INFO - Inserted comment from the Iota subreddit
2018-05-25 17:04:44,571 - root - INFO - Inserted comment from the CryptoMarkets subreddit
2018-05-25 17:04:44,571 - root - INFO - Inserted comment from the BlockChain subreddit
2018-05-25 17:04:44,573 - root - INFO - Inserted comment from the CryptoMoonShots subreddit
2018-05-25 17:04:44,574 - root - INFO - Inserted comment from the Iota subreddit
2018-05-25 17:04:44,575 - root - INFO - Inserted comment from the CryptoMarkets subreddit
2018-05-25 17:04:44,576 - root - INFO - Inserted comment from the BlockChain subreddit
2018-05-25 17:04:44,578 - root - INFO - Inserted comment from the CryptoMoonShots subreddit
2018-05-25 17:04:44,580 - root - INFO - Inserted comment from the Iota subreddit
2018-05-25 17:04:44,581 - root - INFO - Inserted comment from the BlockChain subreddit
2018-05-25 17:04:44,581 - root - INFO - Inserted comment from the CryptoMarkets subreddit
2018-05-25 17:04:44,583 - root - INFO - Inserted comment from the CryptoMoonShots subreddit
2018-05-25 17:04:44,585 - root - INFO - Inserted comment from the BlockChain subreddit
2018-05-25 17:04:44,586 - root - INFO - Inserted comment from the Iota subreddit
2018-05-25 17:04:44,586 - root - INFO - Inserted comment from the CryptoMarkets subreddit
2018-05-25 17:04:44,588 - root - INFO - Inserted comment from the CryptoMoonShots subreddit
2018-05-25 17:04:44,590 - root - INFO - Inserted comment from the BlockChain subreddit
2018-05-25 17:04:44,590 - root - INFO - Inserted comment from the Iota subreddit
2018-05-25 17:04:44,591 - root - INFO - Inserted comment from the CryptoMarkets subreddit
2018-05-25 17:04:44,592 - root - INFO - Inserted comment from the CryptoMoonShots subreddit
2018-05-25 17:04:44,597 - root - INFO - Inserted comment from the BlockChain subreddit
2018-05-25 17:04:44,597 - root - INFO - Inserted comment from the Iota subreddit
2018-05-25 17:04:44,597 - root - INFO - Inserted comment from the CryptoMarkets subreddit
2018-05-25 17:04:44,598 - root - INFO - Inserted comment from the CryptoMoonShots subreddit
2018-05-25 17:04:44,609 - root - INFO - Inserted comment from the BlockChain subreddit
2018-05-25 17:04:44,609 - root - INFO - Inserted comment from the CryptoMoonShots subreddit
2018-05-25 17:04:44,610 - root - INFO - Inserted comment from the CryptoMarkets subreddit
2018-05-25 17:04:44,615 - root - INFO - Inserted comment from the BlockChain subreddit
2018-05-25 17:04:44,615 - root - INFO - Inserted comment from the Iota subreddit
2018-05-25 17:04:44,615 - root - INFO - Inserted comment from the CryptoMoonShots subreddit
2018-05-25 17:04:44,631 - root - INFO - Inserted comment from the CryptoMarkets subreddit
2018-05-25 17:04:44,631 - root - INFO - Inserted comment from the btc subreddit
2018-05-25 17:04:44,631 - root - INFO - Inserted comment from the Iota subreddit
2018-05-25 17:04:44,635 - root - INFO - Inserted comment from the CryptoMoonShots subreddit
2018-05-25 17:04:44,635 - root - INFO - Inserted comment from the BlockChain subreddit
2018-05-25 17:04:44,635 - root - INFO - Inserted comment from the CryptoMarkets subreddit
2018-05-25 17:04:44,636 - root - INFO - Inserted comment from the Iota subreddit
2018-05-25 17:04:44,636 - root - INFO - Inserted comment from the btc subreddit
2018-05-25 17:04:44,641 - root - INFO - Inserted comment from the CryptoMoonShots subreddit
2018-05-25 17:04:44,642 - root - INFO - Inserted comment from the CryptoMarkets subreddit
2018-05-25 17:04:44,643 - root - INFO - Inserted comment from the BlockChain subreddit
2018-05-25 17:04:44,643 - root - INFO - Inserted comment from the Iota subreddit
2018-05-25 17:04:44,643 - root - INFO - Inserted comment from the btc subreddit
2018-05-25 17:04:44,643 - root - INFO - Inserted comment from the ethtrader subreddit
2018-05-25 17:04:44,648 - root - INFO - Inserted comment from the CryptoMoonShots subreddit
2018-05-25 17:04:44,648 - root - INFO - Inserted comment from the CryptoMarkets subreddit
2018-05-25 17:04:44,648 - root - INFO - Inserted comment from the BlockChain subreddit
2018-05-25 17:04:44,648 - root - INFO - Inserted comment from the Iota subreddit
2018-05-25 17:04:44,648 - root - INFO - Inserted comment from the btc subreddit
2018-05-25 17:04:44,649 - root - INFO - Inserted comment from the ethtrader subreddit
2018-05-25 17:04:44,654 - root - INFO - Inserted comment from the CryptoMarkets subreddit
2018-05-25 17:04:44,654 - root - INFO - Inserted comment from the BlockChain subreddit
2018-05-25 17:04:44,654 - root - INFO - Inserted comment from the CryptoMoonShots subreddit
2018-05-25 17:04:44,654 - root - INFO - Inserted comment from the Iota subreddit
2018-05-25 17:04:44,655 - root - INFO - Inserted comment from the btc subreddit
2018-05-25 17:04:44,655 - root - INFO - Inserted comment from the ethtrader subreddit
2018-05-25 17:04:44,660 - root - INFO - Inserted comment from the CryptoMarkets subreddit
2018-05-25 17:04:44,660 - root - INFO - Inserted comment from the CryptoMoonShots subreddit
2018-05-25 17:04:44,661 - root - INFO - Inserted comment from the BlockChain subreddit
2018-05-25 17:04:44,661 - root - INFO - Inserted comment from the Iota subreddit
2018-05-25 17:04:44,661 - root - INFO - Inserted comment from the btc subreddit
2018-05-25 17:04:44,662 - root - INFO - Inserted comment from the ethtrader subreddit
2018-05-25 17:04:44,666 - root - INFO - Inserted comment from the CryptoMarkets subreddit
2018-05-25 17:04:44,666 - root - INFO - Inserted comment from the CryptoMoonShots subreddit
2018-05-25 17:04:44,667 - root - INFO - Inserted comment from the BlockChain subreddit
2018-05-25 17:04:44,667 - root - INFO - Inserted comment from the Iota subreddit
2018-05-25 17:04:44,668 - root - INFO - Inserted comment from the btc subreddit
2018-05-25 17:04:44,668 - root - INFO - Inserted comment from the ethtrader subreddit
2018-05-25 17:04:44,673 - root - INFO - Inserted comment from the CryptoMoonShots subreddit
2018-05-25 17:04:44,673 - root - INFO - Inserted comment from the CryptoMarkets subreddit
2018-05-25 17:04:44,674 - root - INFO - Inserted comment from the btc subreddit
2018-05-25 17:04:44,674 - root - INFO - Inserted comment from the Iota subreddit
2018-05-25 17:04:44,675 - root - INFO - Inserted comment from the ethtrader subreddit
2018-05-25 17:04:44,675 - root - INFO - Inserted comment from the BlockChain subreddit
2018-05-25 17:04:44,680 - root - INFO - Inserted comment from the CryptoMarkets subreddit
2018-05-25 17:04:44,681 - root - INFO - Inserted comment from the CryptoMoonShots subreddit
2018-05-25 17:04:44,681 - root - INFO - Inserted comment from the btc subreddit
2018-05-25 17:04:44,681 - root - INFO - Inserted comment from the BlockChain subreddit
2018-05-25 17:04:44,682 - root - INFO - Inserted comment from the ethtrader subreddit
2018-05-25 17:04:44,682 - root - INFO - Inserted comment from the Iota subreddit
2018-05-25 17:04:44,686 - root - INFO - Inserted comment from the CryptoMarkets subreddit
2018-05-25 17:04:44,686 - root - INFO - Inserted comment from the CryptoMoonShots subreddit
2018-05-25 17:04:44,686 - root - INFO - Inserted comment from the btc subreddit
2018-05-25 17:04:44,687 - root - INFO - Inserted comment from the BlockChain subreddit
2018-05-25 17:04:44,688 - root - INFO - Inserted comment from the ethtrader subreddit
2018-05-25 17:04:44,688 - root - INFO - Inserted comment from the Iota subreddit
2018-05-25 17:04:44,693 - root - INFO - Inserted comment from the CryptoMoonShots subreddit
2018-05-25 17:04:44,693 - root - INFO - Inserted comment from the btc subreddit
2018-05-25 17:04:44,693 - root - INFO - Inserted comment from the BlockChain subreddit
2018-05-25 17:04:44,693 - root - INFO - Inserted comment from the ethtrader subreddit
2018-05-25 17:04:44,694 - root - INFO - Inserted comment from the CryptoMarkets subreddit
2018-05-25 17:04:44,694 - root - INFO - Inserted comment from the Iota subreddit
2018-05-25 17:04:44,698 - root - INFO - Inserted comment from the CryptoMoonShots subreddit
2018-05-25 17:04:44,699 - root - INFO - Inserted comment from the btc subreddit
2018-05-25 17:04:44,699 - root - INFO - Inserted comment from the BlockChain subreddit
2018-05-25 17:04:44,699 - root - INFO - Inserted comment from the ethtrader subreddit
2018-05-25 17:04:44,702 - root - INFO - Inserted comment from the CryptoMarkets subreddit
2018-05-25 17:04:44,703 - root - INFO - Inserted comment from the Iota subreddit
2018-05-25 17:04:44,709 - root - INFO - Inserted comment from the CryptoMoonShots subreddit
2018-05-25 17:04:44,709 - root - INFO - Inserted comment from the btc subreddit
2018-05-25 17:04:44,709 - root - INFO - Inserted comment from the Iota subreddit
2018-05-25 17:04:44,709 - root - INFO - Inserted comment from the CryptoMarkets subreddit
2018-05-25 17:04:44,709 - root - INFO - Inserted comment from the ethtrader subreddit
2018-05-25 17:04:44,709 - root - INFO - Inserted comment from the BlockChain subreddit
2018-05-25 17:04:44,714 - root - INFO - Inserted comment from the btc subreddit
2018-05-25 17:04:44,714 - root - INFO - Inserted comment from the Iota subreddit
2018-05-25 17:04:44,715 - root - INFO - Inserted comment from the CryptoMarkets subreddit
2018-05-25 17:04:44,715 - root - INFO - Inserted comment from the ethtrader subreddit
2018-05-25 17:04:44,715 - root - INFO - Inserted comment from the CryptoMoonShots subreddit
2018-05-25 17:04:44,715 - root - INFO - Inserted comment from the BlockChain subreddit
2018-05-25 17:04:44,720 - root - INFO - Inserted comment from the btc subreddit
2018-05-25 17:04:44,720 - root - INFO - Inserted comment from the Iota subreddit
2018-05-25 17:04:44,721 - root - INFO - Inserted comment from the CryptoMarkets subreddit
2018-05-25 17:04:44,722 - root - INFO - Inserted comment from the ethtrader subreddit
2018-05-25 17:04:44,723 - root - INFO - Inserted comment from the BlockChain subreddit
2018-05-25 17:04:44,724 - root - INFO - Inserted comment from the CryptoMoonShots subreddit
2018-05-25 17:04:44,725 - root - INFO - Inserted comment from the Iota subreddit
2018-05-25 17:04:44,726 - root - INFO - Inserted comment from the btc subreddit
2018-05-25 17:04:44,731 - root - INFO - Inserted comment from the BlockChain subreddit
2018-05-25 17:04:44,731 - root - INFO - Inserted comment from the CryptoMarkets subreddit
2018-05-25 17:04:44,732 - root - INFO - Inserted comment from the ethtrader subreddit
2018-05-25 17:04:44,732 - root - INFO - Inserted comment from the CryptoMoonShots subreddit
2018-05-25 17:04:44,732 - root - INFO - Inserted comment from the btc subreddit
2018-05-25 17:04:44,732 - root - INFO - Inserted comment from the Iota subreddit
2018-05-25 17:04:44,737 - root - INFO - Inserted comment from the CryptoMarkets subreddit
2018-05-25 17:04:44,737 - root - INFO - Inserted comment from the ethtrader subreddit
2018-05-25 17:04:44,738 - root - INFO - Inserted comment from the BlockChain subreddit
2018-05-25 17:04:44,738 - root - INFO - Inserted comment from the Iota subreddit
2018-05-25 17:04:44,738 - root - INFO - Inserted comment from the btc subreddit
2018-05-25 17:04:44,738 - root - INFO - Inserted comment from the CryptoMoonShots subreddit
2018-05-25 17:04:44,743 - root - INFO - Inserted comment from the ethtrader subreddit
2018-05-25 17:04:44,744 - root - INFO - Inserted comment from the BlockChain subreddit
2018-05-25 17:04:44,744 - root - INFO - Inserted comment from the Iota subreddit
2018-05-25 17:04:44,744 - root - INFO - Inserted comment from the CryptoMoonShots subreddit
2018-05-25 17:04:44,744 - root - INFO - Inserted comment from the btc subreddit
2018-05-25 17:04:44,744 - root - INFO - Inserted comment from the CryptoMarkets subreddit
2018-05-25 17:04:44,748 - root - INFO - Inserted comment from the ethtrader subreddit
2018-05-25 17:04:44,749 - root - INFO - Inserted comment from the BlockChain subreddit
2018-05-25 17:04:44,750 - root - INFO - Inserted comment from the Iota subreddit
2018-05-25 17:04:44,750 - root - INFO - Inserted comment from the btc subreddit
2018-05-25 17:04:44,751 - root - INFO - Inserted comment from the CryptoMoonShots subreddit
2018-05-25 17:04:44,752 - root - INFO - Inserted comment from the CryptoMarkets subreddit
2018-05-25 17:04:44,754 - root - INFO - Inserted comment from the ethtrader subreddit
2018-05-25 17:04:44,754 - root - INFO - Inserted comment from the BlockChain subreddit
2018-05-25 17:04:44,755 - root - INFO - Inserted comment from the Iota subreddit
2018-05-25 17:04:44,756 - root - INFO - Inserted comment from the btc subreddit
2018-05-25 17:04:44,756 - root - INFO - Inserted comment from the CryptoMoonShots subreddit
2018-05-25 17:04:44,760 - root - INFO - Inserted comment from the ethtrader subreddit
2018-05-25 17:04:44,760 - root - INFO - Inserted comment from the BlockChain subreddit
2018-05-25 17:04:44,762 - root - INFO - Inserted comment from the btc subreddit
2018-05-25 17:04:44,762 - root - INFO - Inserted comment from the Iota subreddit
2018-05-25 17:04:44,762 - root - INFO - Inserted comment from the CryptoMoonShots subreddit
2018-05-25 17:04:44,767 - root - INFO - Inserted comment from the ethtrader subreddit
2018-05-25 17:04:44,768 - root - INFO - Inserted comment from the btc subreddit
2018-05-25 17:04:44,768 - root - INFO - Inserted comment from the BlockChain subreddit
2018-05-25 17:04:44,768 - root - INFO - Inserted comment from the Iota subreddit
2018-05-25 17:04:44,768 - root - INFO - Inserted comment from the CryptoMoonShots subreddit
2018-05-25 17:04:44,774 - root - INFO - Inserted comment from the ethtrader subreddit
2018-05-25 17:04:44,774 - root - INFO - Inserted comment from the Iota subreddit
2018-05-25 17:04:44,774 - root - INFO - Inserted comment from the BlockChain subreddit
2018-05-25 17:04:44,775 - root - INFO - Inserted comment from the CryptoMoonShots subreddit
2018-05-25 17:04:44,776 - root - INFO - Inserted comment from the btc subreddit
2018-05-25 17:04:44,779 - root - INFO - Inserted comment from the ethtrader subreddit
2018-05-25 17:04:44,781 - root - INFO - Inserted comment from the Iota subreddit
2018-05-25 17:04:44,781 - root - INFO - Inserted comment from the BlockChain subreddit
2018-05-25 17:04:44,781 - root - INFO - Inserted comment from the btc subreddit
2018-05-25 17:04:44,781 - root - INFO - Inserted comment from the CryptoMoonShots subreddit
2018-05-25 17:04:44,785 - root - INFO - Inserted comment from the ethtrader subreddit
2018-05-25 17:04:44,786 - root - INFO - Inserted comment from the Iota subreddit
2018-05-25 17:04:44,787 - root - INFO - Inserted comment from the BlockChain subreddit
2018-05-25 17:04:44,787 - root - INFO - Inserted comment from the btc subreddit
2018-05-25 17:04:44,787 - root - INFO - Inserted comment from the CryptoMoonShots subreddit
2018-05-25 17:04:44,792 - root - INFO - Inserted comment from the ethtrader subreddit
2018-05-25 17:04:44,792 - root - INFO - Inserted comment from the Iota subreddit
2018-05-25 17:04:44,793 - root - INFO - Inserted comment from the btc subreddit
2018-05-25 17:04:44,793 - root - INFO - Inserted comment from the CryptoMoonShots subreddit
2018-05-25 17:04:44,794 - root - INFO - Inserted comment from the BlockChain subreddit
2018-05-25 17:04:44,798 - root - INFO - Inserted comment from the ethtrader subreddit
2018-05-25 17:04:44,798 - root - INFO - Inserted comment from the Iota subreddit
2018-05-25 17:04:44,798 - root - INFO - Inserted comment from the btc subreddit
2018-05-25 17:04:44,799 - root - INFO - Inserted comment from the CryptoMoonShots subreddit
2018-05-25 17:04:44,800 - root - INFO - Inserted comment from the BlockChain subreddit
2018-05-25 17:04:44,804 - root - INFO - Inserted comment from the btc subreddit
2018-05-25 17:04:44,804 - root - INFO - Inserted comment from the Iota subreddit
2018-05-25 17:04:44,806 - root - INFO - Inserted comment from the ethtrader subreddit
2018-05-25 17:04:44,807 - root - INFO - Inserted comment from the CryptoMoonShots subreddit
2018-05-25 17:04:44,807 - root - INFO - Inserted comment from the BlockChain subreddit
2018-05-25 17:04:44,810 - root - INFO - Inserted comment from the btc subreddit
2018-05-25 17:04:44,810 - root - INFO - Inserted comment from the Iota subreddit
2018-05-25 17:04:44,812 - root - INFO - Inserted comment from the ethtrader subreddit
2018-05-25 17:04:44,812 - root - INFO - Inserted comment from the CryptoMoonShots subreddit
2018-05-25 17:04:44,812 - root - INFO - Inserted comment from the BlockChain subreddit
2018-05-25 17:04:44,816 - root - INFO - Inserted comment from the btc subreddit
2018-05-25 17:04:44,817 - root - INFO - Inserted comment from the Iota subreddit
2018-05-25 17:04:44,818 - root - INFO - Inserted comment from the BlockChain subreddit
2018-05-25 17:04:44,818 - root - INFO - Inserted comment from the ethtrader subreddit
2018-05-25 17:04:44,818 - root - INFO - Inserted comment from the CryptoMoonShots subreddit
2018-05-25 17:04:44,820 - root - INFO - Inserted comment from the btc subreddit
2018-05-25 17:04:44,822 - root - INFO - Inserted comment from the Iota subreddit
2018-05-25 17:04:44,822 - root - INFO - Inserted comment from the BlockChain subreddit
2018-05-25 17:04:44,823 - root - INFO - Inserted comment from the ethtrader subreddit
2018-05-25 17:04:44,823 - root - INFO - Inserted comment from the CryptoMoonShots subreddit
2018-05-25 17:04:44,826 - root - INFO - Inserted comment from the btc subreddit
2018-05-25 17:04:44,828 - root - INFO - Inserted comment from the Iota subreddit
2018-05-25 17:04:44,828 - root - INFO - Inserted comment from the BlockChain subreddit
2018-05-25 17:04:44,828 - root - INFO - Inserted comment from the ethtrader subreddit
2018-05-25 17:04:44,829 - root - INFO - Inserted comment from the CryptoMoonShots subreddit
2018-05-25 17:04:44,830 - root - INFO - Inserted comment from the btc subreddit
2018-05-25 17:04:44,833 - root - INFO - Inserted comment from the Iota subreddit
2018-05-25 17:04:44,834 - root - INFO - Inserted comment from the CryptoMoonShots subreddit
2018-05-25 17:04:44,835 - root - INFO - Inserted comment from the btc subreddit
2018-05-25 17:04:44,836 - root - INFO - Inserted comment from the ethtrader subreddit
2018-05-25 17:04:44,836 - root - INFO - Inserted comment from the BlockChain subreddit
2018-05-25 17:04:44,839 - root - INFO - Inserted comment from the Iota subreddit
2018-05-25 17:04:44,840 - root - INFO - Inserted comment from the CryptoMoonShots subreddit
2018-05-25 17:04:44,841 - root - INFO - Inserted comment from the btc subreddit
2018-05-25 17:04:44,841 - root - INFO - Inserted comment from the ethtrader subreddit
2018-05-25 17:04:44,842 - root - INFO - Inserted comment from the BlockChain subreddit
2018-05-25 17:04:44,843 - root - INFO - Inserted comment from the Iota subreddit
2018-05-25 17:04:44,846 - root - INFO - Inserted comment from the CryptoMoonShots subreddit
2018-05-25 17:04:44,846 - root - INFO - Inserted comment from the btc subreddit
2018-05-25 17:04:44,848 - root - INFO - Inserted comment from the ethtrader subreddit
2018-05-25 17:04:44,848 - root - INFO - Inserted comment from the BlockChain subreddit
2018-05-25 17:04:44,849 - root - INFO - Inserted comment from the Iota subreddit
2018-05-25 17:04:44,852 - root - INFO - Inserted comment from the CryptoMoonShots subreddit
2018-05-25 17:04:44,852 - root - INFO - Inserted comment from the btc subreddit
2018-05-25 17:04:44,853 - root - INFO - Inserted comment from the ethtrader subreddit
2018-05-25 17:04:44,853 - root - INFO - Inserted comment from the BlockChain subreddit
2018-05-25 17:04:44,855 - root - INFO - Inserted comment from the Iota subreddit
2018-05-25 17:04:44,858 - root - INFO - Inserted comment from the CryptoMoonShots subreddit
2018-05-25 17:04:44,858 - root - INFO - Inserted comment from the btc subreddit
2018-05-25 17:04:44,859 - root - INFO - Inserted comment from the ethtrader subreddit
2018-05-25 17:04:44,859 - root - INFO - Inserted comment from the BlockChain subreddit
2018-05-25 17:04:44,859 - root - INFO - Inserted comment from the Iota subreddit
2018-05-25 17:04:44,863 - root - INFO - Inserted comment from the CryptoMoonShots subreddit
2018-05-25 17:04:44,864 - root - INFO - Inserted comment from the btc subreddit
2018-05-25 17:04:44,864 - root - INFO - Inserted comment from the ethtrader subreddit
2018-05-25 17:04:44,864 - root - INFO - Inserted comment from the BlockChain subreddit
2018-05-25 17:04:44,865 - root - INFO - Inserted comment from the Iota subreddit
2018-05-25 17:04:44,870 - root - INFO - Inserted comment from the CryptoMoonShots subreddit
2018-05-25 17:04:44,870 - root - INFO - Inserted comment from the ethtrader subreddit
2018-05-25 17:04:44,870 - root - INFO - Inserted comment from the btc subreddit
2018-05-25 17:04:44,872 - root - INFO - Inserted comment from the Iota subreddit
2018-05-25 17:04:44,872 - root - INFO - Inserted comment from the BlockChain subreddit
2018-05-25 17:04:44,876 - root - INFO - Inserted comment from the CryptoMoonShots subreddit
2018-05-25 17:04:44,876 - root - INFO - Inserted comment from the ethtrader subreddit
2018-05-25 17:04:44,877 - root - INFO - Inserted comment from the btc subreddit
2018-05-25 17:04:44,878 - root - INFO - Inserted comment from the Iota subreddit
2018-05-25 17:04:44,878 - root - INFO - Inserted comment from the BlockChain subreddit
2018-05-25 17:04:44,880 - root - INFO - Inserted comment from the CryptoMoonShots subreddit
2018-05-25 17:04:44,882 - root - INFO - Inserted comment from the ethtrader subreddit
2018-05-25 17:04:44,882 - root - INFO - Inserted comment from the btc subreddit
2018-05-25 17:04:44,882 - root - INFO - Inserted comment from the Iota subreddit
2018-05-25 17:04:44,883 - root - INFO - Inserted comment from the BlockChain subreddit
2018-05-25 17:04:44,885 - root - INFO - Inserted comment from the CryptoMoonShots subreddit
2018-05-25 17:04:44,887 - root - INFO - Inserted comment from the ethtrader subreddit
2018-05-25 17:04:44,887 - root - INFO - Inserted comment from the btc subreddit
2018-05-25 17:04:44,888 - root - INFO - Inserted comment from the Iota subreddit
2018-05-25 17:04:44,889 - root - INFO - Inserted comment from the BlockChain subreddit
2018-05-25 17:04:44,890 - root - INFO - Inserted comment from the CryptoMoonShots subreddit
2018-05-25 17:04:44,892 - root - INFO - Inserted comment from the ethtrader subreddit
2018-05-25 17:04:44,893 - root - INFO - Inserted comment from the btc subreddit
2018-05-25 17:04:44,894 - root - INFO - Inserted comment from the Iota subreddit
2018-05-25 17:04:44,894 - root - INFO - Inserted comment from the BlockChain subreddit
2018-05-25 17:04:44,896 - root - INFO - Inserted comment from the ethtrader subreddit
2018-05-25 17:04:44,896 - root - INFO - Inserted comment from the CryptoMoonShots subreddit
2018-05-25 17:04:44,898 - root - INFO - Inserted comment from the btc subreddit
2018-05-25 17:04:44,899 - root - INFO - Inserted comment from the Iota subreddit
2018-05-25 17:04:44,899 - root - INFO - Inserted comment from the BlockChain subreddit
2018-05-25 17:04:44,936 - root - INFO - Inserted comment from the ethtrader subreddit
2018-05-25 17:04:44,937 - root - INFO - Inserted comment from the btc subreddit
2018-05-25 17:04:44,944 - root - INFO - Inserted comment from the Iota subreddit
2018-05-25 17:04:44,945 - root - INFO - Inserted comment from the BlockChain subreddit
2018-05-25 17:04:44,945 - root - INFO - Inserted comment from the btc subreddit
2018-05-25 17:04:44,945 - root - INFO - Inserted comment from the ethtrader subreddit
2018-05-25 17:04:44,949 - root - INFO - Inserted comment from the BlockChain subreddit
2018-05-25 17:04:44,950 - root - INFO - Inserted comment from the btc subreddit
2018-05-25 17:04:44,950 - root - INFO - Inserted comment from the ethtrader subreddit
2018-05-25 17:04:44,950 - root - INFO - Inserted comment from the Iota subreddit
2018-05-25 17:04:44,955 - root - INFO - Inserted comment from the BlockChain subreddit
2018-05-25 17:04:44,956 - root - INFO - Inserted comment from the ethtrader subreddit
2018-05-25 17:04:44,956 - root - INFO - Inserted comment from the btc subreddit
2018-05-25 17:04:44,956 - root - INFO - Inserted comment from the Iota subreddit
2018-05-25 17:04:44,961 - root - INFO - Inserted comment from the ethtrader subreddit
2018-05-25 17:04:44,962 - root - INFO - Inserted comment from the btc subreddit
2018-05-25 17:04:44,962 - root - INFO - Inserted comment from the BlockChain subreddit
2018-05-25 17:04:44,963 - root - INFO - Inserted comment from the Iota subreddit
2018-05-25 17:04:44,966 - root - INFO - Inserted comment from the ethtrader subreddit
2018-05-25 17:04:44,967 - root - INFO - Inserted comment from the btc subreddit
2018-05-25 17:04:44,968 - root - INFO - Inserted comment from the BlockChain subreddit
2018-05-25 17:04:44,968 - root - INFO - Inserted comment from the Iota subreddit
2018-05-25 17:04:44,972 - root - INFO - Inserted comment from the ethtrader subreddit
2018-05-25 17:04:44,973 - root - INFO - Inserted comment from the btc subreddit
2018-05-25 17:04:44,973 - root - INFO - Inserted comment from the BlockChain subreddit
2018-05-25 17:04:44,977 - root - INFO - Inserted comment from the ethtrader subreddit
2018-05-25 17:04:44,979 - root - INFO - Inserted comment from the btc subreddit
2018-05-25 17:04:44,980 - root - INFO - Inserted comment from the BlockChain subreddit
2018-05-25 17:04:44,982 - root - INFO - Inserted comment from the ethtrader subreddit
2018-05-25 17:04:44,984 - root - INFO - Inserted comment from the btc subreddit
2018-05-25 17:04:44,984 - root - INFO - Inserted comment from the BlockChain subreddit
2018-05-25 17:04:44,986 - root - INFO - Inserted comment from the ethtrader subreddit
2018-05-25 17:04:44,990 - root - INFO - Inserted comment from the btc subreddit
2018-05-25 17:04:44,990 - root - INFO - Inserted comment from the BlockChain subreddit
2018-05-25 17:04:44,991 - root - INFO - Inserted comment from the ethtrader subreddit
2018-05-25 17:04:44,995 - root - INFO - Inserted comment from the btc subreddit
2018-05-25 17:04:44,996 - root - INFO - Inserted comment from the ethtrader subreddit
2018-05-25 17:04:45,001 - root - INFO - Inserted comment from the btc subreddit
2018-05-25 17:04:45,002 - root - INFO - Inserted comment from the ethtrader subreddit
2018-05-25 17:04:45,005 - root - INFO - Inserted comment from the btc subreddit
2018-05-25 17:04:45,007 - root - INFO - Inserted comment from the ethtrader subreddit
2018-05-25 17:04:45,015 - root - INFO - Inserted comment from the ethtrader subreddit
2018-05-25 17:04:45,016 - root - INFO - Inserted comment from the btc subreddit
2018-05-25 17:04:45,075 - root - INFO - Inserted comment from the btc subreddit
2018-05-25 17:04:45,121 - root - INFO - Inserted comment from the ethtrader subreddit
2018-05-25 17:04:45,132 - root - INFO - Inserted comment from the btc subreddit
2018-05-25 17:04:45,144 - root - INFO - Inserted comment from the btc subreddit
2018-05-25 17:04:45,144 - root - INFO - Inserted comment from the ethtrader subreddit
2018-05-25 17:04:45,149 - root - INFO - Inserted comment from the btc subreddit
2018-05-25 17:04:45,149 - root - INFO - Inserted comment from the ethtrader subreddit
2018-05-25 17:04:45,153 - root - INFO - Inserted comment from the btc subreddit
2018-05-25 17:04:45,154 - root - INFO - Inserted comment from the ethtrader subreddit
2018-05-25 17:04:45,158 - root - INFO - Inserted comment from the btc subreddit
2018-05-25 17:04:45,159 - root - INFO - Inserted comment from the ethtrader subreddit
2018-05-25 17:04:45,164 - root - INFO - Inserted comment from the btc subreddit
2018-05-25 17:04:45,164 - root - INFO - Inserted comment from the ethtrader subreddit
2018-05-25 17:04:45,169 - root - INFO - Inserted comment from the btc subreddit
2018-05-25 17:04:45,169 - root - INFO - Inserted comment from the ethtrader subreddit
2018-05-25 17:04:45,174 - root - INFO - Inserted comment from the ethtrader subreddit
2018-05-25 17:04:45,175 - root - INFO - Inserted comment from the btc subreddit
2018-05-25 17:04:45,179 - root - INFO - Inserted comment from the ethtrader subreddit
2018-05-25 17:04:45,180 - root - INFO - Inserted comment from the btc subreddit
2018-05-25 17:04:45,184 - root - INFO - Inserted comment from the ethtrader subreddit
2018-05-25 17:04:45,186 - root - INFO - Inserted comment from the btc subreddit
2018-05-25 17:04:45,189 - root - INFO - Inserted comment from the ethtrader subreddit
2018-05-25 17:04:45,191 - root - INFO - Inserted comment from the btc subreddit
2018-05-25 17:04:45,194 - root - INFO - Inserted comment from the ethtrader subreddit
2018-05-25 17:04:45,195 - root - INFO - Inserted comment from the btc subreddit
2018-05-25 17:04:45,198 - root - INFO - Inserted comment from the ethtrader subreddit
2018-05-25 17:04:45,200 - root - INFO - Inserted comment from the btc subreddit
2018-05-25 17:04:45,203 - root - INFO - Inserted comment from the ethtrader subreddit
2018-05-25 17:04:45,205 - root - INFO - Inserted comment from the btc subreddit
2018-05-25 17:04:45,208 - root - INFO - Inserted comment from the ethtrader subreddit
2018-05-25 17:04:45,210 - root - INFO - Inserted comment from the btc subreddit
2018-05-25 17:04:45,214 - root - INFO - Inserted comment from the ethtrader subreddit
2018-05-25 17:04:45,215 - root - INFO - Inserted comment from the btc subreddit
2018-05-25 17:04:45,220 - root - INFO - Inserted comment from the ethtrader subreddit
2018-05-25 17:04:45,221 - root - INFO - Inserted comment from the btc subreddit
2018-05-25 17:04:45,226 - root - INFO - Inserted comment from the ethtrader subreddit
2018-05-25 17:04:45,226 - root - INFO - Inserted comment from the btc subreddit
2018-05-25 17:04:45,231 - root - INFO - Inserted comment from the ethtrader subreddit
2018-05-25 17:04:45,231 - root - INFO - Inserted comment from the btc subreddit
2018-05-25 17:04:45,236 - root - INFO - Inserted comment from the ethtrader subreddit
2018-05-25 17:04:45,238 - root - INFO - Inserted comment from the btc subreddit
2018-05-25 17:04:45,242 - root - INFO - Inserted comment from the ethtrader subreddit
2018-05-25 17:04:45,242 - root - INFO - Inserted comment from the btc subreddit
2018-05-25 17:04:45,247 - root - INFO - Inserted comment from the btc subreddit
2018-05-25 17:04:45,247 - root - INFO - Inserted comment from the ethtrader subreddit
2018-05-25 17:04:45,252 - root - INFO - Inserted comment from the ethtrader subreddit
2018-05-25 17:04:45,253 - root - INFO - Inserted comment from the btc subreddit
2018-05-25 17:04:45,258 - root - INFO - Inserted comment from the ethtrader subreddit
2018-05-25 17:04:45,259 - root - INFO - Inserted comment from the btc subreddit
2018-05-25 17:04:45,263 - root - INFO - Inserted comment from the ethtrader subreddit
2018-05-25 17:04:45,263 - root - INFO - Inserted comment from the btc subreddit
2018-05-25 17:04:45,268 - root - INFO - Inserted comment from the ethtrader subreddit
2018-05-25 17:04:45,270 - root - INFO - Inserted comment from the btc subreddit
2018-05-25 17:04:45,274 - root - INFO - Inserted comment from the ethtrader subreddit
2018-05-25 17:04:45,276 - root - INFO - Inserted comment from the btc subreddit
2018-05-25 17:04:45,280 - root - INFO - Inserted comment from the ethtrader subreddit
2018-05-25 17:04:45,281 - root - INFO - Inserted comment from the btc subreddit
2018-05-25 17:04:45,285 - root - INFO - Inserted comment from the ethtrader subreddit
2018-05-25 17:04:45,287 - root - INFO - Inserted comment from the btc subreddit
2018-05-25 17:04:45,290 - root - INFO - Inserted comment from the ethtrader subreddit
2018-05-25 17:04:45,293 - root - INFO - Inserted comment from the btc subreddit
2018-05-25 17:04:45,295 - root - INFO - Inserted comment from the ethtrader subreddit
2018-05-25 17:04:45,298 - root - INFO - Inserted comment from the btc subreddit
2018-05-25 17:04:45,300 - root - INFO - Inserted comment from the ethtrader subreddit
2018-05-25 17:04:45,304 - root - INFO - Inserted comment from the btc subreddit
2018-05-25 17:04:45,306 - root - INFO - Inserted comment from the ethtrader subreddit
2018-05-25 17:04:45,310 - root - INFO - Inserted comment from the btc subreddit
2018-05-25 17:04:45,311 - root - INFO - Inserted comment from the ethtrader subreddit
2018-05-25 17:04:45,315 - root - INFO - Inserted comment from the btc subreddit
2018-05-25 17:04:45,316 - root - INFO - Inserted comment from the ethtrader subreddit
2018-05-25 17:04:45,320 - root - INFO - Inserted comment from the btc subreddit
2018-05-25 17:04:45,322 - root - INFO - Inserted comment from the ethtrader subreddit
2018-05-25 17:04:45,326 - root - INFO - Inserted comment from the btc subreddit
2018-05-25 17:04:45,327 - root - INFO - Inserted comment from the ethtrader subreddit
2018-05-25 17:04:45,332 - root - INFO - Inserted comment from the btc subreddit
2018-05-25 17:04:45,333 - root - INFO - Inserted comment from the ethtrader subreddit
2018-05-25 17:04:45,339 - root - INFO - Inserted comment from the btc subreddit
2018-05-25 17:04:45,340 - root - INFO - Inserted comment from the ethtrader subreddit
2018-05-25 17:04:45,344 - root - INFO - Inserted comment from the btc subreddit
2018-05-25 17:04:45,345 - root - INFO - Inserted comment from the ethtrader subreddit
2018-05-25 17:04:45,350 - root - INFO - Inserted comment from the ethtrader subreddit
2018-05-25 17:04:45,355 - root - INFO - Inserted comment from the ethtrader subreddit
2018-05-25 17:04:45,360 - root - INFO - Inserted comment from the ethtrader subreddit
2018-05-25 17:05:10,836 - root - INFO - Inserted comment from the ethtrader subreddit
2018-05-25 17:05:25,443 - root - INFO - Inserted comment from the btc subreddit
2018-05-25 17:05:46,140 - root - INFO - Inserted comment from the CryptoMarkets subreddit
2018-05-25 17:06:03,209 - root - INFO - Inserted comment from the Iota subreddit
2018-05-25 17:07:01,921 - root - INFO - Inserted comment from the CryptoMarkets subreddit
2018-05-25 17:07:17,940 - root - INFO - Inserted comment from the btc subreddit
2018-05-25 17:07:22,639 - root - INFO - Inserted comment from the btc subreddit
2018-05-25 17:07:30,661 - root - INFO - Inserted comment from the btc subreddit
2018-05-25 17:07:31,291 - root - INFO - Inserted comment from the btc subreddit
2018-05-25 17:07:32,205 - root - INFO - Inserted comment from the ethtrader subreddit
2018-05-25 17:07:58,359 - root - INFO - Inserted comment from the CryptoMarkets subreddit
2018-05-25 17:08:05,910 - root - INFO - Inserted comment from the btc subreddit
2018-05-25 17:08:05,915 - root - INFO - Inserted comment from the btc subreddit
2018-05-25 17:08:05,921 - root - INFO - Inserted comment from the btc subreddit
2018-05-25 17:08:11,133 - root - INFO - Inserted comment from the btc subreddit
2018-05-25 17:08:16,317 - root - INFO - Inserted comment from the btc subreddit
2018-05-25 17:09:08,727 - root - INFO - Inserted comment from the btc subreddit
2018-05-25 17:09:08,733 - root - INFO - Inserted comment from the btc subreddit
2018-05-25 17:09:13,084 - root - INFO - Node died gracefully
