2018-05-25 16:56:25,424 - urllib3.connectionpool - DEBUG - Starting new HTTP connection (1): 159.65.27.43
2018-05-25 16:56:25,463 - urllib3.connectionpool - DEBUG - http://159.65.27.43:4555 "POST /graphql HTTP/1.1" 200 72
2018-05-25 16:56:25,464 - root - INFO - registered with Servus with id: [ddcc27ea3dc54e129f0a367529d725e1]
2018-05-25 16:56:25,466 - urllib3.connectionpool - DEBUG - Starting new HTTP connection (1): 159.65.27.43
2018-05-25 16:56:25,526 - urllib3.connectionpool - DEBUG - http://159.65.27.43:4555 "POST /graphql HTTP/1.1" 200 153
2018-05-25 16:56:25,527 - root - INFO - got tasks: CryptoMarkets ethtrader Iota CryptoMoonShots btc BlockChain
2018-05-25 16:56:26,037 - root - INFO - ['CryptoMarkets', 'ethtrader', 'Iota', 'CryptoMoonShots', 'btc', 'BlockChain']
2018-05-25 16:56:26,046 - prawcore - DEBUG - Fetching: GET https://oauth.reddit.com/r/CryptoMarkets/comments/
2018-05-25 16:56:26,046 - prawcore - DEBUG - Data: None
2018-05-25 16:56:26,046 - prawcore - DEBUG - Params: {'before': None, 'limit': 100, 'raw_json': 1}
2018-05-25 16:56:26,052 - urllib3.connectionpool - DEBUG - Starting new HTTPS connection (1): www.reddit.com
2018-05-25 16:56:26,104 - prawcore - DEBUG - Fetching: GET https://oauth.reddit.com/r/ethtrader/comments/
2018-05-25 16:56:26,105 - prawcore - DEBUG - Data: None
2018-05-25 16:56:26,105 - prawcore - DEBUG - Params: {'before': None, 'limit': 100, 'raw_json': 1}
2018-05-25 16:56:26,108 - urllib3.connectionpool - DEBUG - Starting new HTTPS connection (1): www.reddit.com
2018-05-25 16:56:26,460 - prawcore - DEBUG - Fetching: GET https://oauth.reddit.com/r/Iota/comments/
2018-05-25 16:56:26,460 - prawcore - DEBUG - Data: None
2018-05-25 16:56:26,461 - prawcore - DEBUG - Params: {'before': None, 'limit': 100, 'raw_json': 1}
2018-05-25 16:56:26,463 - urllib3.connectionpool - DEBUG - Starting new HTTPS connection (1): www.reddit.com
2018-05-25 16:56:26,547 - prawcore - DEBUG - Fetching: GET https://oauth.reddit.com/r/CryptoMoonShots/comments/
2018-05-25 16:56:26,548 - prawcore - DEBUG - Data: None
2018-05-25 16:56:26,548 - prawcore - DEBUG - Params: {'before': None, 'limit': 100, 'raw_json': 1}
2018-05-25 16:56:26,550 - urllib3.connectionpool - DEBUG - Starting new HTTPS connection (1): www.reddit.com
2018-05-25 16:56:26,552 - urllib3.connectionpool - DEBUG - https://www.reddit.com:443 "POST /api/v1/access_token HTTP/1.1" 200 117
2018-05-25 16:56:26,555 - urllib3.connectionpool - DEBUG - Starting new HTTPS connection (1): oauth.reddit.com
2018-05-25 16:56:26,630 - urllib3.connectionpool - DEBUG - https://www.reddit.com:443 "POST /api/v1/access_token HTTP/1.1" 200 117
2018-05-25 16:56:26,636 - prawcore - DEBUG - Fetching: GET https://oauth.reddit.com/r/btc/comments/
2018-05-25 16:56:26,636 - urllib3.connectionpool - DEBUG - Starting new HTTPS connection (1): oauth.reddit.com
2018-05-25 16:56:26,636 - prawcore - DEBUG - Data: None
2018-05-25 16:56:26,637 - prawcore - DEBUG - Params: {'before': None, 'limit': 100, 'raw_json': 1}
2018-05-25 16:56:26,639 - urllib3.connectionpool - DEBUG - Starting new HTTPS connection (1): www.reddit.com
2018-05-25 16:56:26,746 - prawcore - DEBUG - Fetching: GET https://oauth.reddit.com/r/BlockChain/comments/
2018-05-25 16:56:26,746 - prawcore - DEBUG - Data: None
2018-05-25 16:56:26,746 - prawcore - DEBUG - Params: {'before': None, 'limit': 100, 'raw_json': 1}
2018-05-25 16:56:26,748 - urllib3.connectionpool - DEBUG - Starting new HTTPS connection (1): www.reddit.com
2018-05-25 16:56:26,963 - urllib3.connectionpool - DEBUG - https://www.reddit.com:443 "POST /api/v1/access_token HTTP/1.1" 200 117
2018-05-25 16:56:26,967 - urllib3.connectionpool - DEBUG - Starting new HTTPS connection (1): oauth.reddit.com
2018-05-25 16:56:27,103 - urllib3.connectionpool - DEBUG - https://www.reddit.com:443 "POST /api/v1/access_token HTTP/1.1" 200 117
2018-05-25 16:56:27,108 - urllib3.connectionpool - DEBUG - Starting new HTTPS connection (1): oauth.reddit.com
2018-05-25 16:56:27,183 - urllib3.connectionpool - DEBUG - https://www.reddit.com:443 "POST /api/v1/access_token HTTP/1.1" 200 117
2018-05-25 16:56:27,187 - urllib3.connectionpool - DEBUG - Starting new HTTPS connection (1): oauth.reddit.com
2018-05-25 16:56:27,232 - urllib3.connectionpool - DEBUG - https://www.reddit.com:443 "POST /api/v1/access_token HTTP/1.1" 200 117
2018-05-25 16:56:27,236 - urllib3.connectionpool - DEBUG - Starting new HTTPS connection (1): oauth.reddit.com
2018-05-25 16:56:27,316 - urllib3.connectionpool - DEBUG - https://oauth.reddit.com:443 "GET /r/CryptoMarkets/comments/?limit=100&raw_json=1 HTTP/1.1" 200 18336
2018-05-25 16:56:27,321 - prawcore - DEBUG - Response: 200 (18336 bytes)
2018-05-25 16:56:27,343 - root - INFO - Inserted comment from the CryptoMarkets subreddit
2018-05-25 16:56:27,348 - root - INFO - Inserted comment from the CryptoMarkets subreddit
2018-05-25 16:56:27,352 - root - INFO - Inserted comment from the CryptoMarkets subreddit
2018-05-25 16:56:27,357 - root - INFO - Inserted comment from the CryptoMarkets subreddit
2018-05-25 16:56:27,362 - root - INFO - Inserted comment from the CryptoMarkets subreddit
2018-05-25 16:56:27,368 - root - INFO - Inserted comment from the CryptoMarkets subreddit
2018-05-25 16:56:27,373 - root - INFO - Inserted comment from the CryptoMarkets subreddit
2018-05-25 16:56:27,377 - root - INFO - Inserted comment from the CryptoMarkets subreddit
2018-05-25 16:56:27,382 - root - INFO - Inserted comment from the CryptoMarkets subreddit
2018-05-25 16:56:27,386 - root - INFO - Inserted comment from the CryptoMarkets subreddit
2018-05-25 16:56:27,392 - root - INFO - Inserted comment from the CryptoMarkets subreddit
2018-05-25 16:56:27,399 - root - INFO - Inserted comment from the CryptoMarkets subreddit
2018-05-25 16:56:27,404 - root - INFO - Inserted comment from the CryptoMarkets subreddit
2018-05-25 16:56:27,408 - root - INFO - Inserted comment from the CryptoMarkets subreddit
2018-05-25 16:56:27,413 - root - INFO - Inserted comment from the CryptoMarkets subreddit
2018-05-25 16:56:27,418 - root - INFO - Inserted comment from the CryptoMarkets subreddit
2018-05-25 16:56:27,423 - root - INFO - Inserted comment from the CryptoMarkets subreddit
2018-05-25 16:56:27,428 - root - INFO - Inserted comment from the CryptoMarkets subreddit
2018-05-25 16:56:27,433 - root - INFO - Inserted comment from the CryptoMarkets subreddit
2018-05-25 16:56:27,438 - root - INFO - Inserted comment from the CryptoMarkets subreddit
2018-05-25 16:56:27,443 - root - INFO - Inserted comment from the CryptoMarkets subreddit
2018-05-25 16:56:27,447 - root - INFO - Inserted comment from the CryptoMarkets subreddit
2018-05-25 16:56:27,453 - root - INFO - Inserted comment from the CryptoMarkets subreddit
2018-05-25 16:56:27,458 - root - INFO - Inserted comment from the CryptoMarkets subreddit
2018-05-25 16:56:27,463 - root - INFO - Inserted comment from the CryptoMarkets subreddit
2018-05-25 16:56:27,467 - root - INFO - Inserted comment from the CryptoMarkets subreddit
2018-05-25 16:56:27,472 - root - INFO - Inserted comment from the CryptoMarkets subreddit
2018-05-25 16:56:27,477 - root - INFO - Inserted comment from the CryptoMarkets subreddit
2018-05-25 16:56:27,482 - root - INFO - Inserted comment from the CryptoMarkets subreddit
2018-05-25 16:56:27,487 - root - INFO - Inserted comment from the CryptoMarkets subreddit
2018-05-25 16:56:27,491 - root - INFO - Inserted comment from the CryptoMarkets subreddit
2018-05-25 16:56:27,496 - root - INFO - Inserted comment from the CryptoMarkets subreddit
2018-05-25 16:56:27,500 - root - INFO - Inserted comment from the CryptoMarkets subreddit
2018-05-25 16:56:27,505 - root - INFO - Inserted comment from the CryptoMarkets subreddit
2018-05-25 16:56:27,510 - root - INFO - Inserted comment from the CryptoMarkets subreddit
2018-05-25 16:56:27,515 - root - INFO - Inserted comment from the CryptoMarkets subreddit
2018-05-25 16:56:27,516 - urllib3.connectionpool - DEBUG - https://oauth.reddit.com:443 "GET /r/ethtrader/comments/?limit=100&raw_json=1 HTTP/1.1" 200 20741
2018-05-25 16:56:27,522 - root - INFO - Inserted comment from the CryptoMarkets subreddit
2018-05-25 16:56:27,523 - prawcore - DEBUG - Response: 200 (20741 bytes)
2018-05-25 16:56:27,537 - root - INFO - Inserted comment from the CryptoMarkets subreddit
2018-05-25 16:56:27,546 - root - INFO - Inserted comment from the CryptoMarkets subreddit
2018-05-25 16:56:27,546 - root - INFO - Inserted comment from the ethtrader subreddit
2018-05-25 16:56:27,551 - root - INFO - Inserted comment from the CryptoMarkets subreddit
2018-05-25 16:56:27,551 - root - INFO - Inserted comment from the ethtrader subreddit
2018-05-25 16:56:27,556 - root - INFO - Inserted comment from the CryptoMarkets subreddit
2018-05-25 16:56:27,556 - root - INFO - Inserted comment from the ethtrader subreddit
2018-05-25 16:56:27,561 - root - INFO - Inserted comment from the ethtrader subreddit
2018-05-25 16:56:27,561 - root - INFO - Inserted comment from the CryptoMarkets subreddit
2018-05-25 16:56:27,566 - root - INFO - Inserted comment from the ethtrader subreddit
2018-05-25 16:56:27,566 - root - INFO - Inserted comment from the CryptoMarkets subreddit
2018-05-25 16:56:27,571 - root - INFO - Inserted comment from the ethtrader subreddit
2018-05-25 16:56:27,571 - root - INFO - Inserted comment from the CryptoMarkets subreddit
2018-05-25 16:56:27,576 - root - INFO - Inserted comment from the ethtrader subreddit
2018-05-25 16:56:27,577 - root - INFO - Inserted comment from the CryptoMarkets subreddit
2018-05-25 16:56:27,581 - root - INFO - Inserted comment from the ethtrader subreddit
2018-05-25 16:56:27,582 - root - INFO - Inserted comment from the CryptoMarkets subreddit
2018-05-25 16:56:27,586 - root - INFO - Inserted comment from the CryptoMarkets subreddit
2018-05-25 16:56:27,587 - root - INFO - Inserted comment from the ethtrader subreddit
2018-05-25 16:56:27,592 - root - INFO - Inserted comment from the CryptoMarkets subreddit
2018-05-25 16:56:27,592 - root - INFO - Inserted comment from the ethtrader subreddit
2018-05-25 16:56:27,597 - root - INFO - Inserted comment from the ethtrader subreddit
2018-05-25 16:56:27,597 - root - INFO - Inserted comment from the CryptoMarkets subreddit
2018-05-25 16:56:27,602 - root - INFO - Inserted comment from the CryptoMarkets subreddit
2018-05-25 16:56:27,602 - root - INFO - Inserted comment from the ethtrader subreddit
2018-05-25 16:56:27,607 - root - INFO - Inserted comment from the CryptoMarkets subreddit
2018-05-25 16:56:27,607 - root - INFO - Inserted comment from the ethtrader subreddit
2018-05-25 16:56:27,612 - root - INFO - Inserted comment from the CryptoMarkets subreddit
2018-05-25 16:56:27,613 - root - INFO - Inserted comment from the ethtrader subreddit
2018-05-25 16:56:27,617 - root - INFO - Inserted comment from the CryptoMarkets subreddit
2018-05-25 16:56:27,618 - root - INFO - Inserted comment from the ethtrader subreddit
2018-05-25 16:56:27,622 - root - INFO - Inserted comment from the CryptoMarkets subreddit
2018-05-25 16:56:27,623 - root - INFO - Inserted comment from the ethtrader subreddit
2018-05-25 16:56:27,628 - root - INFO - Inserted comment from the CryptoMarkets subreddit
2018-05-25 16:56:27,628 - root - INFO - Inserted comment from the ethtrader subreddit
2018-05-25 16:56:27,633 - root - INFO - Inserted comment from the CryptoMarkets subreddit
2018-05-25 16:56:27,633 - root - INFO - Inserted comment from the ethtrader subreddit
2018-05-25 16:56:27,638 - root - INFO - Inserted comment from the CryptoMarkets subreddit
2018-05-25 16:56:27,638 - root - INFO - Inserted comment from the ethtrader subreddit
2018-05-25 16:56:27,643 - root - INFO - Inserted comment from the CryptoMarkets subreddit
2018-05-25 16:56:27,643 - root - INFO - Inserted comment from the ethtrader subreddit
2018-05-25 16:56:27,649 - root - INFO - Inserted comment from the CryptoMarkets subreddit
2018-05-25 16:56:27,650 - root - INFO - Inserted comment from the ethtrader subreddit
2018-05-25 16:56:27,655 - root - INFO - Inserted comment from the CryptoMarkets subreddit
2018-05-25 16:56:27,655 - root - INFO - Inserted comment from the ethtrader subreddit
2018-05-25 16:56:27,660 - root - INFO - Inserted comment from the CryptoMarkets subreddit
2018-05-25 16:56:27,660 - root - INFO - Inserted comment from the ethtrader subreddit
2018-05-25 16:56:27,665 - root - INFO - Inserted comment from the CryptoMarkets subreddit
2018-05-25 16:56:27,665 - root - INFO - Inserted comment from the ethtrader subreddit
2018-05-25 16:56:27,666 - urllib3.connectionpool - DEBUG - https://oauth.reddit.com:443 "GET /r/Iota/comments/?limit=100&raw_json=1 HTTP/1.1" 200 22445
2018-05-25 16:56:27,671 - root - INFO - Inserted comment from the CryptoMarkets subreddit
2018-05-25 16:56:27,671 - root - INFO - Inserted comment from the ethtrader subreddit
2018-05-25 16:56:27,673 - prawcore - DEBUG - Response: 200 (22445 bytes)
2018-05-25 16:56:27,681 - root - INFO - Inserted comment from the ethtrader subreddit
2018-05-25 16:56:27,681 - root - INFO - Inserted comment from the CryptoMarkets subreddit
2018-05-25 16:56:27,689 - root - INFO - Inserted comment from the CryptoMarkets subreddit
2018-05-25 16:56:27,689 - root - INFO - Inserted comment from the ethtrader subreddit
2018-05-25 16:56:27,690 - urllib3.connectionpool - DEBUG - https://oauth.reddit.com:443 "GET /r/CryptoMoonShots/comments/?limit=100&raw_json=1 HTTP/1.1" 200 17072
2018-05-25 16:56:27,691 - prawcore - DEBUG - Response: 200 (17072 bytes)
2018-05-25 16:56:27,706 - root - INFO - Inserted comment from the ethtrader subreddit
2018-05-25 16:56:27,707 - root - INFO - Inserted comment from the Iota subreddit
2018-05-25 16:56:27,707 - root - INFO - Inserted comment from the CryptoMarkets subreddit
2018-05-25 16:56:27,710 - root - INFO - Inserted comment from the ethtrader subreddit
2018-05-25 16:56:27,712 - root - INFO - Inserted comment from the Iota subreddit
2018-05-25 16:56:27,712 - root - INFO - Inserted comment from the CryptoMarkets subreddit
2018-05-25 16:56:27,713 - root - INFO - Inserted comment from the CryptoMoonShots subreddit
2018-05-25 16:56:27,715 - root - INFO - Inserted comment from the ethtrader subreddit
2018-05-25 16:56:27,717 - root - INFO - Inserted comment from the Iota subreddit
2018-05-25 16:56:27,718 - root - INFO - Inserted comment from the CryptoMoonShots subreddit
2018-05-25 16:56:27,718 - root - INFO - Inserted comment from the CryptoMarkets subreddit
2018-05-25 16:56:27,720 - root - INFO - Inserted comment from the ethtrader subreddit
2018-05-25 16:56:27,722 - root - INFO - Inserted comment from the Iota subreddit
2018-05-25 16:56:27,722 - root - INFO - Inserted comment from the CryptoMoonShots subreddit
2018-05-25 16:56:27,723 - root - INFO - Inserted comment from the CryptoMarkets subreddit
2018-05-25 16:56:27,724 - root - INFO - Inserted comment from the ethtrader subreddit
2018-05-25 16:56:27,728 - root - INFO - Inserted comment from the CryptoMoonShots subreddit
2018-05-25 16:56:27,728 - root - INFO - Inserted comment from the Iota subreddit
2018-05-25 16:56:27,729 - root - INFO - Inserted comment from the CryptoMarkets subreddit
2018-05-25 16:56:27,730 - root - INFO - Inserted comment from the ethtrader subreddit
2018-05-25 16:56:27,735 - root - INFO - Inserted comment from the CryptoMoonShots subreddit
2018-05-25 16:56:27,735 - root - INFO - Inserted comment from the Iota subreddit
2018-05-25 16:56:27,737 - root - INFO - Inserted comment from the CryptoMarkets subreddit
2018-05-25 16:56:27,737 - root - INFO - Inserted comment from the ethtrader subreddit
2018-05-25 16:56:27,740 - root - INFO - Inserted comment from the CryptoMoonShots subreddit
2018-05-25 16:56:27,740 - root - INFO - Inserted comment from the Iota subreddit
2018-05-25 16:56:27,742 - root - INFO - Inserted comment from the CryptoMarkets subreddit
2018-05-25 16:56:27,743 - root - INFO - Inserted comment from the ethtrader subreddit
2018-05-25 16:56:27,745 - root - INFO - Inserted comment from the CryptoMoonShots subreddit
2018-05-25 16:56:27,746 - root - INFO - Inserted comment from the Iota subreddit
2018-05-25 16:56:27,747 - root - INFO - Inserted comment from the CryptoMarkets subreddit
2018-05-25 16:56:27,748 - root - INFO - Inserted comment from the ethtrader subreddit
2018-05-25 16:56:27,751 - root - INFO - Inserted comment from the CryptoMoonShots subreddit
2018-05-25 16:56:27,751 - root - INFO - Inserted comment from the Iota subreddit
2018-05-25 16:56:27,753 - root - INFO - Inserted comment from the CryptoMarkets subreddit
2018-05-25 16:56:27,753 - root - INFO - Inserted comment from the ethtrader subreddit
2018-05-25 16:56:27,756 - root - INFO - Inserted comment from the Iota subreddit
2018-05-25 16:56:27,756 - root - INFO - Inserted comment from the CryptoMoonShots subreddit
2018-05-25 16:56:27,758 - root - INFO - Inserted comment from the CryptoMarkets subreddit
2018-05-25 16:56:27,758 - root - INFO - Inserted comment from the ethtrader subreddit
2018-05-25 16:56:27,760 - root - INFO - Inserted comment from the Iota subreddit
2018-05-25 16:56:27,761 - root - INFO - Inserted comment from the CryptoMoonShots subreddit
2018-05-25 16:56:27,763 - root - INFO - Inserted comment from the CryptoMarkets subreddit
2018-05-25 16:56:27,763 - root - INFO - Inserted comment from the ethtrader subreddit
2018-05-25 16:56:27,766 - root - INFO - Inserted comment from the Iota subreddit
2018-05-25 16:56:27,766 - root - INFO - Inserted comment from the CryptoMoonShots subreddit
2018-05-25 16:56:27,768 - root - INFO - Inserted comment from the CryptoMarkets subreddit
2018-05-25 16:56:27,769 - root - INFO - Inserted comment from the ethtrader subreddit
2018-05-25 16:56:27,771 - root - INFO - Inserted comment from the Iota subreddit
2018-05-25 16:56:27,771 - root - INFO - Inserted comment from the CryptoMoonShots subreddit
2018-05-25 16:56:27,773 - root - INFO - Inserted comment from the CryptoMarkets subreddit
2018-05-25 16:56:27,774 - root - INFO - Inserted comment from the ethtrader subreddit
2018-05-25 16:56:27,775 - root - INFO - Inserted comment from the Iota subreddit
2018-05-25 16:56:27,776 - root - INFO - Inserted comment from the CryptoMoonShots subreddit
2018-05-25 16:56:27,778 - root - INFO - Inserted comment from the ethtrader subreddit
2018-05-25 16:56:27,778 - root - INFO - Inserted comment from the CryptoMarkets subreddit
2018-05-25 16:56:27,781 - root - INFO - Inserted comment from the Iota subreddit
2018-05-25 16:56:27,782 - root - INFO - Inserted comment from the CryptoMoonShots subreddit
2018-05-25 16:56:27,783 - root - INFO - Inserted comment from the ethtrader subreddit
2018-05-25 16:56:27,783 - root - INFO - Inserted comment from the CryptoMarkets subreddit
2018-05-25 16:56:27,786 - root - INFO - Inserted comment from the Iota subreddit
2018-05-25 16:56:27,787 - root - INFO - Inserted comment from the CryptoMoonShots subreddit
2018-05-25 16:56:27,788 - root - INFO - Inserted comment from the ethtrader subreddit
2018-05-25 16:56:27,789 - urllib3.connectionpool - DEBUG - https://oauth.reddit.com:443 "GET /r/btc/comments/?limit=100&raw_json=1 HTTP/1.1" 200 27881
2018-05-25 16:56:27,789 - root - INFO - Inserted comment from the CryptoMarkets subreddit
2018-05-25 16:56:27,792 - root - INFO - Inserted comment from the Iota subreddit
2018-05-25 16:56:27,793 - root - INFO - Inserted comment from the CryptoMoonShots subreddit
2018-05-25 16:56:27,793 - root - INFO - Inserted comment from the ethtrader subreddit
2018-05-25 16:56:27,795 - root - INFO - Inserted comment from the CryptoMarkets subreddit
2018-05-25 16:56:27,797 - root - INFO - Inserted comment from the Iota subreddit
2018-05-25 16:56:27,798 - root - INFO - Inserted comment from the CryptoMoonShots subreddit
2018-05-25 16:56:27,798 - root - INFO - Inserted comment from the ethtrader subreddit
2018-05-25 16:56:27,800 - root - INFO - Inserted comment from the CryptoMarkets subreddit
2018-05-25 16:56:27,803 - root - INFO - Inserted comment from the Iota subreddit
2018-05-25 16:56:27,803 - root - INFO - Inserted comment from the CryptoMoonShots subreddit
2018-05-25 16:56:27,804 - root - INFO - Inserted comment from the ethtrader subreddit
2018-05-25 16:56:27,804 - root - INFO - Inserted comment from the CryptoMarkets subreddit
2018-05-25 16:56:27,808 - root - INFO - Inserted comment from the Iota subreddit
2018-05-25 16:56:27,809 - root - INFO - Inserted comment from the CryptoMoonShots subreddit
2018-05-25 16:56:27,812 - root - INFO - Inserted comment from the ethtrader subreddit
2018-05-25 16:56:27,812 - root - INFO - Inserted comment from the CryptoMarkets subreddit
2018-05-25 16:56:27,813 - root - INFO - Inserted comment from the Iota subreddit
2018-05-25 16:56:27,814 - root - INFO - Inserted comment from the CryptoMoonShots subreddit
2018-05-25 16:56:27,818 - root - INFO - Inserted comment from the ethtrader subreddit
2018-05-25 16:56:27,818 - root - INFO - Inserted comment from the CryptoMarkets subreddit
2018-05-25 16:56:27,820 - root - INFO - Inserted comment from the CryptoMoonShots subreddit
2018-05-25 16:56:27,820 - root - INFO - Inserted comment from the Iota subreddit
2018-05-25 16:56:27,823 - root - INFO - Inserted comment from the ethtrader subreddit
2018-05-25 16:56:27,824 - root - INFO - Inserted comment from the CryptoMarkets subreddit
2018-05-25 16:56:27,825 - root - INFO - Inserted comment from the Iota subreddit
2018-05-25 16:56:27,825 - root - INFO - Inserted comment from the CryptoMoonShots subreddit
2018-05-25 16:56:27,828 - root - INFO - Inserted comment from the ethtrader subreddit
2018-05-25 16:56:27,828 - root - INFO - Inserted comment from the CryptoMarkets subreddit
2018-05-25 16:56:27,830 - root - INFO - Inserted comment from the Iota subreddit
2018-05-25 16:56:27,830 - root - INFO - Inserted comment from the CryptoMoonShots subreddit
2018-05-25 16:56:27,833 - root - INFO - Inserted comment from the ethtrader subreddit
2018-05-25 16:56:27,835 - root - INFO - Inserted comment from the CryptoMarkets subreddit
2018-05-25 16:56:27,835 - root - INFO - Inserted comment from the CryptoMoonShots subreddit
2018-05-25 16:56:27,835 - root - INFO - Inserted comment from the Iota subreddit
2018-05-25 16:56:27,839 - root - INFO - Inserted comment from the ethtrader subreddit
2018-05-25 16:56:27,840 - root - INFO - Inserted comment from the CryptoMarkets subreddit
2018-05-25 16:56:27,840 - root - INFO - Inserted comment from the Iota subreddit
2018-05-25 16:56:27,841 - root - INFO - Inserted comment from the CryptoMoonShots subreddit
2018-05-25 16:56:27,845 - root - INFO - Inserted comment from the ethtrader subreddit
2018-05-25 16:56:27,845 - root - INFO - Inserted comment from the CryptoMarkets subreddit
2018-05-25 16:56:27,846 - root - INFO - Inserted comment from the Iota subreddit
2018-05-25 16:56:27,847 - root - INFO - Inserted comment from the CryptoMoonShots subreddit
2018-05-25 16:56:27,849 - root - INFO - Inserted comment from the ethtrader subreddit
2018-05-25 16:56:27,850 - root - INFO - Inserted comment from the CryptoMarkets subreddit
2018-05-25 16:56:27,852 - root - INFO - Inserted comment from the CryptoMoonShots subreddit
2018-05-25 16:56:27,852 - root - INFO - Inserted comment from the Iota subreddit
2018-05-25 16:56:27,855 - root - INFO - Inserted comment from the ethtrader subreddit
2018-05-25 16:56:27,856 - root - INFO - Inserted comment from the CryptoMarkets subreddit
2018-05-25 16:56:27,857 - root - INFO - Inserted comment from the Iota subreddit
2018-05-25 16:56:27,858 - root - INFO - Inserted comment from the CryptoMoonShots subreddit
2018-05-25 16:56:27,860 - root - INFO - Inserted comment from the ethtrader subreddit
2018-05-25 16:56:27,862 - root - INFO - Inserted comment from the CryptoMarkets subreddit
2018-05-25 16:56:27,863 - root - INFO - Inserted comment from the CryptoMoonShots subreddit
2018-05-25 16:56:27,863 - root - INFO - Inserted comment from the Iota subreddit
2018-05-25 16:56:27,867 - root - INFO - Inserted comment from the ethtrader subreddit
2018-05-25 16:56:27,868 - root - INFO - Inserted comment from the CryptoMarkets subreddit
2018-05-25 16:56:27,869 - root - INFO - Inserted comment from the CryptoMoonShots subreddit
2018-05-25 16:56:27,869 - root - INFO - Inserted comment from the Iota subreddit
2018-05-25 16:56:27,873 - root - INFO - Inserted comment from the CryptoMarkets subreddit
2018-05-25 16:56:27,873 - root - INFO - Inserted comment from the ethtrader subreddit
2018-05-25 16:56:27,873 - prawcore - DEBUG - Response: 200 (27881 bytes)
2018-05-25 16:56:27,881 - root - INFO - Inserted comment from the CryptoMarkets subreddit
2018-05-25 16:56:27,882 - root - INFO - Inserted comment from the Iota subreddit
2018-05-25 16:56:27,882 - root - INFO - Inserted comment from the ethtrader subreddit
2018-05-25 16:56:27,890 - root - INFO - Inserted comment from the CryptoMoonShots subreddit
2018-05-25 16:56:27,890 - root - INFO - Inserted comment from the CryptoMarkets subreddit
2018-05-25 16:56:27,896 - root - INFO - Inserted comment from the Iota subreddit
2018-05-25 16:56:27,896 - root - INFO - Inserted comment from the ethtrader subreddit
2018-05-25 16:56:27,898 - root - INFO - Inserted comment from the CryptoMarkets subreddit
2018-05-25 16:56:27,898 - root - INFO - Inserted comment from the btc subreddit
2018-05-25 16:56:27,898 - root - INFO - Inserted comment from the CryptoMoonShots subreddit
2018-05-25 16:56:27,902 - root - INFO - Inserted comment from the Iota subreddit
2018-05-25 16:56:27,903 - root - INFO - Inserted comment from the ethtrader subreddit
2018-05-25 16:56:27,903 - root - INFO - Inserted comment from the btc subreddit
2018-05-25 16:56:27,904 - root - INFO - Inserted comment from the CryptoMarkets subreddit
2018-05-25 16:56:27,904 - root - INFO - Inserted comment from the CryptoMoonShots subreddit
2018-05-25 16:56:27,904 - prawcore - DEBUG - Fetching: GET https://oauth.reddit.com/r/CryptoMarkets/comments/
2018-05-25 16:56:27,905 - prawcore - DEBUG - Data: None
2018-05-25 16:56:27,905 - prawcore - DEBUG - Params: {'before': 't1_dzk9wmo', 'limit': 100, 'raw_json': 1}
2018-05-25 16:56:27,908 - root - INFO - Inserted comment from the Iota subreddit
2018-05-25 16:56:27,908 - root - INFO - Inserted comment from the ethtrader subreddit
2018-05-25 16:56:27,909 - root - INFO - Inserted comment from the btc subreddit
2018-05-25 16:56:27,910 - root - INFO - Inserted comment from the CryptoMoonShots subreddit
2018-05-25 16:56:27,912 - root - INFO - Inserted comment from the Iota subreddit
2018-05-25 16:56:27,914 - root - INFO - Inserted comment from the ethtrader subreddit
2018-05-25 16:56:27,914 - root - INFO - Inserted comment from the btc subreddit
2018-05-25 16:56:27,915 - root - INFO - Inserted comment from the CryptoMoonShots subreddit
2018-05-25 16:56:27,918 - root - INFO - Inserted comment from the Iota subreddit
2018-05-25 16:56:27,920 - root - INFO - Inserted comment from the btc subreddit
2018-05-25 16:56:27,921 - root - INFO - Inserted comment from the CryptoMoonShots subreddit
2018-05-25 16:56:27,921 - root - INFO - Inserted comment from the ethtrader subreddit
2018-05-25 16:56:27,923 - root - INFO - Inserted comment from the Iota subreddit
2018-05-25 16:56:27,925 - root - INFO - Inserted comment from the btc subreddit
2018-05-25 16:56:27,926 - root - INFO - Inserted comment from the CryptoMoonShots subreddit
2018-05-25 16:56:27,926 - root - INFO - Inserted comment from the ethtrader subreddit
2018-05-25 16:56:27,928 - root - INFO - Inserted comment from the Iota subreddit
2018-05-25 16:56:27,931 - root - INFO - Inserted comment from the btc subreddit
2018-05-25 16:56:27,931 - root - INFO - Inserted comment from the CryptoMoonShots subreddit
2018-05-25 16:56:27,932 - root - INFO - Inserted comment from the ethtrader subreddit
2018-05-25 16:56:27,934 - root - INFO - Inserted comment from the Iota subreddit
2018-05-25 16:56:27,936 - root - INFO - Inserted comment from the CryptoMoonShots subreddit
2018-05-25 16:56:27,936 - root - INFO - Inserted comment from the btc subreddit
2018-05-25 16:56:27,938 - root - INFO - Inserted comment from the ethtrader subreddit
2018-05-25 16:56:27,939 - root - INFO - Inserted comment from the Iota subreddit
2018-05-25 16:56:27,942 - root - INFO - Inserted comment from the btc subreddit
2018-05-25 16:56:27,942 - root - INFO - Inserted comment from the CryptoMoonShots subreddit
2018-05-25 16:56:27,944 - root - INFO - Inserted comment from the ethtrader subreddit
2018-05-25 16:56:27,944 - root - INFO - Inserted comment from the Iota subreddit
2018-05-25 16:56:27,947 - root - INFO - Inserted comment from the btc subreddit
2018-05-25 16:56:27,947 - root - INFO - Inserted comment from the CryptoMoonShots subreddit
2018-05-25 16:56:27,949 - root - INFO - Inserted comment from the ethtrader subreddit
2018-05-25 16:56:27,949 - root - INFO - Inserted comment from the Iota subreddit
2018-05-25 16:56:27,952 - root - INFO - Inserted comment from the btc subreddit
2018-05-25 16:56:27,952 - root - INFO - Inserted comment from the CryptoMoonShots subreddit
2018-05-25 16:56:27,954 - root - INFO - Inserted comment from the Iota subreddit
2018-05-25 16:56:27,954 - root - INFO - Inserted comment from the ethtrader subreddit
2018-05-25 16:56:27,958 - root - INFO - Inserted comment from the CryptoMoonShots subreddit
2018-05-25 16:56:27,958 - root - INFO - Inserted comment from the btc subreddit
2018-05-25 16:56:27,961 - root - INFO - Inserted comment from the ethtrader subreddit
2018-05-25 16:56:27,961 - root - INFO - Inserted comment from the Iota subreddit
2018-05-25 16:56:27,963 - root - INFO - Inserted comment from the CryptoMoonShots subreddit
2018-05-25 16:56:27,964 - root - INFO - Inserted comment from the btc subreddit
2018-05-25 16:56:27,969 - root - INFO - Inserted comment from the ethtrader subreddit
2018-05-25 16:56:27,969 - root - INFO - Inserted comment from the Iota subreddit
2018-05-25 16:56:27,969 - root - INFO - Inserted comment from the CryptoMoonShots subreddit
2018-05-25 16:56:27,971 - root - INFO - Inserted comment from the btc subreddit
2018-05-25 16:56:27,975 - root - INFO - Inserted comment from the ethtrader subreddit
2018-05-25 16:56:27,975 - root - INFO - Inserted comment from the Iota subreddit
2018-05-25 16:56:27,976 - root - INFO - Inserted comment from the CryptoMoonShots subreddit
2018-05-25 16:56:27,976 - root - INFO - Inserted comment from the btc subreddit
2018-05-25 16:56:27,980 - root - INFO - Inserted comment from the Iota subreddit
2018-05-25 16:56:27,981 - root - INFO - Inserted comment from the CryptoMoonShots subreddit
2018-05-25 16:56:27,982 - root - INFO - Inserted comment from the btc subreddit
2018-05-25 16:56:27,982 - root - INFO - Inserted comment from the ethtrader subreddit
2018-05-25 16:56:27,986 - root - INFO - Inserted comment from the Iota subreddit
2018-05-25 16:56:27,987 - root - INFO - Inserted comment from the CryptoMoonShots subreddit
2018-05-25 16:56:27,988 - root - INFO - Inserted comment from the btc subreddit
2018-05-25 16:56:27,988 - root - INFO - Inserted comment from the ethtrader subreddit
2018-05-25 16:56:27,990 - urllib3.connectionpool - DEBUG - https://oauth.reddit.com:443 "GET /r/BlockChain/comments/?limit=100&raw_json=1 HTTP/1.1" 200 28873
2018-05-25 16:56:27,991 - root - INFO - Inserted comment from the Iota subreddit
2018-05-25 16:56:27,992 - root - INFO - Inserted comment from the CryptoMoonShots subreddit
2018-05-25 16:56:27,993 - root - INFO - Inserted comment from the ethtrader subreddit
2018-05-25 16:56:27,993 - root - INFO - Inserted comment from the btc subreddit
2018-05-25 16:56:27,997 - prawcore - DEBUG - Response: 200 (28873 bytes)
2018-05-25 16:56:28,004 - root - INFO - Inserted comment from the ethtrader subreddit
2018-05-25 16:56:28,004 - root - INFO - Inserted comment from the CryptoMoonShots subreddit
2018-05-25 16:56:28,005 - root - INFO - Inserted comment from the btc subreddit
2018-05-25 16:56:28,005 - root - INFO - Inserted comment from the Iota subreddit
2018-05-25 16:56:28,014 - root - INFO - Inserted comment from the CryptoMoonShots subreddit
2018-05-25 16:56:28,014 - root - INFO - Inserted comment from the ethtrader subreddit
2018-05-25 16:56:28,014 - root - INFO - Inserted comment from the btc subreddit
2018-05-25 16:56:28,020 - root - INFO - Inserted comment from the Iota subreddit
2018-05-25 16:56:28,020 - root - INFO - Inserted comment from the CryptoMoonShots subreddit
2018-05-25 16:56:28,021 - root - INFO - Inserted comment from the btc subreddit
2018-05-25 16:56:28,021 - root - INFO - Inserted comment from the ethtrader subreddit
2018-05-25 16:56:28,021 - root - INFO - Inserted comment from the BlockChain subreddit
2018-05-25 16:56:28,025 - root - INFO - Inserted comment from the Iota subreddit
2018-05-25 16:56:28,026 - root - INFO - Inserted comment from the ethtrader subreddit
2018-05-25 16:56:28,027 - root - INFO - Inserted comment from the btc subreddit
2018-05-25 16:56:28,027 - root - INFO - Inserted comment from the BlockChain subreddit
2018-05-25 16:56:28,027 - root - INFO - Inserted comment from the CryptoMoonShots subreddit
2018-05-25 16:56:28,030 - root - INFO - Inserted comment from the Iota subreddit
2018-05-25 16:56:28,032 - root - INFO - Inserted comment from the ethtrader subreddit
2018-05-25 16:56:28,032 - root - INFO - Inserted comment from the CryptoMoonShots subreddit
2018-05-25 16:56:28,033 - root - INFO - Inserted comment from the BlockChain subreddit
2018-05-25 16:56:28,034 - root - INFO - Inserted comment from the btc subreddit
2018-05-25 16:56:28,036 - root - INFO - Inserted comment from the Iota subreddit
2018-05-25 16:56:28,037 - root - INFO - Inserted comment from the ethtrader subreddit
2018-05-25 16:56:28,038 - root - INFO - Inserted comment from the BlockChain subreddit
2018-05-25 16:56:28,070 - urllib3.connectionpool - DEBUG - Starting new HTTP connection (1): 159.65.27.43
2018-05-25 16:56:28,078 - root - INFO - Inserted comment from the Iota subreddit
2018-05-25 16:56:28,079 - root - INFO - Inserted comment from the btc subreddit
2018-05-25 16:56:28,079 - root - INFO - Inserted comment from the CryptoMoonShots subreddit
2018-05-25 16:56:28,082 - urllib3.connectionpool - DEBUG - https://oauth.reddit.com:443 "GET /r/CryptoMarkets/comments/?before=t1_dzk9wmo&limit=100&raw_json=1 HTTP/1.1" 200 104
2018-05-25 16:56:28,083 - prawcore - DEBUG - Response: 200 (104 bytes)
2018-05-25 16:56:28,083 - root - INFO - Inserted comment from the BlockChain subreddit
2018-05-25 16:56:28,084 - root - INFO - Inserted comment from the ethtrader subreddit
2018-05-25 16:56:28,084 - root - INFO - Inserted comment from the Iota subreddit
2018-05-25 16:56:28,084 - root - INFO - Inserted comment from the btc subreddit
2018-05-25 16:56:28,085 - root - INFO - Inserted comment from the CryptoMoonShots subreddit
2018-05-25 16:56:28,089 - root - INFO - Inserted comment from the BlockChain subreddit
2018-05-25 16:56:28,090 - root - INFO - Inserted comment from the ethtrader subreddit
2018-05-25 16:56:28,090 - root - INFO - Inserted comment from the Iota subreddit
2018-05-25 16:56:28,090 - root - INFO - Inserted comment from the btc subreddit
2018-05-25 16:56:28,091 - root - INFO - Inserted comment from the CryptoMoonShots subreddit
2018-05-25 16:56:28,095 - root - INFO - Inserted comment from the BlockChain subreddit
2018-05-25 16:56:28,096 - root - INFO - Inserted comment from the CryptoMoonShots subreddit
2018-05-25 16:56:28,097 - root - INFO - Inserted comment from the btc subreddit
2018-05-25 16:56:28,098 - urllib3.connectionpool - DEBUG - http://159.65.27.43:4555 "POST /graphql HTTP/1.1" 200 35
2018-05-25 16:56:28,098 - root - INFO - Inserted comment from the Iota subreddit
2018-05-25 16:56:28,098 - root - INFO - Inserted comment from the ethtrader subreddit
2018-05-25 16:56:28,099 - root - INFO - Node died gracefully
2018-05-25 16:56:28,100 - root - INFO - Inserted comment from the BlockChain subreddit
2018-05-25 16:56:28,101 - root - INFO - Inserted comment from the CryptoMoonShots subreddit
2018-05-25 16:56:28,102 - root - INFO - Inserted comment from the btc subreddit
2018-05-25 16:56:28,103 - root - INFO - Inserted comment from the Iota subreddit
2018-05-25 16:56:28,103 - root - INFO - Inserted comment from the ethtrader subreddit
2018-05-25 16:56:28,104 - root - INFO - Inserted comment from the ethtrader subreddit
2018-05-25 16:56:28,105 - root - INFO - Inserted comment from the BlockChain subreddit
2018-05-25 16:56:28,106 - root - INFO - Inserted comment from the CryptoMoonShots subreddit
2018-05-25 16:56:28,108 - root - INFO - Inserted comment from the btc subreddit
2018-05-25 16:56:28,110 - root - INFO - Inserted comment from the Iota subreddit
2018-05-25 16:56:28,110 - root - INFO - Inserted comment from the Iota subreddit
2018-05-25 16:56:28,113 - root - INFO - Inserted comment from the BlockChain subreddit
2018-05-25 16:56:28,114 - root - INFO - Inserted comment from the CryptoMoonShots subreddit
2018-05-25 16:56:28,114 - root - INFO - Inserted comment from the CryptoMoonShots subreddit
2018-05-25 16:56:28,114 - root - INFO - Inserted comment from the btc subreddit
2018-05-25 16:56:28,115 - root - INFO - Inserted comment from the btc subreddit
2018-05-25 16:56:28,120 - root - INFO - Inserted comment from the BlockChain subreddit
