2018-05-25 01:35:34,083 - urllib3.connectionpool - DEBUG - Starting new HTTP connection (1): 159.65.27.43
2018-05-25 01:35:34,101 - urllib3.connectionpool - DEBUG - http://159.65.27.43:4555 "POST /graphql HTTP/1.1" 200 72
2018-05-25 01:35:34,102 - root - INFO - registered with Servus with id: [adc693e19be444b3bc9fa0b6cabe88af]
2018-05-25 01:35:34,104 - urllib3.connectionpool - DEBUG - Starting new HTTP connection (1): 159.65.27.43
2018-05-25 01:35:34,143 - urllib3.connectionpool - DEBUG - http://159.65.27.43:4555 "POST /graphql HTTP/1.1" 200 153
2018-05-25 01:35:34,143 - root - INFO - got tasks: CryptoMarkets ethtrader Iota CryptoMoonShots btc BlockChain
2018-05-25 01:35:34,615 - prawcore - DEBUG - Fetching: GET https://oauth.reddit.com/r/ethtrader/comments/
2018-05-25 01:35:34,615 - prawcore - DEBUG - Data: None
2018-05-25 01:35:34,615 - prawcore - DEBUG - Params: {'before': None, 'limit': 100, 'raw_json': 1}
2018-05-25 01:35:34,619 - prawcore - DEBUG - Fetching: GET https://oauth.reddit.com/r/btc/comments/
2018-05-25 01:35:34,620 - prawcore - DEBUG - Data: None
2018-05-25 01:35:34,620 - prawcore - DEBUG - Params: {'before': None, 'limit': 100, 'raw_json': 1}
2018-05-25 01:35:34,621 - prawcore - DEBUG - Fetching: GET https://oauth.reddit.com/r/Iota/comments/
2018-05-25 01:35:34,621 - prawcore - DEBUG - Data: None
2018-05-25 01:35:34,621 - prawcore - DEBUG - Params: {'before': None, 'limit': 100, 'raw_json': 1}
2018-05-25 01:35:34,624 - prawcore - DEBUG - Fetching: GET https://oauth.reddit.com/r/CryptoMoonShots/comments/
2018-05-25 01:35:34,624 - prawcore - DEBUG - Data: None
2018-05-25 01:35:34,624 - prawcore - DEBUG - Params: {'before': None, 'limit': 100, 'raw_json': 1}
2018-05-25 01:35:34,627 - prawcore - DEBUG - Fetching: GET https://oauth.reddit.com/r/BlockChain/comments/
2018-05-25 01:35:34,628 - prawcore - DEBUG - Data: None
2018-05-25 01:35:34,628 - prawcore - DEBUG - Params: {'before': None, 'limit': 100, 'raw_json': 1}
2018-05-25 01:35:34,631 - prawcore - DEBUG - Fetching: GET https://oauth.reddit.com/r/CryptoMarkets/comments/
2018-05-25 01:35:34,632 - prawcore - DEBUG - Data: None
2018-05-25 01:35:34,632 - prawcore - DEBUG - Params: {'before': None, 'limit': 100, 'raw_json': 1}
2018-05-25 01:35:34,634 - urllib3.connectionpool - DEBUG - Starting new HTTPS connection (1): www.reddit.com
2018-05-25 01:35:34,634 - urllib3.connectionpool - DEBUG - Starting new HTTPS connection (1): www.reddit.com
2018-05-25 01:35:34,634 - urllib3.connectionpool - DEBUG - Starting new HTTPS connection (1): www.reddit.com
2018-05-25 01:35:34,635 - urllib3.connectionpool - DEBUG - Starting new HTTPS connection (1): www.reddit.com
2018-05-25 01:35:34,635 - urllib3.connectionpool - DEBUG - Starting new HTTPS connection (1): www.reddit.com
2018-05-25 01:35:34,635 - urllib3.connectionpool - DEBUG - Starting new HTTPS connection (1): www.reddit.com
2018-05-25 01:35:35,146 - urllib3.connectionpool - DEBUG - https://www.reddit.com:443 "POST /api/v1/access_token HTTP/1.1" 200 117
2018-05-25 01:35:35,150 - urllib3.connectionpool - DEBUG - Starting new HTTPS connection (1): oauth.reddit.com
2018-05-25 01:35:35,162 - urllib3.connectionpool - DEBUG - https://www.reddit.com:443 "POST /api/v1/access_token HTTP/1.1" 200 117
2018-05-25 01:35:35,165 - urllib3.connectionpool - DEBUG - Starting new HTTPS connection (1): oauth.reddit.com
2018-05-25 01:35:35,167 - urllib3.connectionpool - DEBUG - https://www.reddit.com:443 "POST /api/v1/access_token HTTP/1.1" 200 117
2018-05-25 01:35:35,170 - urllib3.connectionpool - DEBUG - Starting new HTTPS connection (1): oauth.reddit.com
2018-05-25 01:35:35,185 - urllib3.connectionpool - DEBUG - https://www.reddit.com:443 "POST /api/v1/access_token HTTP/1.1" 200 117
2018-05-25 01:35:35,196 - urllib3.connectionpool - DEBUG - Starting new HTTPS connection (1): oauth.reddit.com
2018-05-25 01:35:35,613 - urllib3.connectionpool - DEBUG - https://www.reddit.com:443 "POST /api/v1/access_token HTTP/1.1" 200 117
2018-05-25 01:35:35,614 - urllib3.connectionpool - DEBUG - https://www.reddit.com:443 "POST /api/v1/access_token HTTP/1.1" 200 117
2018-05-25 01:35:35,619 - urllib3.connectionpool - DEBUG - Starting new HTTPS connection (1): oauth.reddit.com
2018-05-25 01:35:35,619 - urllib3.connectionpool - DEBUG - Starting new HTTPS connection (1): oauth.reddit.com
2018-05-25 01:35:35,841 - urllib3.connectionpool - DEBUG - https://oauth.reddit.com:443 "GET /r/CryptoMarkets/comments/?limit=100&raw_json=1 HTTP/1.1" 200 18729
2018-05-25 01:35:35,842 - urllib3.connectionpool - DEBUG - https://oauth.reddit.com:443 "GET /r/BlockChain/comments/?limit=100&raw_json=1 HTTP/1.1" 200 27300
2018-05-25 01:35:35,843 - urllib3.connectionpool - DEBUG - https://oauth.reddit.com:443 "GET /r/ethtrader/comments/?limit=100&raw_json=1 HTTP/1.1" 200 20375
2018-05-25 01:35:35,847 - prawcore - DEBUG - Response: 200 (18729 bytes)
2018-05-25 01:35:35,862 - urllib3.connectionpool - DEBUG - https://oauth.reddit.com:443 "GET /r/CryptoMoonShots/comments/?limit=100&raw_json=1 HTTP/1.1" 200 17122
2018-05-25 01:35:35,863 - prawcore - DEBUG - Response: 200 (27300 bytes)
2018-05-25 01:35:35,879 - prawcore - DEBUG - Response: 200 (20375 bytes)
2018-05-25 01:35:35,895 - prawcore - DEBUG - Response: 200 (17122 bytes)
2018-05-25 01:35:36,343 - urllib3.connectionpool - DEBUG - https://oauth.reddit.com:443 "GET /r/Iota/comments/?limit=100&raw_json=1 HTTP/1.1" 200 22869
2018-05-25 01:35:36,352 - prawcore - DEBUG - Response: 200 (22869 bytes)
2018-05-25 01:35:36,661 - urllib3.connectionpool - DEBUG - https://oauth.reddit.com:443 "GET /r/btc/comments/?limit=100&raw_json=1 HTTP/1.1" 200 40892
2018-05-25 01:35:36,688 - prawcore - DEBUG - Response: 200 (40892 bytes)
2018-05-25 01:35:37,188 - prawcore - DEBUG - Fetching: GET https://oauth.reddit.com/r/CryptoMarkets/comments/
2018-05-25 01:35:37,188 - prawcore - DEBUG - Data: None
2018-05-25 01:35:37,189 - prawcore - DEBUG - Params: {'before': 't1_dzj722l', 'limit': 100, 'raw_json': 1}
2018-05-25 01:35:37,273 - prawcore - DEBUG - Fetching: GET https://oauth.reddit.com/r/BlockChain/comments/
2018-05-25 01:35:37,273 - prawcore - DEBUG - Data: None
2018-05-25 01:35:37,273 - prawcore - DEBUG - Params: {'before': 't1_dzj76dg', 'limit': 100, 'raw_json': 1}
2018-05-25 01:35:37,278 - prawcore - DEBUG - Fetching: GET https://oauth.reddit.com/r/ethtrader/comments/
2018-05-25 01:35:37,278 - prawcore - DEBUG - Data: None
2018-05-25 01:35:37,279 - prawcore - DEBUG - Params: {'before': 't1_dzj75cm', 'limit': 100, 'raw_json': 1}
2018-05-25 01:35:37,282 - prawcore - DEBUG - Fetching: GET https://oauth.reddit.com/r/CryptoMoonShots/comments/
2018-05-25 01:35:37,283 - prawcore - DEBUG - Data: None
2018-05-25 01:35:37,283 - prawcore - DEBUG - Params: {'before': 't1_dzj4ia6', 'limit': 100, 'raw_json': 1}
2018-05-25 01:35:37,346 - urllib3.connectionpool - DEBUG - https://oauth.reddit.com:443 "GET /r/CryptoMarkets/comments/?before=t1_dzj722l&limit=100&raw_json=1 HTTP/1.1" 200 104
2018-05-25 01:35:37,347 - prawcore - DEBUG - Response: 200 (104 bytes)
2018-05-25 01:35:37,428 - urllib3.connectionpool - DEBUG - https://oauth.reddit.com:443 "GET /r/ethtrader/comments/?before=t1_dzj75cm&limit=100&raw_json=1 HTTP/1.1" 200 104
2018-05-25 01:35:37,429 - prawcore - DEBUG - Response: 200 (104 bytes)
2018-05-25 01:35:37,430 - urllib3.connectionpool - DEBUG - https://oauth.reddit.com:443 "GET /r/CryptoMoonShots/comments/?before=t1_dzj4ia6&limit=100&raw_json=1 HTTP/1.1" 200 104
2018-05-25 01:35:37,430 - prawcore - DEBUG - Response: 200 (104 bytes)
2018-05-25 01:35:37,712 - urllib3.connectionpool - DEBUG - https://oauth.reddit.com:443 "GET /r/BlockChain/comments/?before=t1_dzj76dg&limit=100&raw_json=1 HTTP/1.1" 200 104
2018-05-25 01:35:37,713 - prawcore - DEBUG - Response: 200 (104 bytes)
2018-05-25 01:35:37,755 - prawcore - DEBUG - Fetching: GET https://oauth.reddit.com/r/Iota/comments/
2018-05-25 01:35:37,755 - prawcore - DEBUG - Data: None
2018-05-25 01:35:37,755 - prawcore - DEBUG - Params: {'before': 't1_dzj708i', 'limit': 100, 'raw_json': 1}
2018-05-25 01:35:37,820 - prawcore - DEBUG - Fetching: GET https://oauth.reddit.com/r/btc/comments/
2018-05-25 01:35:37,820 - prawcore - DEBUG - Data: None
2018-05-25 01:35:37,820 - prawcore - DEBUG - Params: {'before': 't1_dzj776h', 'limit': 100, 'raw_json': 1}
2018-05-25 01:35:37,939 - urllib3.connectionpool - DEBUG - https://oauth.reddit.com:443 "GET /r/Iota/comments/?before=t1_dzj708i&limit=100&raw_json=1 HTTP/1.1" 200 104
2018-05-25 01:35:37,940 - prawcore - DEBUG - Response: 200 (104 bytes)
2018-05-25 01:35:37,961 - urllib3.connectionpool - DEBUG - https://oauth.reddit.com:443 "GET /r/btc/comments/?before=t1_dzj776h&limit=100&raw_json=1 HTTP/1.1" 200 104
2018-05-25 01:35:37,961 - prawcore - DEBUG - Response: 200 (104 bytes)
2018-05-25 01:35:38,351 - prawcore - DEBUG - Fetching: GET https://oauth.reddit.com/r/CryptoMarkets/comments/
2018-05-25 01:35:38,352 - prawcore - DEBUG - Data: None
2018-05-25 01:35:38,352 - prawcore - DEBUG - Params: {'before': None, 'limit': 99, 'raw_json': 1}
2018-05-25 01:35:38,406 - prawcore - DEBUG - Fetching: GET https://oauth.reddit.com/r/ethtrader/comments/
2018-05-25 01:35:38,407 - prawcore - DEBUG - Data: None
2018-05-25 01:35:38,407 - prawcore - DEBUG - Params: {'before': None, 'limit': 99, 'raw_json': 1}
2018-05-25 01:35:38,443 - prawcore - DEBUG - Fetching: GET https://oauth.reddit.com/r/CryptoMoonShots/comments/
2018-05-25 01:35:38,443 - prawcore - DEBUG - Data: None
2018-05-25 01:35:38,443 - prawcore - DEBUG - Params: {'before': None, 'limit': 99, 'raw_json': 1}
2018-05-25 01:35:38,704 - prawcore - DEBUG - Fetching: GET https://oauth.reddit.com/r/BlockChain/comments/
2018-05-25 01:35:38,704 - prawcore - DEBUG - Data: None
2018-05-25 01:35:38,704 - prawcore - DEBUG - Params: {'before': None, 'limit': 99, 'raw_json': 1}
2018-05-25 01:35:38,919 - prawcore - DEBUG - Fetching: GET https://oauth.reddit.com/r/Iota/comments/
2018-05-25 01:35:38,919 - prawcore - DEBUG - Data: None
2018-05-25 01:35:38,920 - prawcore - DEBUG - Params: {'before': None, 'limit': 99, 'raw_json': 1}
2018-05-25 01:35:38,995 - prawcore - DEBUG - Fetching: GET https://oauth.reddit.com/r/btc/comments/
2018-05-25 01:35:38,996 - prawcore - DEBUG - Data: None
2018-05-25 01:35:38,996 - prawcore - DEBUG - Params: {'before': None, 'limit': 99, 'raw_json': 1}
2018-05-25 01:35:40,033 - urllib3.connectionpool - DEBUG - https://oauth.reddit.com:443 "GET /r/ethtrader/comments/?limit=99&raw_json=1 HTTP/1.1" 200 20233
2018-05-25 01:35:40,035 - prawcore - DEBUG - Response: 200 (20233 bytes)
2018-05-25 01:35:40,678 - urllib3.connectionpool - DEBUG - https://oauth.reddit.com:443 "GET /r/CryptoMarkets/comments/?limit=99&raw_json=1 HTTP/1.1" 200 18627
2018-05-25 01:35:40,683 - prawcore - DEBUG - Response: 200 (18627 bytes)
2018-05-25 01:35:40,978 - urllib3.connectionpool - DEBUG - https://oauth.reddit.com:443 "GET /r/Iota/comments/?limit=99&raw_json=1 HTTP/1.1" 200 22752
2018-05-25 01:35:40,989 - prawcore - DEBUG - Response: 200 (22752 bytes)
2018-05-25 01:35:41,748 - urllib3.connectionpool - DEBUG - https://oauth.reddit.com:443 "GET /r/CryptoMoonShots/comments/?limit=99&raw_json=1 HTTP/1.1" 200 17018
2018-05-25 01:35:41,750 - prawcore - DEBUG - Response: 200 (17018 bytes)
2018-05-25 01:35:41,783 - urllib3.connectionpool - DEBUG - https://oauth.reddit.com:443 "GET /r/BlockChain/comments/?limit=99&raw_json=1 HTTP/1.1" 200 27115
2018-05-25 01:35:41,786 - prawcore - DEBUG - Response: 200 (27115 bytes)
2018-05-25 01:35:41,856 - urllib3.connectionpool - DEBUG - https://oauth.reddit.com:443 "GET /r/btc/comments/?limit=99&raw_json=1 HTTP/1.1" 200 40759
2018-05-25 01:35:41,871 - prawcore - DEBUG - Response: 200 (40759 bytes)
2018-05-25 01:35:42,046 - prawcore - DEBUG - Fetching: GET https://oauth.reddit.com/r/ethtrader/comments/
2018-05-25 01:35:42,046 - prawcore - DEBUG - Data: None
2018-05-25 01:35:42,046 - prawcore - DEBUG - Params: {'before': None, 'limit': 98, 'raw_json': 1}
2018-05-25 01:35:42,673 - prawcore - DEBUG - Fetching: GET https://oauth.reddit.com/r/CryptoMarkets/comments/
2018-05-25 01:35:42,674 - prawcore - DEBUG - Data: None
2018-05-25 01:35:42,674 - prawcore - DEBUG - Params: {'before': None, 'limit': 98, 'raw_json': 1}
2018-05-25 01:35:43,003 - prawcore - DEBUG - Fetching: GET https://oauth.reddit.com/r/Iota/comments/
2018-05-25 01:35:43,004 - prawcore - DEBUG - Data: None
2018-05-25 01:35:43,005 - prawcore - DEBUG - Params: {'before': None, 'limit': 98, 'raw_json': 1}
2018-05-25 01:35:43,042 - urllib3.connectionpool - DEBUG - https://oauth.reddit.com:443 "GET /r/ethtrader/comments/?limit=98&raw_json=1 HTTP/1.1" 200 20149
2018-05-25 01:35:43,044 - prawcore - DEBUG - Response: 200 (20149 bytes)
2018-05-25 01:35:43,541 - urllib3.connectionpool - DEBUG - https://oauth.reddit.com:443 "GET /r/Iota/comments/?limit=98&raw_json=1 HTTP/1.1" 200 22532
2018-05-25 01:35:43,546 - prawcore - DEBUG - Response: 200 (22532 bytes)
2018-05-25 01:35:43,782 - prawcore - DEBUG - Fetching: GET https://oauth.reddit.com/r/BlockChain/comments/
2018-05-25 01:35:43,783 - prawcore - DEBUG - Data: None
2018-05-25 01:35:43,783 - prawcore - DEBUG - Params: {'before': None, 'limit': 98, 'raw_json': 1}
2018-05-25 01:35:43,831 - prawcore - DEBUG - Fetching: GET https://oauth.reddit.com/r/btc/comments/
2018-05-25 01:35:43,831 - prawcore - DEBUG - Data: None
2018-05-25 01:35:43,831 - prawcore - DEBUG - Params: {'before': None, 'limit': 98, 'raw_json': 1}
2018-05-25 01:35:43,841 - prawcore - DEBUG - Fetching: GET https://oauth.reddit.com/r/CryptoMoonShots/comments/
2018-05-25 01:35:43,841 - prawcore - DEBUG - Data: None
2018-05-25 01:35:43,841 - prawcore - DEBUG - Params: {'before': None, 'limit': 98, 'raw_json': 1}
2018-05-25 01:35:44,496 - urllib3.connectionpool - DEBUG - https://oauth.reddit.com:443 "GET /r/CryptoMarkets/comments/?limit=98&raw_json=1 HTTP/1.1" 200 18453
2018-05-25 01:35:44,500 - prawcore - DEBUG - Response: 200 (18453 bytes)
2018-05-25 01:35:45,292 - urllib3.connectionpool - DEBUG - https://oauth.reddit.com:443 "GET /r/BlockChain/comments/?limit=98&raw_json=1 HTTP/1.1" 200 26933
2018-05-25 01:35:45,295 - prawcore - DEBUG - Response: 200 (26933 bytes)
2018-05-25 01:35:45,440 - urllib3.connectionpool - DEBUG - https://oauth.reddit.com:443 "GET /r/btc/comments/?limit=98&raw_json=1 HTTP/1.1" 200 40571
2018-05-25 01:35:45,447 - prawcore - DEBUG - Response: 200 (40571 bytes)
2018-05-25 01:35:46,063 - urllib3.connectionpool - DEBUG - https://oauth.reddit.com:443 "GET /r/CryptoMoonShots/comments/?limit=98&raw_json=1 HTTP/1.1" 200 16895
2018-05-25 01:35:46,066 - prawcore - DEBUG - Response: 200 (16895 bytes)
2018-05-25 01:35:47,069 - prawcore - DEBUG - Fetching: GET https://oauth.reddit.com/r/ethtrader/comments/
2018-05-25 01:35:47,069 - prawcore - DEBUG - Data: None
2018-05-25 01:35:47,069 - prawcore - DEBUG - Params: {'before': None, 'limit': 97, 'raw_json': 1}
2018-05-25 01:35:47,510 - prawcore - DEBUG - Fetching: GET https://oauth.reddit.com/r/Iota/comments/
2018-05-25 01:35:47,510 - prawcore - DEBUG - Data: None
2018-05-25 01:35:47,510 - prawcore - DEBUG - Params: {'before': None, 'limit': 97, 'raw_json': 1}
2018-05-25 01:35:47,781 - urllib3.connectionpool - DEBUG - https://oauth.reddit.com:443 "GET /r/ethtrader/comments/?limit=97&raw_json=1 HTTP/1.1" 200 20005
2018-05-25 01:35:47,783 - prawcore - DEBUG - Response: 200 (20005 bytes)
2018-05-25 01:35:48,069 - urllib3.connectionpool - DEBUG - https://oauth.reddit.com:443 "GET /r/Iota/comments/?limit=97&raw_json=1 HTTP/1.1" 200 22282
2018-05-25 01:35:48,074 - prawcore - DEBUG - Response: 200 (22282 bytes)
2018-05-25 01:35:48,489 - prawcore - DEBUG - Fetching: GET https://oauth.reddit.com/r/CryptoMarkets/comments/
2018-05-25 01:35:48,490 - prawcore - DEBUG - Data: None
2018-05-25 01:35:48,490 - prawcore - DEBUG - Params: {'before': None, 'limit': 97, 'raw_json': 1}
2018-05-25 01:35:49,051 - urllib3.connectionpool - DEBUG - https://oauth.reddit.com:443 "GET /r/CryptoMarkets/comments/?limit=97&raw_json=1 HTTP/1.1" 200 18354
2018-05-25 01:35:49,054 - prawcore - DEBUG - Response: 200 (18354 bytes)
2018-05-25 01:35:49,192 - prawcore - DEBUG - Fetching: GET https://oauth.reddit.com/r/BlockChain/comments/
2018-05-25 01:35:49,193 - prawcore - DEBUG - Data: None
2018-05-25 01:35:49,193 - prawcore - DEBUG - Params: {'before': None, 'limit': 97, 'raw_json': 1}
2018-05-25 01:35:49,347 - prawcore - DEBUG - Fetching: GET https://oauth.reddit.com/r/btc/comments/
2018-05-25 01:35:49,348 - prawcore - DEBUG - Data: None
2018-05-25 01:35:49,348 - prawcore - DEBUG - Params: {'before': None, 'limit': 97, 'raw_json': 1}
2018-05-25 01:35:49,896 - urllib3.connectionpool - DEBUG - https://oauth.reddit.com:443 "GET /r/BlockChain/comments/?limit=97&raw_json=1 HTTP/1.1" 200 26659
2018-05-25 01:35:49,899 - prawcore - DEBUG - Response: 200 (26659 bytes)
2018-05-25 01:35:49,991 - urllib3.connectionpool - DEBUG - https://oauth.reddit.com:443 "GET /r/btc/comments/?limit=97&raw_json=1 HTTP/1.1" 200 40243
2018-05-25 01:35:49,996 - prawcore - DEBUG - Response: 200 (40243 bytes)
2018-05-25 01:35:50,086 - prawcore - DEBUG - Fetching: GET https://oauth.reddit.com/r/CryptoMoonShots/comments/
2018-05-25 01:35:50,086 - prawcore - DEBUG - Data: None
2018-05-25 01:35:50,086 - prawcore - DEBUG - Params: {'before': None, 'limit': 97, 'raw_json': 1}
2018-05-25 01:35:50,606 - urllib3.connectionpool - DEBUG - https://oauth.reddit.com:443 "GET /r/CryptoMoonShots/comments/?limit=97&raw_json=1 HTTP/1.1" 200 16810
2018-05-25 01:35:50,610 - prawcore - DEBUG - Response: 200 (16810 bytes)
2018-05-25 01:35:55,773 - prawcore - DEBUG - Fetching: GET https://oauth.reddit.com/r/ethtrader/comments/
2018-05-25 01:35:55,773 - prawcore - DEBUG - Data: None
2018-05-25 01:35:55,773 - prawcore - DEBUG - Params: {'before': None, 'limit': 96, 'raw_json': 1}
2018-05-25 01:35:55,917 - prawcore - DEBUG - Fetching: GET https://oauth.reddit.com/r/Iota/comments/
2018-05-25 01:35:55,917 - prawcore - DEBUG - Data: None
2018-05-25 01:35:55,917 - prawcore - DEBUG - Params: {'before': None, 'limit': 96, 'raw_json': 1}
2018-05-25 01:35:55,978 - urllib3.connectionpool - DEBUG - Starting new HTTP connection (1): 159.65.27.43
2018-05-25 01:35:55,995 - urllib3.connectionpool - DEBUG - http://159.65.27.43:4555 "POST /graphql HTTP/1.1" 200 35
2018-05-25 01:35:55,996 - root - INFO - Node died gracefully
