2018-05-25 16:54:35,785 - urllib3.connectionpool - DEBUG - Starting new HTTP connection (1): 159.65.27.43
2018-05-25 16:54:35,801 - urllib3.connectionpool - DEBUG - http://159.65.27.43:4555 "POST /graphql HTTP/1.1" 200 72
2018-05-25 16:54:35,802 - root - INFO - registered with Servus with id: [5c7a8f30ebdb4c98ac8b394d3d52595e]
2018-05-25 16:54:35,808 - urllib3.connectionpool - DEBUG - Starting new HTTP connection (1): 159.65.27.43
2018-05-25 16:54:35,821 - urllib3.connectionpool - DEBUG - http://159.65.27.43:4555 "POST /graphql HTTP/1.1" 200 153
2018-05-25 16:54:35,822 - root - INFO - got tasks: CryptoMarkets ethtrader Iota CryptoMoonShots btc BlockChain
2018-05-25 16:54:36,402 - urllib3.connectionpool - DEBUG - Starting new HTTP connection (1): updatechecker.bryceboe.com
2018-05-25 16:54:36,404 - urllib3.connectionpool - DEBUG - Starting new HTTP connection (1): updatechecker.bryceboe.com
2018-05-25 16:54:36,405 - urllib3.connectionpool - DEBUG - Starting new HTTP connection (1): updatechecker.bryceboe.com
2018-05-25 16:54:36,406 - urllib3.connectionpool - DEBUG - Starting new HTTP connection (1): updatechecker.bryceboe.com
2018-05-25 16:54:36,407 - urllib3.connectionpool - DEBUG - Starting new HTTP connection (1): updatechecker.bryceboe.com
2018-05-25 16:54:36,412 - urllib3.connectionpool - DEBUG - Starting new HTTP connection (1): updatechecker.bryceboe.com
2018-05-25 16:54:36,822 - urllib3.connectionpool - DEBUG - http://updatechecker.bryceboe.com:80 "PUT /check HTTP/1.1" 200 23
2018-05-25 16:54:36,826 - prawcore - DEBUG - Fetching: GET https://oauth.reddit.com/r/CryptoMarkets/comments/
2018-05-25 16:54:36,826 - prawcore - DEBUG - Data: None
2018-05-25 16:54:36,826 - prawcore - DEBUG - Params: {'before': None, 'limit': 100, 'raw_json': 1}
2018-05-25 16:54:36,832 - urllib3.connectionpool - DEBUG - http://updatechecker.bryceboe.com:80 "PUT /check HTTP/1.1" 200 23
2018-05-25 16:54:36,834 - prawcore - DEBUG - Fetching: GET https://oauth.reddit.com/r/CryptoMoonShots/comments/
2018-05-25 16:54:36,834 - prawcore - DEBUG - Data: None
2018-05-25 16:54:36,834 - prawcore - DEBUG - Params: {'before': None, 'limit': 100, 'raw_json': 1}
2018-05-25 16:54:36,837 - urllib3.connectionpool - DEBUG - Starting new HTTPS connection (1): www.reddit.com
2018-05-25 16:54:36,837 - urllib3.connectionpool - DEBUG - Starting new HTTPS connection (1): www.reddit.com
2018-05-25 16:54:36,840 - urllib3.connectionpool - DEBUG - http://updatechecker.bryceboe.com:80 "PUT /check HTTP/1.1" 200 23
2018-05-25 16:54:36,841 - prawcore - DEBUG - Fetching: GET https://oauth.reddit.com/r/ethtrader/comments/
2018-05-25 16:54:36,841 - prawcore - DEBUG - Data: None
2018-05-25 16:54:36,841 - prawcore - DEBUG - Params: {'before': None, 'limit': 100, 'raw_json': 1}
2018-05-25 16:54:36,843 - urllib3.connectionpool - DEBUG - http://updatechecker.bryceboe.com:80 "PUT /check HTTP/1.1" 200 23
2018-05-25 16:54:36,843 - urllib3.connectionpool - DEBUG - http://updatechecker.bryceboe.com:80 "PUT /check HTTP/1.1" 200 23
2018-05-25 16:54:36,846 - urllib3.connectionpool - DEBUG - Starting new HTTPS connection (1): www.reddit.com
2018-05-25 16:54:36,847 - prawcore - DEBUG - Fetching: GET https://oauth.reddit.com/r/btc/comments/
2018-05-25 16:54:36,847 - prawcore - DEBUG - Data: None
2018-05-25 16:54:36,847 - prawcore - DEBUG - Fetching: GET https://oauth.reddit.com/r/Iota/comments/
2018-05-25 16:54:36,847 - prawcore - DEBUG - Params: {'before': None, 'limit': 100, 'raw_json': 1}
2018-05-25 16:54:36,848 - prawcore - DEBUG - Data: None
2018-05-25 16:54:36,849 - prawcore - DEBUG - Params: {'before': None, 'limit': 100, 'raw_json': 1}
2018-05-25 16:54:36,853 - urllib3.connectionpool - DEBUG - http://updatechecker.bryceboe.com:80 "PUT /check HTTP/1.1" 200 23
2018-05-25 16:54:36,853 - urllib3.connectionpool - DEBUG - Starting new HTTPS connection (1): www.reddit.com
2018-05-25 16:54:36,856 - urllib3.connectionpool - DEBUG - Starting new HTTPS connection (1): www.reddit.com
2018-05-25 16:54:36,855 - prawcore - DEBUG - Fetching: GET https://oauth.reddit.com/r/BlockChain/comments/
2018-05-25 16:54:36,856 - prawcore - DEBUG - Data: None
2018-05-25 16:54:36,856 - prawcore - DEBUG - Params: {'before': None, 'limit': 100, 'raw_json': 1}
2018-05-25 16:54:36,861 - urllib3.connectionpool - DEBUG - Starting new HTTPS connection (1): www.reddit.com
2018-05-25 16:54:37,330 - urllib3.connectionpool - DEBUG - https://www.reddit.com:443 "POST /api/v1/access_token HTTP/1.1" 200 117
2018-05-25 16:54:37,333 - urllib3.connectionpool - DEBUG - https://www.reddit.com:443 "POST /api/v1/access_token HTTP/1.1" 200 117
2018-05-25 16:54:37,341 - urllib3.connectionpool - DEBUG - Starting new HTTPS connection (1): oauth.reddit.com
2018-05-25 16:54:37,341 - urllib3.connectionpool - DEBUG - Starting new HTTPS connection (1): oauth.reddit.com
2018-05-25 16:54:37,345 - urllib3.connectionpool - DEBUG - https://www.reddit.com:443 "POST /api/v1/access_token HTTP/1.1" 200 117
2018-05-25 16:54:37,348 - urllib3.connectionpool - DEBUG - Starting new HTTPS connection (1): oauth.reddit.com
2018-05-25 16:54:37,358 - urllib3.connectionpool - DEBUG - https://www.reddit.com:443 "POST /api/v1/access_token HTTP/1.1" 200 117
2018-05-25 16:54:37,361 - urllib3.connectionpool - DEBUG - https://www.reddit.com:443 "POST /api/v1/access_token HTTP/1.1" 200 117
2018-05-25 16:54:37,365 - urllib3.connectionpool - DEBUG - Starting new HTTPS connection (1): oauth.reddit.com
2018-05-25 16:54:37,367 - urllib3.connectionpool - DEBUG - Starting new HTTPS connection (1): oauth.reddit.com
2018-05-25 16:54:37,448 - urllib3.connectionpool - DEBUG - https://www.reddit.com:443 "POST /api/v1/access_token HTTP/1.1" 200 117
2018-05-25 16:54:37,451 - urllib3.connectionpool - DEBUG - Starting new HTTPS connection (1): oauth.reddit.com
2018-05-25 16:54:37,981 - urllib3.connectionpool - DEBUG - https://oauth.reddit.com:443 "GET /r/Iota/comments/?limit=100&raw_json=1 HTTP/1.1" 200 22458
2018-05-25 16:54:37,986 - prawcore - DEBUG - Response: 200 (22458 bytes)
2018-05-25 16:54:38,003 - urllib3.connectionpool - DEBUG - https://oauth.reddit.com:443 "GET /r/CryptoMoonShots/comments/?limit=100&raw_json=1 HTTP/1.1" 200 17087
2018-05-25 16:54:38,004 - prawcore - DEBUG - Response: 200 (17087 bytes)
2018-05-25 16:54:38,021 - urllib3.connectionpool - DEBUG - https://oauth.reddit.com:443 "GET /r/btc/comments/?limit=100&raw_json=1 HTTP/1.1" 200 28135
2018-05-25 16:54:38,028 - prawcore - DEBUG - Response: 200 (28135 bytes)
2018-05-25 16:54:38,048 - urllib3.connectionpool - DEBUG - https://oauth.reddit.com:443 "GET /r/CryptoMarkets/comments/?limit=100&raw_json=1 HTTP/1.1" 200 18304
2018-05-25 16:54:38,055 - prawcore - DEBUG - Response: 200 (18304 bytes)
2018-05-25 16:54:38,156 - urllib3.connectionpool - DEBUG - https://oauth.reddit.com:443 "GET /r/BlockChain/comments/?limit=100&raw_json=1 HTTP/1.1" 200 28794
2018-05-25 16:54:38,163 - prawcore - DEBUG - Response: 200 (28794 bytes)
2018-05-25 16:54:38,361 - urllib3.connectionpool - DEBUG - https://oauth.reddit.com:443 "GET /r/ethtrader/comments/?limit=100&raw_json=1 HTTP/1.1" 200 20662
2018-05-25 16:54:38,368 - prawcore - DEBUG - Response: 200 (20662 bytes)
2018-05-25 16:54:38,694 - prawcore - DEBUG - Fetching: GET https://oauth.reddit.com/r/CryptoMoonShots/comments/
2018-05-25 16:54:38,694 - prawcore - DEBUG - Data: None
2018-05-25 16:54:38,694 - prawcore - DEBUG - Params: {'before': 't1_dzkbbh9', 'limit': 100, 'raw_json': 1}
2018-05-25 16:54:38,751 - prawcore - DEBUG - Fetching: GET https://oauth.reddit.com/r/Iota/comments/
2018-05-25 16:54:38,751 - prawcore - DEBUG - Data: None
2018-05-25 16:54:38,752 - prawcore - DEBUG - Params: {'before': 't1_dzkbdp9', 'limit': 100, 'raw_json': 1}
2018-05-25 16:54:38,752 - prawcore - DEBUG - Fetching: GET https://oauth.reddit.com/r/btc/comments/
2018-05-25 16:54:38,753 - prawcore - DEBUG - Data: None
2018-05-25 16:54:38,753 - prawcore - DEBUG - Params: {'before': 't1_dzkbfkb', 'limit': 100, 'raw_json': 1}
2018-05-25 16:54:38,781 - prawcore - DEBUG - Fetching: GET https://oauth.reddit.com/r/CryptoMarkets/comments/
2018-05-25 16:54:38,781 - prawcore - DEBUG - Data: None
2018-05-25 16:54:38,781 - prawcore - DEBUG - Params: {'before': 't1_dzk9wmo', 'limit': 100, 'raw_json': 1}
2018-05-25 16:54:38,821 - prawcore - DEBUG - Fetching: GET https://oauth.reddit.com/r/BlockChain/comments/
2018-05-25 16:54:38,821 - prawcore - DEBUG - Data: None
2018-05-25 16:54:38,821 - prawcore - DEBUG - Params: {'before': 't1_dzk9ykn', 'limit': 100, 'raw_json': 1}
2018-05-25 16:54:38,848 - urllib3.connectionpool - DEBUG - https://oauth.reddit.com:443 "GET /r/CryptoMoonShots/comments/?before=t1_dzkbbh9&limit=100&raw_json=1 HTTP/1.1" 200 104
2018-05-25 16:54:38,849 - prawcore - DEBUG - Response: 200 (104 bytes)
2018-05-25 16:54:38,899 - urllib3.connectionpool - DEBUG - https://oauth.reddit.com:443 "GET /r/btc/comments/?before=t1_dzkbfkb&limit=100&raw_json=1 HTTP/1.1" 200 104
2018-05-25 16:54:38,900 - prawcore - DEBUG - Response: 200 (104 bytes)
2018-05-25 16:54:38,901 - urllib3.connectionpool - DEBUG - https://oauth.reddit.com:443 "GET /r/Iota/comments/?before=t1_dzkbdp9&limit=100&raw_json=1 HTTP/1.1" 200 104
2018-05-25 16:54:38,901 - prawcore - DEBUG - Response: 200 (104 bytes)
2018-05-25 16:54:38,926 - urllib3.connectionpool - DEBUG - https://oauth.reddit.com:443 "GET /r/CryptoMarkets/comments/?before=t1_dzk9wmo&limit=100&raw_json=1 HTTP/1.1" 200 104
2018-05-25 16:54:38,930 - prawcore - DEBUG - Response: 200 (104 bytes)
2018-05-25 16:54:38,976 - urllib3.connectionpool - DEBUG - https://oauth.reddit.com:443 "GET /r/BlockChain/comments/?before=t1_dzk9ykn&limit=100&raw_json=1 HTTP/1.1" 200 104
2018-05-25 16:54:38,977 - prawcore - DEBUG - Response: 200 (104 bytes)
2018-05-25 16:54:39,014 - prawcore - DEBUG - Fetching: GET https://oauth.reddit.com/r/ethtrader/comments/
2018-05-25 16:54:39,014 - prawcore - DEBUG - Data: None
2018-05-25 16:54:39,014 - prawcore - DEBUG - Params: {'before': 't1_dzkbg37', 'limit': 100, 'raw_json': 1}
2018-05-25 16:54:39,406 - urllib3.connectionpool - DEBUG - https://oauth.reddit.com:443 "GET /r/ethtrader/comments/?before=t1_dzkbg37&limit=100&raw_json=1 HTTP/1.1" 200 104
2018-05-25 16:54:39,407 - prawcore - DEBUG - Response: 200 (104 bytes)
2018-05-25 16:54:39,854 - prawcore - DEBUG - Fetching: GET https://oauth.reddit.com/r/CryptoMoonShots/comments/
2018-05-25 16:54:39,854 - prawcore - DEBUG - Data: None
2018-05-25 16:54:39,854 - prawcore - DEBUG - Params: {'before': None, 'limit': 99, 'raw_json': 1}
2018-05-25 16:54:39,932 - prawcore - DEBUG - Fetching: GET https://oauth.reddit.com/r/Iota/comments/
2018-05-25 16:54:39,932 - prawcore - DEBUG - Fetching: GET https://oauth.reddit.com/r/btc/comments/
2018-05-25 16:54:39,932 - prawcore - DEBUG - Data: None
2018-05-25 16:54:39,932 - prawcore - DEBUG - Data: None
2018-05-25 16:54:39,932 - prawcore - DEBUG - Params: {'before': None, 'limit': 99, 'raw_json': 1}
2018-05-25 16:54:39,933 - prawcore - DEBUG - Params: {'before': None, 'limit': 99, 'raw_json': 1}
2018-05-25 16:54:39,943 - prawcore - DEBUG - Fetching: GET https://oauth.reddit.com/r/CryptoMarkets/comments/
2018-05-25 16:54:39,943 - prawcore - DEBUG - Data: None
2018-05-25 16:54:39,943 - prawcore - DEBUG - Params: {'before': None, 'limit': 99, 'raw_json': 1}
2018-05-25 16:54:39,970 - prawcore - DEBUG - Fetching: GET https://oauth.reddit.com/r/BlockChain/comments/
2018-05-25 16:54:39,970 - prawcore - DEBUG - Data: None
2018-05-25 16:54:39,970 - prawcore - DEBUG - Params: {'before': None, 'limit': 99, 'raw_json': 1}
2018-05-25 16:54:40,411 - prawcore - DEBUG - Fetching: GET https://oauth.reddit.com/r/ethtrader/comments/
2018-05-25 16:54:40,412 - prawcore - DEBUG - Data: None
2018-05-25 16:54:40,412 - prawcore - DEBUG - Params: {'before': None, 'limit': 99, 'raw_json': 1}
2018-05-25 16:54:40,556 - urllib3.connectionpool - DEBUG - https://oauth.reddit.com:443 "GET /r/CryptoMoonShots/comments/?limit=99&raw_json=1 HTTP/1.1" 200 16924
2018-05-25 16:54:40,559 - prawcore - DEBUG - Response: 200 (16924 bytes)
2018-05-25 16:54:42,568 - prawcore - DEBUG - Fetching: GET https://oauth.reddit.com/r/CryptoMoonShots/comments/
2018-05-25 16:54:42,568 - prawcore - DEBUG - Data: None
2018-05-25 16:54:42,568 - prawcore - DEBUG - Params: {'before': None, 'limit': 98, 'raw_json': 1}
2018-05-25 16:54:42,724 - urllib3.connectionpool - DEBUG - https://oauth.reddit.com:443 "GET /r/Iota/comments/?limit=99&raw_json=1 HTTP/1.1" 200 22331
2018-05-25 16:54:42,756 - prawcore - DEBUG - Response: 200 (22331 bytes)
2018-05-25 16:54:42,798 - urllib3.connectionpool - DEBUG - https://oauth.reddit.com:443 "GET /r/btc/comments/?limit=99&raw_json=1 HTTP/1.1" 200 27839
2018-05-25 16:54:42,801 - prawcore - DEBUG - Response: 200 (27839 bytes)
2018-05-25 16:54:43,368 - urllib3.connectionpool - DEBUG - https://oauth.reddit.com:443 "GET /r/ethtrader/comments/?limit=99&raw_json=1 HTTP/1.1" 200 20360
2018-05-25 16:54:43,370 - prawcore - DEBUG - Response: 200 (20360 bytes)
2018-05-25 16:54:43,574 - urllib3.connectionpool - DEBUG - https://oauth.reddit.com:443 "GET /r/BlockChain/comments/?limit=99&raw_json=1 HTTP/1.1" 200 28658
2018-05-25 16:54:43,577 - prawcore - DEBUG - Response: 200 (28658 bytes)
2018-05-25 16:54:44,391 - urllib3.connectionpool - DEBUG - https://oauth.reddit.com:443 "GET /r/CryptoMoonShots/comments/?limit=98&raw_json=1 HTTP/1.1" 200 16824
2018-05-25 16:54:44,394 - prawcore - DEBUG - Response: 200 (16824 bytes)
2018-05-25 16:54:44,591 - urllib3.connectionpool - DEBUG - https://oauth.reddit.com:443 "GET /r/CryptoMarkets/comments/?limit=99&raw_json=1 HTTP/1.1" 200 18230
2018-05-25 16:54:44,593 - prawcore - DEBUG - Response: 200 (18230 bytes)
2018-05-25 16:54:44,778 - prawcore - DEBUG - Fetching: GET https://oauth.reddit.com/r/btc/comments/
2018-05-25 16:54:44,778 - prawcore - DEBUG - Data: None
2018-05-25 16:54:44,778 - prawcore - DEBUG - Params: {'before': None, 'limit': 98, 'raw_json': 1}
2018-05-25 16:54:44,793 - prawcore - DEBUG - Fetching: GET https://oauth.reddit.com/r/Iota/comments/
2018-05-25 16:54:44,793 - prawcore - DEBUG - Data: None
2018-05-25 16:54:44,793 - prawcore - DEBUG - Params: {'before': None, 'limit': 98, 'raw_json': 1}
2018-05-25 16:54:45,329 - prawcore - DEBUG - Fetching: GET https://oauth.reddit.com/r/ethtrader/comments/
2018-05-25 16:54:45,329 - prawcore - DEBUG - Data: None
2018-05-25 16:54:45,329 - prawcore - DEBUG - Params: {'before': None, 'limit': 98, 'raw_json': 1}
2018-05-25 16:54:45,573 - prawcore - DEBUG - Fetching: GET https://oauth.reddit.com/r/BlockChain/comments/
2018-05-25 16:54:45,573 - prawcore - DEBUG - Data: None
2018-05-25 16:54:45,573 - prawcore - DEBUG - Params: {'before': None, 'limit': 98, 'raw_json': 1}
2018-05-25 16:54:46,221 - urllib3.connectionpool - DEBUG - https://oauth.reddit.com:443 "GET /r/ethtrader/comments/?limit=98&raw_json=1 HTTP/1.1" 200 20253
2018-05-25 16:54:46,226 - prawcore - DEBUG - Response: 200 (20253 bytes)
2018-05-25 16:54:46,643 - urllib3.connectionpool - DEBUG - https://oauth.reddit.com:443 "GET /r/btc/comments/?limit=98&raw_json=1 HTTP/1.1" 200 27438
2018-05-25 16:54:46,647 - prawcore - DEBUG - Fetching: GET https://oauth.reddit.com/r/CryptoMarkets/comments/
2018-05-25 16:54:46,647 - prawcore - DEBUG - Data: None
2018-05-25 16:54:46,647 - prawcore - DEBUG - Params: {'before': None, 'limit': 98, 'raw_json': 1}
2018-05-25 16:54:46,647 - prawcore - DEBUG - Response: 200 (27438 bytes)
2018-05-25 16:54:46,670 - urllib3.connectionpool - DEBUG - https://oauth.reddit.com:443 "GET /r/Iota/comments/?limit=98&raw_json=1 HTTP/1.1" 200 22242
2018-05-25 16:54:46,672 - prawcore - DEBUG - Response: 200 (22242 bytes)
2018-05-25 16:54:47,524 - urllib3.connectionpool - DEBUG - https://oauth.reddit.com:443 "GET /r/BlockChain/comments/?limit=98&raw_json=1 HTTP/1.1" 200 28497
2018-05-25 16:54:47,526 - prawcore - DEBUG - Response: 200 (28497 bytes)
2018-05-25 16:54:48,386 - prawcore - DEBUG - Fetching: GET https://oauth.reddit.com/r/CryptoMoonShots/comments/
2018-05-25 16:54:48,386 - prawcore - DEBUG - Data: None
2018-05-25 16:54:48,386 - prawcore - DEBUG - Params: {'before': None, 'limit': 97, 'raw_json': 1}
2018-05-25 16:54:49,395 - urllib3.connectionpool - DEBUG - https://oauth.reddit.com:443 "GET /r/CryptoMoonShots/comments/?limit=97&raw_json=1 HTTP/1.1" 200 16665
2018-05-25 16:54:49,396 - prawcore - DEBUG - Response: 200 (16665 bytes)
2018-05-25 16:54:50,182 - urllib3.connectionpool - DEBUG - https://oauth.reddit.com:443 "GET /r/CryptoMarkets/comments/?limit=98&raw_json=1 HTTP/1.1" 200 17944
2018-05-25 16:54:50,188 - prawcore - DEBUG - Response: 200 (17944 bytes)
2018-05-25 16:54:50,333 - prawcore - DEBUG - Fetching: GET https://oauth.reddit.com/r/ethtrader/comments/
2018-05-25 16:54:50,333 - prawcore - DEBUG - Data: None
2018-05-25 16:54:50,333 - prawcore - DEBUG - Params: {'before': None, 'limit': 97, 'raw_json': 1}
2018-05-25 16:54:50,601 - prawcore - DEBUG - Fetching: GET https://oauth.reddit.com/r/Iota/comments/
2018-05-25 16:54:50,602 - prawcore - DEBUG - Data: None
2018-05-25 16:54:50,602 - prawcore - DEBUG - Params: {'before': None, 'limit': 97, 'raw_json': 1}
2018-05-25 16:54:50,706 - prawcore - DEBUG - Fetching: GET https://oauth.reddit.com/r/btc/comments/
2018-05-25 16:54:50,706 - prawcore - DEBUG - Data: None
2018-05-25 16:54:50,706 - prawcore - DEBUG - Params: {'before': None, 'limit': 97, 'raw_json': 1}
2018-05-25 16:54:51,143 - urllib3.connectionpool - DEBUG - https://oauth.reddit.com:443 "GET /r/ethtrader/comments/?limit=97&raw_json=1 HTTP/1.1" 200 19961
2018-05-25 16:54:51,147 - prawcore - DEBUG - Response: 200 (19961 bytes)
2018-05-25 16:54:51,315 - urllib3.connectionpool - DEBUG - https://oauth.reddit.com:443 "GET /r/Iota/comments/?limit=97&raw_json=1 HTTP/1.1" 200 22018
2018-05-25 16:54:51,317 - prawcore - DEBUG - Response: 200 (22018 bytes)
2018-05-25 16:54:51,544 - prawcore - DEBUG - Fetching: GET https://oauth.reddit.com/r/BlockChain/comments/
2018-05-25 16:54:51,545 - prawcore - DEBUG - Data: None
2018-05-25 16:54:51,546 - prawcore - DEBUG - Params: {'before': None, 'limit': 97, 'raw_json': 1}
2018-05-25 16:54:51,670 - urllib3.connectionpool - DEBUG - https://oauth.reddit.com:443 "GET /r/btc/comments/?limit=97&raw_json=1 HTTP/1.1" 200 27304
2018-05-25 16:54:51,677 - prawcore - DEBUG - Response: 200 (27304 bytes)
2018-05-25 16:54:52,187 - urllib3.connectionpool - DEBUG - https://oauth.reddit.com:443 "GET /r/BlockChain/comments/?limit=97&raw_json=1 HTTP/1.1" 200 28339
2018-05-25 16:54:52,194 - prawcore - DEBUG - Response: 200 (28339 bytes)
2018-05-25 16:54:54,091 - prawcore - DEBUG - Fetching: GET https://oauth.reddit.com/r/CryptoMarkets/comments/
2018-05-25 16:54:54,091 - prawcore - DEBUG - Data: None
2018-05-25 16:54:54,091 - prawcore - DEBUG - Params: {'before': None, 'limit': 97, 'raw_json': 1}
2018-05-25 16:54:54,817 - urllib3.connectionpool - DEBUG - https://oauth.reddit.com:443 "GET /r/CryptoMarkets/comments/?limit=97&raw_json=1 HTTP/1.1" 200 17702
2018-05-25 16:54:54,820 - prawcore - DEBUG - Response: 200 (17702 bytes)
2018-05-25 16:54:57,192 - prawcore - DEBUG - Fetching: GET https://oauth.reddit.com/r/CryptoMoonShots/comments/
2018-05-25 16:54:57,192 - prawcore - DEBUG - Data: None
2018-05-25 16:54:57,192 - prawcore - DEBUG - Params: {'before': None, 'limit': 96, 'raw_json': 1}
2018-05-25 16:54:57,799 - urllib3.connectionpool - DEBUG - https://oauth.reddit.com:443 "GET /r/CryptoMoonShots/comments/?limit=96&raw_json=1 HTTP/1.1" 200 16379
2018-05-25 16:54:57,804 - prawcore - DEBUG - Response: 200 (16379 bytes)
2018-05-25 16:54:58,950 - prawcore - DEBUG - Fetching: GET https://oauth.reddit.com/r/ethtrader/comments/
2018-05-25 16:54:58,950 - prawcore - DEBUG - Data: None
2018-05-25 16:54:58,950 - prawcore - DEBUG - Params: {'before': None, 'limit': 96, 'raw_json': 1}
2018-05-25 16:54:59,415 - prawcore - DEBUG - Fetching: GET https://oauth.reddit.com/r/Iota/comments/
2018-05-25 16:54:59,415 - prawcore - DEBUG - Data: None
2018-05-25 16:54:59,415 - prawcore - DEBUG - Params: {'before': None, 'limit': 96, 'raw_json': 1}
2018-05-25 16:54:59,741 - urllib3.connectionpool - DEBUG - https://oauth.reddit.com:443 "GET /r/ethtrader/comments/?limit=96&raw_json=1 HTTP/1.1" 200 19808
2018-05-25 16:54:59,743 - prawcore - DEBUG - Response: 200 (19808 bytes)
2018-05-25 16:54:59,758 - prawcore - DEBUG - Fetching: GET https://oauth.reddit.com/r/btc/comments/
2018-05-25 16:54:59,758 - prawcore - DEBUG - Data: None
2018-05-25 16:54:59,759 - prawcore - DEBUG - Params: {'before': None, 'limit': 96, 'raw_json': 1}
2018-05-25 16:55:00,065 - urllib3.connectionpool - DEBUG - https://oauth.reddit.com:443 "GET /r/Iota/comments/?limit=96&raw_json=1 HTTP/1.1" 200 21820
2018-05-25 16:55:00,068 - prawcore - DEBUG - Response: 200 (21820 bytes)
2018-05-25 16:55:00,105 - prawcore - DEBUG - Fetching: GET https://oauth.reddit.com/r/BlockChain/comments/
2018-05-25 16:55:00,105 - prawcore - DEBUG - Data: None
2018-05-25 16:55:00,106 - prawcore - DEBUG - Params: {'before': None, 'limit': 96, 'raw_json': 1}
2018-05-25 16:55:00,398 - urllib3.connectionpool - DEBUG - https://oauth.reddit.com:443 "GET /r/btc/comments/?limit=96&raw_json=1 HTTP/1.1" 200 27191
2018-05-25 16:55:00,403 - prawcore - DEBUG - Response: 200 (27191 bytes)
2018-05-25 16:55:00,775 - urllib3.connectionpool - DEBUG - https://oauth.reddit.com:443 "GET /r/BlockChain/comments/?limit=96&raw_json=1 HTTP/1.1" 200 28190
2018-05-25 16:55:00,778 - prawcore - DEBUG - Response: 200 (28190 bytes)
2018-05-25 16:55:02,743 - prawcore - DEBUG - Fetching: GET https://oauth.reddit.com/r/CryptoMarkets/comments/
2018-05-25 16:55:02,743 - prawcore - DEBUG - Data: None
2018-05-25 16:55:02,743 - prawcore - DEBUG - Params: {'before': None, 'limit': 96, 'raw_json': 1}
2018-05-25 16:55:04,657 - urllib3.connectionpool - DEBUG - https://oauth.reddit.com:443 "GET /r/CryptoMarkets/comments/?limit=96&raw_json=1 HTTP/1.1" 200 17507
2018-05-25 16:55:04,660 - prawcore - DEBUG - Response: 200 (17507 bytes)
2018-05-25 16:55:13,666 - prawcore - DEBUG - Fetching: GET https://oauth.reddit.com/r/CryptoMoonShots/comments/
2018-05-25 16:55:13,666 - prawcore - DEBUG - Data: None
2018-05-25 16:55:13,666 - prawcore - DEBUG - Params: {'before': None, 'limit': 95, 'raw_json': 1}
2018-05-25 16:55:14,239 - urllib3.connectionpool - DEBUG - https://oauth.reddit.com:443 "GET /r/CryptoMoonShots/comments/?limit=95&raw_json=1 HTTP/1.1" 200 16299
2018-05-25 16:55:14,242 - prawcore - DEBUG - Response: 200 (16299 bytes)
2018-05-25 16:55:15,896 - prawcore - DEBUG - Fetching: GET https://oauth.reddit.com/r/ethtrader/comments/
2018-05-25 16:55:15,896 - prawcore - DEBUG - Data: None
2018-05-25 16:55:15,896 - prawcore - DEBUG - Params: {'before': None, 'limit': 95, 'raw_json': 1}
2018-05-25 16:55:16,260 - prawcore - DEBUG - Fetching: GET https://oauth.reddit.com/r/Iota/comments/
2018-05-25 16:55:16,260 - prawcore - DEBUG - Data: None
2018-05-25 16:55:16,260 - prawcore - DEBUG - Params: {'before': None, 'limit': 95, 'raw_json': 1}
2018-05-25 16:55:16,545 - prawcore - DEBUG - Fetching: GET https://oauth.reddit.com/r/btc/comments/
2018-05-25 16:55:16,545 - prawcore - DEBUG - Data: None
2018-05-25 16:55:16,545 - prawcore - DEBUG - Params: {'before': None, 'limit': 95, 'raw_json': 1}
2018-05-25 16:55:16,725 - urllib3.connectionpool - DEBUG - https://oauth.reddit.com:443 "GET /r/ethtrader/comments/?limit=95&raw_json=1 HTTP/1.1" 200 19595
2018-05-25 16:55:16,727 - prawcore - DEBUG - Response: 200 (19595 bytes)
2018-05-25 16:55:16,747 - prawcore - DEBUG - Fetching: GET https://oauth.reddit.com/r/ethtrader/comments/
2018-05-25 16:55:16,747 - prawcore - DEBUG - Data: None
2018-05-25 16:55:16,747 - prawcore - DEBUG - Params: {'before': 't1_dzkbh8j', 'limit': 100, 'raw_json': 1}
2018-05-25 16:55:16,817 - prawcore - DEBUG - Fetching: GET https://oauth.reddit.com/r/BlockChain/comments/
2018-05-25 16:55:16,817 - prawcore - DEBUG - Data: None
2018-05-25 16:55:16,817 - prawcore - DEBUG - Params: {'before': None, 'limit': 95, 'raw_json': 1}
2018-05-25 16:55:17,035 - urllib3.connectionpool - DEBUG - https://oauth.reddit.com:443 "GET /r/Iota/comments/?limit=95&raw_json=1 HTTP/1.1" 200 21528
2018-05-25 16:55:17,038 - prawcore - DEBUG - Response: 200 (21528 bytes)
2018-05-25 16:55:17,353 - urllib3.connectionpool - DEBUG - https://oauth.reddit.com:443 "GET /r/btc/comments/?limit=95&raw_json=1 HTTP/1.1" 200 26962
2018-05-25 16:55:17,359 - prawcore - DEBUG - Response: 200 (26962 bytes)
2018-05-25 16:55:17,423 - prawcore - DEBUG - Fetching: GET https://oauth.reddit.com/r/btc/comments/
2018-05-25 16:55:17,424 - prawcore - DEBUG - Data: None
2018-05-25 16:55:17,425 - prawcore - DEBUG - Params: {'before': 't1_dzkbhpc', 'limit': 100, 'raw_json': 1}
2018-05-25 16:55:17,763 - urllib3.connectionpool - DEBUG - https://oauth.reddit.com:443 "GET /r/BlockChain/comments/?limit=95&raw_json=1 HTTP/1.1" 200 27915
2018-05-25 16:55:17,766 - prawcore - DEBUG - Response: 200 (27915 bytes)
2018-05-25 16:55:19,959 - urllib3.connectionpool - DEBUG - https://oauth.reddit.com:443 "GET /r/ethtrader/comments/?before=t1_dzkbh8j&limit=100&raw_json=1 HTTP/1.1" 200 852
2018-05-25 16:55:19,960 - prawcore - DEBUG - Response: 200 (852 bytes)
2018-05-25 16:55:19,981 - prawcore - DEBUG - Fetching: GET https://oauth.reddit.com/r/ethtrader/comments/
2018-05-25 16:55:19,982 - prawcore - DEBUG - Data: None
2018-05-25 16:55:19,982 - prawcore - DEBUG - Params: {'before': 't1_dzkbhr3', 'limit': 100, 'raw_json': 1}
2018-05-25 16:55:20,546 - urllib3.connectionpool - DEBUG - https://oauth.reddit.com:443 "GET /r/btc/comments/?before=t1_dzkbhpc&limit=100&raw_json=1 HTTP/1.1" 200 104
2018-05-25 16:55:20,547 - prawcore - DEBUG - Response: 200 (104 bytes)
2018-05-25 16:55:21,170 - prawcore - DEBUG - Fetching: GET https://oauth.reddit.com/r/CryptoMarkets/comments/
2018-05-25 16:55:21,170 - prawcore - DEBUG - Data: None
2018-05-25 16:55:21,171 - prawcore - DEBUG - Params: {'before': None, 'limit': 95, 'raw_json': 1}
2018-05-25 16:55:21,545 - prawcore - DEBUG - Fetching: GET https://oauth.reddit.com/r/btc/comments/
2018-05-25 16:55:21,545 - prawcore - DEBUG - Data: None
2018-05-25 16:55:21,545 - prawcore - DEBUG - Params: {'before': None, 'limit': 94, 'raw_json': 1}
2018-05-25 16:55:21,856 - urllib3.connectionpool - DEBUG - https://oauth.reddit.com:443 "GET /r/CryptoMarkets/comments/?limit=95&raw_json=1 HTTP/1.1" 200 17311
2018-05-25 16:55:21,857 - prawcore - DEBUG - Response: 200 (17311 bytes)
2018-05-25 16:55:22,384 - urllib3.connectionpool - DEBUG - https://oauth.reddit.com:443 "GET /r/ethtrader/comments/?before=t1_dzkbhr3&limit=100&raw_json=1 HTTP/1.1" 200 104
2018-05-25 16:55:22,385 - prawcore - DEBUG - Response: 200 (104 bytes)
2018-05-25 16:55:22,820 - urllib3.connectionpool - DEBUG - https://oauth.reddit.com:443 "GET /r/btc/comments/?limit=94&raw_json=1 HTTP/1.1" 200 26866
2018-05-25 16:55:22,825 - prawcore - DEBUG - Response: 200 (26866 bytes)
2018-05-25 16:55:23,391 - prawcore - DEBUG - Fetching: GET https://oauth.reddit.com/r/ethtrader/comments/
2018-05-25 16:55:23,391 - prawcore - DEBUG - Data: None
2018-05-25 16:55:23,391 - prawcore - DEBUG - Params: {'before': None, 'limit': 94, 'raw_json': 1}
2018-05-25 16:55:24,872 - prawcore - DEBUG - Fetching: GET https://oauth.reddit.com/r/btc/comments/
2018-05-25 16:55:24,872 - prawcore - DEBUG - Data: None
2018-05-25 16:55:24,872 - prawcore - DEBUG - Params: {'before': None, 'limit': 93, 'raw_json': 1}
2018-05-25 16:55:25,129 - urllib3.connectionpool - DEBUG - https://oauth.reddit.com:443 "GET /r/ethtrader/comments/?limit=94&raw_json=1 HTTP/1.1" 200 19417
2018-05-25 16:55:25,135 - prawcore - DEBUG - Response: 200 (19417 bytes)
2018-05-25 16:55:25,516 - urllib3.connectionpool - DEBUG - https://oauth.reddit.com:443 "GET /r/btc/comments/?limit=93&raw_json=1 HTTP/1.1" 200 26744
2018-05-25 16:55:25,534 - prawcore - DEBUG - Response: 200 (26744 bytes)
2018-05-25 16:55:25,557 - prawcore - DEBUG - Fetching: GET https://oauth.reddit.com/r/btc/comments/
2018-05-25 16:55:25,557 - prawcore - DEBUG - Data: None
2018-05-25 16:55:25,557 - prawcore - DEBUG - Params: {'before': 't1_dzkbi0y', 'limit': 100, 'raw_json': 1}
2018-05-25 16:55:27,100 - prawcore - DEBUG - Fetching: GET https://oauth.reddit.com/r/ethtrader/comments/
2018-05-25 16:55:27,100 - prawcore - DEBUG - Data: None
2018-05-25 16:55:27,101 - prawcore - DEBUG - Params: {'before': None, 'limit': 93, 'raw_json': 1}
2018-05-25 16:55:27,181 - urllib3.connectionpool - DEBUG - https://oauth.reddit.com:443 "GET /r/btc/comments/?before=t1_dzkbi0y&limit=100&raw_json=1 HTTP/1.1" 200 104
2018-05-25 16:55:27,181 - prawcore - DEBUG - Response: 200 (104 bytes)
2018-05-25 16:55:27,747 - urllib3.connectionpool - DEBUG - https://oauth.reddit.com:443 "GET /r/ethtrader/comments/?limit=93&raw_json=1 HTTP/1.1" 200 19206
2018-05-25 16:55:27,752 - prawcore - DEBUG - Response: 200 (19206 bytes)
2018-05-25 16:55:28,162 - prawcore - DEBUG - Fetching: GET https://oauth.reddit.com/r/btc/comments/
2018-05-25 16:55:28,162 - prawcore - DEBUG - Data: None
2018-05-25 16:55:28,163 - prawcore - DEBUG - Params: {'before': None, 'limit': 92, 'raw_json': 1}
2018-05-25 16:55:28,687 - urllib3.connectionpool - DEBUG - https://oauth.reddit.com:443 "GET /r/btc/comments/?limit=92&raw_json=1 HTTP/1.1" 200 26348
2018-05-25 16:55:28,775 - prawcore - DEBUG - Response: 200 (26348 bytes)
2018-05-25 16:55:30,252 - prawcore - DEBUG - Fetching: GET https://oauth.reddit.com/r/CryptoMoonShots/comments/
2018-05-25 16:55:30,252 - prawcore - DEBUG - Data: None
2018-05-25 16:55:30,252 - prawcore - DEBUG - Params: {'before': None, 'limit': 94, 'raw_json': 1}
2018-05-25 16:55:30,841 - prawcore - DEBUG - Fetching: GET https://oauth.reddit.com/r/btc/comments/
2018-05-25 16:55:30,841 - prawcore - DEBUG - Data: None
2018-05-25 16:55:30,841 - prawcore - DEBUG - Params: {'before': None, 'limit': 91, 'raw_json': 1}
2018-05-25 16:55:30,843 - urllib3.connectionpool - DEBUG - https://oauth.reddit.com:443 "GET /r/CryptoMoonShots/comments/?limit=94&raw_json=1 HTTP/1.1" 200 15823
2018-05-25 16:55:30,847 - prawcore - DEBUG - Response: 200 (15823 bytes)
2018-05-25 16:55:31,533 - urllib3.connectionpool - DEBUG - https://oauth.reddit.com:443 "GET /r/btc/comments/?limit=91&raw_json=1 HTTP/1.1" 200 26038
2018-05-25 16:55:31,539 - prawcore - DEBUG - Response: 200 (26038 bytes)
2018-05-25 16:55:31,670 - prawcore - DEBUG - Fetching: GET https://oauth.reddit.com/r/ethtrader/comments/
2018-05-25 16:55:31,671 - prawcore - DEBUG - Data: None
2018-05-25 16:55:31,671 - prawcore - DEBUG - Params: {'before': None, 'limit': 92, 'raw_json': 1}
2018-05-25 16:55:32,433 - urllib3.connectionpool - DEBUG - https://oauth.reddit.com:443 "GET /r/ethtrader/comments/?limit=92&raw_json=1 HTTP/1.1" 200 19017
2018-05-25 16:55:32,438 - prawcore - DEBUG - Response: 200 (19017 bytes)
2018-05-25 16:55:33,472 - prawcore - DEBUG - Fetching: GET https://oauth.reddit.com/r/Iota/comments/
2018-05-25 16:55:33,473 - prawcore - DEBUG - Data: None
2018-05-25 16:55:33,473 - prawcore - DEBUG - Params: {'before': None, 'limit': 94, 'raw_json': 1}
2018-05-25 16:55:34,202 - prawcore - DEBUG - Fetching: GET https://oauth.reddit.com/r/BlockChain/comments/
2018-05-25 16:55:34,202 - prawcore - DEBUG - Data: None
2018-05-25 16:55:34,202 - prawcore - DEBUG - Params: {'before': None, 'limit': 94, 'raw_json': 1}
2018-05-25 16:55:34,262 - urllib3.connectionpool - DEBUG - https://oauth.reddit.com:443 "GET /r/Iota/comments/?limit=94&raw_json=1 HTTP/1.1" 200 21359
2018-05-25 16:55:34,264 - prawcore - DEBUG - Response: 200 (21359 bytes)
2018-05-25 16:55:34,999 - urllib3.connectionpool - DEBUG - https://oauth.reddit.com:443 "GET /r/BlockChain/comments/?limit=94&raw_json=1 HTTP/1.1" 200 27584
2018-05-25 16:55:35,001 - prawcore - DEBUG - Response: 200 (27584 bytes)
2018-05-25 16:55:35,505 - prawcore - DEBUG - Fetching: GET https://oauth.reddit.com/r/btc/comments/
2018-05-25 16:55:35,505 - prawcore - DEBUG - Data: None
2018-05-25 16:55:35,505 - prawcore - DEBUG - Params: {'before': None, 'limit': 90, 'raw_json': 1}
2018-05-25 16:55:36,104 - urllib3.connectionpool - DEBUG - https://oauth.reddit.com:443 "GET /r/btc/comments/?limit=90&raw_json=1 HTTP/1.1" 200 25826
2018-05-25 16:55:36,114 - prawcore - DEBUG - Response: 200 (25826 bytes)
2018-05-25 16:55:38,181 - prawcore - DEBUG - Fetching: GET https://oauth.reddit.com/r/CryptoMarkets/comments/
2018-05-25 16:55:38,183 - prawcore - DEBUG - Data: None
2018-05-25 16:55:38,184 - prawcore - DEBUG - Params: {'before': None, 'limit': 94, 'raw_json': 1}
2018-05-25 16:55:38,964 - urllib3.connectionpool - DEBUG - https://oauth.reddit.com:443 "GET /r/CryptoMarkets/comments/?limit=94&raw_json=1 HTTP/1.1" 200 17038
2018-05-25 16:55:38,965 - prawcore - DEBUG - Response: 200 (17038 bytes)
2018-05-25 16:55:40,237 - prawcore - DEBUG - Fetching: GET https://oauth.reddit.com/r/ethtrader/comments/
2018-05-25 16:55:40,237 - prawcore - DEBUG - Data: None
2018-05-25 16:55:40,237 - prawcore - DEBUG - Params: {'before': None, 'limit': 91, 'raw_json': 1}
2018-05-25 16:55:40,852 - urllib3.connectionpool - DEBUG - https://oauth.reddit.com:443 "GET /r/ethtrader/comments/?limit=91&raw_json=1 HTTP/1.1" 200 19088
2018-05-25 16:55:40,854 - prawcore - DEBUG - Response: 200 (19088 bytes)
2018-05-25 16:55:40,884 - prawcore - DEBUG - Fetching: GET https://oauth.reddit.com/r/ethtrader/comments/
2018-05-25 16:55:40,884 - prawcore - DEBUG - Data: None
2018-05-25 16:55:40,884 - prawcore - DEBUG - Params: {'before': 't1_dzkbic4', 'limit': 100, 'raw_json': 1}
2018-05-25 16:55:43,439 - urllib3.connectionpool - DEBUG - https://oauth.reddit.com:443 "GET /r/ethtrader/comments/?before=t1_dzkbic4&limit=100&raw_json=1 HTTP/1.1" 200 104
2018-05-25 16:55:43,440 - prawcore - DEBUG - Response: 200 (104 bytes)
2018-05-25 16:55:44,243 - prawcore - DEBUG - Fetching: GET https://oauth.reddit.com/r/btc/comments/
2018-05-25 16:55:44,243 - prawcore - DEBUG - Data: None
2018-05-25 16:55:44,243 - prawcore - DEBUG - Params: {'before': None, 'limit': 89, 'raw_json': 1}
2018-05-25 16:55:44,430 - prawcore - DEBUG - Fetching: GET https://oauth.reddit.com/r/ethtrader/comments/
2018-05-25 16:55:44,430 - prawcore - DEBUG - Data: None
2018-05-25 16:55:44,430 - prawcore - DEBUG - Params: {'before': None, 'limit': 90, 'raw_json': 1}
2018-05-25 16:55:44,860 - urllib3.connectionpool - DEBUG - https://oauth.reddit.com:443 "GET /r/btc/comments/?limit=89&raw_json=1 HTTP/1.1" 200 25374
2018-05-25 16:55:44,867 - prawcore - DEBUG - Response: 200 (25374 bytes)
2018-05-25 16:55:45,132 - urllib3.connectionpool - DEBUG - https://oauth.reddit.com:443 "GET /r/ethtrader/comments/?limit=90&raw_json=1 HTTP/1.1" 200 18386
2018-05-25 16:55:45,133 - prawcore - DEBUG - Response: 200 (18386 bytes)
2018-05-25 16:55:46,985 - prawcore - DEBUG - Fetching: GET https://oauth.reddit.com/r/CryptoMoonShots/comments/
2018-05-25 16:55:46,986 - prawcore - DEBUG - Data: None
2018-05-25 16:55:46,986 - prawcore - DEBUG - Params: {'before': None, 'limit': 93, 'raw_json': 1}
2018-05-25 16:55:47,138 - prawcore - DEBUG - Fetching: GET https://oauth.reddit.com/r/ethtrader/comments/
2018-05-25 16:55:47,138 - prawcore - DEBUG - Data: None
2018-05-25 16:55:47,138 - prawcore - DEBUG - Params: {'before': None, 'limit': 89, 'raw_json': 1}
2018-05-25 16:55:47,205 - urllib3.connectionpool - DEBUG - Starting new HTTP connection (1): 159.65.27.43
2018-05-25 16:55:47,282 - urllib3.connectionpool - DEBUG - http://159.65.27.43:4555 "POST /graphql HTTP/1.1" 200 35
2018-05-25 16:55:47,283 - root - INFO - Node died gracefully
