2018-05-25 16:56:41,392 - urllib3.connectionpool - DEBUG - Starting new HTTP connection (1): 159.65.27.43
2018-05-25 16:56:41,410 - urllib3.connectionpool - DEBUG - http://159.65.27.43:4555 "POST /graphql HTTP/1.1" 200 72
2018-05-25 16:56:41,413 - root - INFO - registered with Servus with id: [645fc682a7b5456088e6143c6e4f058e]
2018-05-25 16:56:41,416 - urllib3.connectionpool - DEBUG - Starting new HTTP connection (1): 159.65.27.43
2018-05-25 16:56:41,431 - urllib3.connectionpool - DEBUG - http://159.65.27.43:4555 "POST /graphql HTTP/1.1" 200 144
2018-05-25 16:56:41,432 - root - INFO - got tasks: ethereum Bitcoin crypto CryptoCurrency NEO altcoin
2018-05-25 16:56:41,480 - root - INFO - ['ethereum', 'Bitcoin', 'crypto', 'CryptoCurrency', 'NEO', 'altcoin']
2018-05-25 16:56:41,485 - prawcore - DEBUG - Fetching: GET https://oauth.reddit.com/r/ethereum/comments/
2018-05-25 16:56:41,486 - prawcore - DEBUG - Data: None
2018-05-25 16:56:41,486 - prawcore - DEBUG - Params: {'before': None, 'limit': 100, 'raw_json': 1}
2018-05-25 16:56:41,497 - urllib3.connectionpool - DEBUG - Starting new HTTPS connection (1): www.reddit.com
2018-05-25 16:56:41,537 - prawcore - DEBUG - Fetching: GET https://oauth.reddit.com/r/Bitcoin/comments/
2018-05-25 16:56:41,537 - prawcore - DEBUG - Data: None
2018-05-25 16:56:41,538 - prawcore - DEBUG - Params: {'before': None, 'limit': 100, 'raw_json': 1}
2018-05-25 16:56:41,540 - urllib3.connectionpool - DEBUG - Starting new HTTPS connection (1): www.reddit.com
2018-05-25 16:56:41,580 - prawcore - DEBUG - Fetching: GET https://oauth.reddit.com/r/crypto/comments/
2018-05-25 16:56:41,581 - prawcore - DEBUG - Data: None
2018-05-25 16:56:41,581 - prawcore - DEBUG - Params: {'before': None, 'limit': 100, 'raw_json': 1}
2018-05-25 16:56:41,583 - urllib3.connectionpool - DEBUG - Starting new HTTPS connection (1): www.reddit.com
2018-05-25 16:56:41,731 - prawcore - DEBUG - Fetching: GET https://oauth.reddit.com/r/CryptoCurrency/comments/
2018-05-25 16:56:41,732 - prawcore - DEBUG - Data: None
2018-05-25 16:56:41,732 - prawcore - DEBUG - Params: {'before': None, 'limit': 100, 'raw_json': 1}
2018-05-25 16:56:41,734 - urllib3.connectionpool - DEBUG - Starting new HTTPS connection (1): www.reddit.com
2018-05-25 16:56:41,781 - prawcore - DEBUG - Fetching: GET https://oauth.reddit.com/r/NEO/comments/
2018-05-25 16:56:41,782 - prawcore - DEBUG - Data: None
2018-05-25 16:56:41,782 - prawcore - DEBUG - Params: {'before': None, 'limit': 100, 'raw_json': 1}
2018-05-25 16:56:41,784 - urllib3.connectionpool - DEBUG - Starting new HTTPS connection (1): www.reddit.com
2018-05-25 16:56:41,817 - prawcore - DEBUG - Fetching: GET https://oauth.reddit.com/r/altcoin/comments/
2018-05-25 16:56:41,817 - prawcore - DEBUG - Data: None
2018-05-25 16:56:41,817 - prawcore - DEBUG - Params: {'before': None, 'limit': 100, 'raw_json': 1}
2018-05-25 16:56:41,820 - urllib3.connectionpool - DEBUG - Starting new HTTPS connection (1): www.reddit.com
2018-05-25 16:56:41,994 - urllib3.connectionpool - DEBUG - https://www.reddit.com:443 "POST /api/v1/access_token HTTP/1.1" 200 117
2018-05-25 16:56:41,998 - urllib3.connectionpool - DEBUG - Starting new HTTPS connection (1): oauth.reddit.com
2018-05-25 16:56:42,014 - urllib3.connectionpool - DEBUG - https://www.reddit.com:443 "POST /api/v1/access_token HTTP/1.1" 200 117
2018-05-25 16:56:42,018 - urllib3.connectionpool - DEBUG - Starting new HTTPS connection (1): oauth.reddit.com
2018-05-25 16:56:42,148 - urllib3.connectionpool - DEBUG - https://www.reddit.com:443 "POST /api/v1/access_token HTTP/1.1" 200 117
2018-05-25 16:56:42,152 - urllib3.connectionpool - DEBUG - Starting new HTTPS connection (1): oauth.reddit.com
2018-05-25 16:56:42,202 - urllib3.connectionpool - DEBUG - https://www.reddit.com:443 "POST /api/v1/access_token HTTP/1.1" 200 117
2018-05-25 16:56:42,206 - urllib3.connectionpool - DEBUG - Starting new HTTPS connection (1): oauth.reddit.com
2018-05-25 16:56:42,284 - urllib3.connectionpool - DEBUG - https://www.reddit.com:443 "POST /api/v1/access_token HTTP/1.1" 200 117
2018-05-25 16:56:42,289 - urllib3.connectionpool - DEBUG - Starting new HTTPS connection (1): oauth.reddit.com
2018-05-25 16:56:42,299 - urllib3.connectionpool - DEBUG - https://www.reddit.com:443 "POST /api/v1/access_token HTTP/1.1" 200 117
2018-05-25 16:56:42,304 - urllib3.connectionpool - DEBUG - Starting new HTTPS connection (1): oauth.reddit.com
2018-05-25 16:56:42,704 - urllib3.connectionpool - DEBUG - https://oauth.reddit.com:443 "GET /r/Bitcoin/comments/?limit=100&raw_json=1 HTTP/1.1" 200 27253
2018-05-25 16:56:42,712 - prawcore - DEBUG - Response: 200 (27253 bytes)
2018-05-25 16:56:42,735 - root - INFO - Inserted comment from the Bitcoin subreddit
2018-05-25 16:56:42,741 - root - INFO - Inserted comment from the Bitcoin subreddit
2018-05-25 16:56:42,746 - root - INFO - Inserted comment from the Bitcoin subreddit
2018-05-25 16:56:42,752 - root - INFO - Inserted comment from the Bitcoin subreddit
2018-05-25 16:56:42,757 - root - INFO - Inserted comment from the Bitcoin subreddit
2018-05-25 16:56:42,763 - root - INFO - Inserted comment from the Bitcoin subreddit
2018-05-25 16:56:42,768 - root - INFO - Inserted comment from the Bitcoin subreddit
2018-05-25 16:56:42,773 - root - INFO - Inserted comment from the Bitcoin subreddit
2018-05-25 16:56:42,779 - root - INFO - Inserted comment from the Bitcoin subreddit
2018-05-25 16:56:42,785 - root - INFO - Inserted comment from the Bitcoin subreddit
2018-05-25 16:56:42,791 - root - INFO - Inserted comment from the Bitcoin subreddit
2018-05-25 16:56:42,796 - root - INFO - Inserted comment from the Bitcoin subreddit
2018-05-25 16:56:42,803 - root - INFO - Inserted comment from the Bitcoin subreddit
2018-05-25 16:56:42,810 - root - INFO - Inserted comment from the Bitcoin subreddit
2018-05-25 16:56:42,815 - root - INFO - Inserted comment from the Bitcoin subreddit
2018-05-25 16:56:42,820 - root - INFO - Inserted comment from the Bitcoin subreddit
2018-05-25 16:56:42,826 - root - INFO - Inserted comment from the Bitcoin subreddit
2018-05-25 16:56:42,829 - urllib3.connectionpool - DEBUG - https://oauth.reddit.com:443 "GET /r/ethereum/comments/?limit=100&raw_json=1 HTTP/1.1" 200 24040
2018-05-25 16:56:42,831 - root - INFO - Inserted comment from the Bitcoin subreddit
2018-05-25 16:56:42,836 - prawcore - DEBUG - Response: 200 (24040 bytes)
2018-05-25 16:56:42,843 - root - INFO - Inserted comment from the Bitcoin subreddit
2018-05-25 16:56:42,854 - root - INFO - Inserted comment from the Bitcoin subreddit
2018-05-25 16:56:42,860 - root - INFO - Inserted comment from the ethereum subreddit
2018-05-25 16:56:42,860 - root - INFO - Inserted comment from the Bitcoin subreddit
2018-05-25 16:56:42,865 - root - INFO - Inserted comment from the ethereum subreddit
2018-05-25 16:56:42,867 - root - INFO - Inserted comment from the Bitcoin subreddit
2018-05-25 16:56:42,872 - root - INFO - Inserted comment from the ethereum subreddit
2018-05-25 16:56:42,873 - root - INFO - Inserted comment from the Bitcoin subreddit
2018-05-25 16:56:42,878 - root - INFO - Inserted comment from the ethereum subreddit
2018-05-25 16:56:42,878 - root - INFO - Inserted comment from the Bitcoin subreddit
2018-05-25 16:56:42,883 - root - INFO - Inserted comment from the ethereum subreddit
2018-05-25 16:56:42,884 - root - INFO - Inserted comment from the Bitcoin subreddit
2018-05-25 16:56:42,888 - root - INFO - Inserted comment from the ethereum subreddit
2018-05-25 16:56:42,890 - root - INFO - Inserted comment from the Bitcoin subreddit
2018-05-25 16:56:42,895 - root - INFO - Inserted comment from the ethereum subreddit
2018-05-25 16:56:42,895 - root - INFO - Inserted comment from the Bitcoin subreddit
2018-05-25 16:56:42,900 - root - INFO - Inserted comment from the ethereum subreddit
2018-05-25 16:56:42,901 - root - INFO - Inserted comment from the Bitcoin subreddit
2018-05-25 16:56:42,906 - root - INFO - Inserted comment from the ethereum subreddit
2018-05-25 16:56:42,906 - root - INFO - Inserted comment from the Bitcoin subreddit
2018-05-25 16:56:42,912 - root - INFO - Inserted comment from the ethereum subreddit
2018-05-25 16:56:42,912 - root - INFO - Inserted comment from the Bitcoin subreddit
2018-05-25 16:56:42,918 - root - INFO - Inserted comment from the ethereum subreddit
2018-05-25 16:56:42,919 - root - INFO - Inserted comment from the Bitcoin subreddit
2018-05-25 16:56:42,925 - root - INFO - Inserted comment from the ethereum subreddit
2018-05-25 16:56:42,925 - root - INFO - Inserted comment from the Bitcoin subreddit
2018-05-25 16:56:42,930 - root - INFO - Inserted comment from the ethereum subreddit
2018-05-25 16:56:42,931 - root - INFO - Inserted comment from the Bitcoin subreddit
2018-05-25 16:56:42,937 - root - INFO - Inserted comment from the Bitcoin subreddit
2018-05-25 16:56:42,937 - root - INFO - Inserted comment from the ethereum subreddit
2018-05-25 16:56:42,959 - urllib3.connectionpool - DEBUG - https://oauth.reddit.com:443 "GET /r/crypto/comments/?limit=100&raw_json=1 HTTP/1.1" 200 23230
2018-05-25 16:56:42,992 - root - INFO - Inserted comment from the Bitcoin subreddit
2018-05-25 16:56:42,992 - root - INFO - Inserted comment from the ethereum subreddit
2018-05-25 16:56:42,993 - prawcore - DEBUG - Response: 200 (23230 bytes)
2018-05-25 16:56:43,009 - root - INFO - Inserted comment from the Bitcoin subreddit
2018-05-25 16:56:43,010 - root - INFO - Inserted comment from the ethereum subreddit
2018-05-25 16:56:43,014 - urllib3.connectionpool - DEBUG - https://oauth.reddit.com:443 "GET /r/NEO/comments/?limit=100&raw_json=1 HTTP/1.1" 200 18439
2018-05-25 16:56:43,020 - prawcore - DEBUG - Response: 200 (18439 bytes)
2018-05-25 16:56:43,027 - root - INFO - Inserted comment from the Bitcoin subreddit
2018-05-25 16:56:43,028 - root - INFO - Inserted comment from the crypto subreddit
2018-05-25 16:56:43,036 - root - INFO - Inserted comment from the ethereum subreddit
2018-05-25 16:56:43,036 - root - INFO - Inserted comment from the Bitcoin subreddit
2018-05-25 16:56:43,037 - root - INFO - Inserted comment from the crypto subreddit
2018-05-25 16:56:43,043 - root - INFO - Inserted comment from the ethereum subreddit
2018-05-25 16:56:43,046 - root - INFO - Inserted comment from the Bitcoin subreddit
2018-05-25 16:56:43,047 - root - INFO - Inserted comment from the NEO subreddit
2018-05-25 16:56:43,047 - root - INFO - Inserted comment from the crypto subreddit
2018-05-25 16:56:43,051 - root - INFO - Inserted comment from the ethereum subreddit
2018-05-25 16:56:43,052 - root - INFO - Inserted comment from the crypto subreddit
2018-05-25 16:56:43,053 - root - INFO - Inserted comment from the NEO subreddit
2018-05-25 16:56:43,053 - root - INFO - Inserted comment from the Bitcoin subreddit
2018-05-25 16:56:43,056 - root - INFO - Inserted comment from the crypto subreddit
2018-05-25 16:56:43,057 - root - INFO - Inserted comment from the ethereum subreddit
2018-05-25 16:56:43,059 - root - INFO - Inserted comment from the NEO subreddit
2018-05-25 16:56:43,060 - root - INFO - Inserted comment from the Bitcoin subreddit
2018-05-25 16:56:43,061 - root - INFO - Inserted comment from the crypto subreddit
2018-05-25 16:56:43,062 - root - INFO - Inserted comment from the ethereum subreddit
2018-05-25 16:56:43,064 - root - INFO - Inserted comment from the NEO subreddit
2018-05-25 16:56:43,064 - root - INFO - Inserted comment from the Bitcoin subreddit
2018-05-25 16:56:43,066 - root - INFO - Inserted comment from the crypto subreddit
2018-05-25 16:56:43,068 - root - INFO - Inserted comment from the ethereum subreddit
2018-05-25 16:56:43,069 - root - INFO - Inserted comment from the NEO subreddit
2018-05-25 16:56:43,071 - root - INFO - Inserted comment from the crypto subreddit
2018-05-25 16:56:43,072 - root - INFO - Inserted comment from the Bitcoin subreddit
2018-05-25 16:56:43,074 - root - INFO - Inserted comment from the ethereum subreddit
2018-05-25 16:56:43,075 - root - INFO - Inserted comment from the NEO subreddit
2018-05-25 16:56:43,076 - root - INFO - Inserted comment from the crypto subreddit
2018-05-25 16:56:43,077 - root - INFO - Inserted comment from the Bitcoin subreddit
2018-05-25 16:56:43,080 - root - INFO - Inserted comment from the ethereum subreddit
2018-05-25 16:56:43,082 - root - INFO - Inserted comment from the crypto subreddit
2018-05-25 16:56:43,082 - root - INFO - Inserted comment from the NEO subreddit
2018-05-25 16:56:43,083 - root - INFO - Inserted comment from the Bitcoin subreddit
2018-05-25 16:56:43,085 - root - INFO - Inserted comment from the ethereum subreddit
2018-05-25 16:56:43,089 - root - INFO - Inserted comment from the crypto subreddit
2018-05-25 16:56:43,089 - root - INFO - Inserted comment from the NEO subreddit
2018-05-25 16:56:43,090 - root - INFO - Inserted comment from the Bitcoin subreddit
2018-05-25 16:56:43,092 - urllib3.connectionpool - DEBUG - https://oauth.reddit.com:443 "GET /r/altcoin/comments/?limit=100&raw_json=1 HTTP/1.1" 200 24077
2018-05-25 16:56:43,093 - root - INFO - Inserted comment from the ethereum subreddit
2018-05-25 16:56:43,094 - root - INFO - Inserted comment from the crypto subreddit
2018-05-25 16:56:43,095 - root - INFO - Inserted comment from the NEO subreddit
2018-05-25 16:56:43,096 - root - INFO - Inserted comment from the Bitcoin subreddit
2018-05-25 16:56:43,100 - root - INFO - Inserted comment from the ethereum subreddit
2018-05-25 16:56:43,101 - prawcore - DEBUG - Response: 200 (24077 bytes)
2018-05-25 16:56:43,112 - root - INFO - Inserted comment from the NEO subreddit
2018-05-25 16:56:43,112 - root - INFO - Inserted comment from the crypto subreddit
2018-05-25 16:56:43,118 - root - INFO - Inserted comment from the ethereum subreddit
2018-05-25 16:56:43,118 - root - INFO - Inserted comment from the NEO subreddit
2018-05-25 16:56:43,118 - root - INFO - Inserted comment from the crypto subreddit
2018-05-25 16:56:43,118 - root - INFO - Inserted comment from the Bitcoin subreddit
2018-05-25 16:56:43,124 - root - INFO - Inserted comment from the crypto subreddit
2018-05-25 16:56:43,125 - root - INFO - Inserted comment from the altcoin subreddit
2018-05-25 16:56:43,125 - root - INFO - Inserted comment from the ethereum subreddit
2018-05-25 16:56:43,126 - root - INFO - Inserted comment from the Bitcoin subreddit
2018-05-25 16:56:43,126 - root - INFO - Inserted comment from the NEO subreddit
2018-05-25 16:56:43,130 - root - INFO - Inserted comment from the crypto subreddit
2018-05-25 16:56:43,131 - root - INFO - Inserted comment from the altcoin subreddit
2018-05-25 16:56:43,132 - root - INFO - Inserted comment from the Bitcoin subreddit
2018-05-25 16:56:43,133 - root - INFO - Inserted comment from the NEO subreddit
2018-05-25 16:56:43,133 - root - INFO - Inserted comment from the ethereum subreddit
2018-05-25 16:56:43,136 - root - INFO - Inserted comment from the crypto subreddit
2018-05-25 16:56:43,137 - root - INFO - Inserted comment from the altcoin subreddit
2018-05-25 16:56:43,137 - root - INFO - Inserted comment from the Bitcoin subreddit
2018-05-25 16:56:43,139 - root - INFO - Inserted comment from the NEO subreddit
2018-05-25 16:56:43,139 - root - INFO - Inserted comment from the ethereum subreddit
2018-05-25 16:56:43,146 - root - INFO - Inserted comment from the crypto subreddit
2018-05-25 16:56:43,147 - root - INFO - Inserted comment from the altcoin subreddit
2018-05-25 16:56:43,147 - root - INFO - Inserted comment from the Bitcoin subreddit
2018-05-25 16:56:43,149 - root - INFO - Inserted comment from the NEO subreddit
2018-05-25 16:56:43,149 - root - INFO - Inserted comment from the ethereum subreddit
2018-05-25 16:56:43,152 - root - INFO - Inserted comment from the crypto subreddit
2018-05-25 16:56:43,155 - root - INFO - Inserted comment from the altcoin subreddit
2018-05-25 16:56:43,156 - root - INFO - Inserted comment from the Bitcoin subreddit
2018-05-25 16:56:43,156 - root - INFO - Inserted comment from the ethereum subreddit
2018-05-25 16:56:43,157 - root - INFO - Inserted comment from the crypto subreddit
2018-05-25 16:56:43,157 - root - INFO - Inserted comment from the NEO subreddit
2018-05-25 16:56:43,160 - root - INFO - Inserted comment from the altcoin subreddit
2018-05-25 16:56:43,162 - root - INFO - Inserted comment from the Bitcoin subreddit
2018-05-25 16:56:43,163 - root - INFO - Inserted comment from the ethereum subreddit
2018-05-25 16:56:43,163 - root - INFO - Inserted comment from the crypto subreddit
2018-05-25 16:56:43,163 - root - INFO - Inserted comment from the NEO subreddit
2018-05-25 16:56:43,165 - root - INFO - Inserted comment from the altcoin subreddit
2018-05-25 16:56:43,167 - root - INFO - Inserted comment from the Bitcoin subreddit
2018-05-25 16:56:43,168 - root - INFO - Inserted comment from the crypto subreddit
2018-05-25 16:56:43,168 - root - INFO - Inserted comment from the ethereum subreddit
2018-05-25 16:56:43,169 - root - INFO - Inserted comment from the NEO subreddit
2018-05-25 16:56:43,170 - root - INFO - Inserted comment from the altcoin subreddit
2018-05-25 16:56:43,172 - root - INFO - Inserted comment from the Bitcoin subreddit
2018-05-25 16:56:43,174 - root - INFO - Inserted comment from the crypto subreddit
2018-05-25 16:56:43,175 - root - INFO - Inserted comment from the ethereum subreddit
2018-05-25 16:56:43,175 - root - INFO - Inserted comment from the altcoin subreddit
2018-05-25 16:56:43,175 - root - INFO - Inserted comment from the NEO subreddit
2018-05-25 16:56:43,177 - root - INFO - Inserted comment from the Bitcoin subreddit
2018-05-25 16:56:43,179 - root - INFO - Inserted comment from the crypto subreddit
2018-05-25 16:56:43,180 - root - INFO - Inserted comment from the ethereum subreddit
2018-05-25 16:56:43,182 - root - INFO - Inserted comment from the NEO subreddit
2018-05-25 16:56:43,182 - root - INFO - Inserted comment from the altcoin subreddit
2018-05-25 16:56:43,183 - root - INFO - Inserted comment from the Bitcoin subreddit
2018-05-25 16:56:43,186 - root - INFO - Inserted comment from the crypto subreddit
2018-05-25 16:56:43,188 - root - INFO - Inserted comment from the NEO subreddit
2018-05-25 16:56:43,189 - root - INFO - Inserted comment from the altcoin subreddit
2018-05-25 16:56:43,189 - root - INFO - Inserted comment from the ethereum subreddit
2018-05-25 16:56:43,190 - root - INFO - Inserted comment from the Bitcoin subreddit
2018-05-25 16:56:43,192 - root - INFO - Inserted comment from the crypto subreddit
2018-05-25 16:56:43,194 - root - INFO - Inserted comment from the NEO subreddit
2018-05-25 16:56:43,199 - root - INFO - Inserted comment from the altcoin subreddit
2018-05-25 16:56:43,199 - root - INFO - Inserted comment from the ethereum subreddit
2018-05-25 16:56:43,199 - root - INFO - Inserted comment from the crypto subreddit
2018-05-25 16:56:43,200 - root - INFO - Inserted comment from the Bitcoin subreddit
2018-05-25 16:56:43,201 - root - INFO - Inserted comment from the NEO subreddit
2018-05-25 16:56:43,205 - root - INFO - Inserted comment from the altcoin subreddit
2018-05-25 16:56:43,205 - root - INFO - Inserted comment from the crypto subreddit
2018-05-25 16:56:43,205 - root - INFO - Inserted comment from the ethereum subreddit
2018-05-25 16:56:43,206 - root - INFO - Inserted comment from the Bitcoin subreddit
2018-05-25 16:56:43,207 - root - INFO - Inserted comment from the NEO subreddit
2018-05-25 16:56:43,210 - root - INFO - Inserted comment from the crypto subreddit
2018-05-25 16:56:43,211 - root - INFO - Inserted comment from the altcoin subreddit
2018-05-25 16:56:43,212 - root - INFO - Inserted comment from the Bitcoin subreddit
2018-05-25 16:56:43,212 - root - INFO - Inserted comment from the ethereum subreddit
2018-05-25 16:56:43,213 - root - INFO - Inserted comment from the NEO subreddit
2018-05-25 16:56:43,216 - root - INFO - Inserted comment from the crypto subreddit
2018-05-25 16:56:43,217 - root - INFO - Inserted comment from the altcoin subreddit
2018-05-25 16:56:43,217 - root - INFO - Inserted comment from the Bitcoin subreddit
2018-05-25 16:56:43,218 - root - INFO - Inserted comment from the ethereum subreddit
2018-05-25 16:56:43,219 - root - INFO - Inserted comment from the NEO subreddit
2018-05-25 16:56:43,222 - root - INFO - Inserted comment from the crypto subreddit
2018-05-25 16:56:43,223 - root - INFO - Inserted comment from the altcoin subreddit
2018-05-25 16:56:43,224 - root - INFO - Inserted comment from the Bitcoin subreddit
2018-05-25 16:56:43,225 - root - INFO - Inserted comment from the ethereum subreddit
2018-05-25 16:56:43,225 - root - INFO - Inserted comment from the NEO subreddit
2018-05-25 16:56:43,227 - root - INFO - Inserted comment from the crypto subreddit
2018-05-25 16:56:43,230 - root - INFO - Inserted comment from the altcoin subreddit
2018-05-25 16:56:43,230 - root - INFO - Inserted comment from the Bitcoin subreddit
2018-05-25 16:56:43,231 - root - INFO - Inserted comment from the ethereum subreddit
2018-05-25 16:56:43,232 - root - INFO - Inserted comment from the NEO subreddit
2018-05-25 16:56:43,232 - root - INFO - Inserted comment from the crypto subreddit
2018-05-25 16:56:43,238 - root - INFO - Inserted comment from the altcoin subreddit
2018-05-25 16:56:43,239 - root - INFO - Inserted comment from the ethereum subreddit
2018-05-25 16:56:43,239 - root - INFO - Inserted comment from the NEO subreddit
2018-05-25 16:56:43,239 - root - INFO - Inserted comment from the crypto subreddit
2018-05-25 16:56:43,240 - urllib3.connectionpool - DEBUG - https://oauth.reddit.com:443 "GET /r/CryptoCurrency/comments/?limit=100&raw_json=1 HTTP/1.1" 200 27716
2018-05-25 16:56:43,240 - root - INFO - Inserted comment from the Bitcoin subreddit
2018-05-25 16:56:43,246 - root - INFO - Inserted comment from the altcoin subreddit
2018-05-25 16:56:43,247 - prawcore - DEBUG - Response: 200 (27716 bytes)
2018-05-25 16:56:43,253 - root - INFO - Inserted comment from the ethereum subreddit
2018-05-25 16:56:43,253 - root - INFO - Inserted comment from the crypto subreddit
2018-05-25 16:56:43,259 - root - INFO - Inserted comment from the Bitcoin subreddit
2018-05-25 16:56:43,260 - root - INFO - Inserted comment from the altcoin subreddit
2018-05-25 16:56:43,266 - root - INFO - Inserted comment from the NEO subreddit
2018-05-25 16:56:43,280 - root - INFO - Inserted comment from the crypto subreddit
2018-05-25 16:56:43,280 - root - INFO - Inserted comment from the CryptoCurrency subreddit
2018-05-25 16:56:43,281 - root - INFO - Inserted comment from the NEO subreddit
2018-05-25 16:56:43,281 - root - INFO - Inserted comment from the altcoin subreddit
2018-05-25 16:56:43,282 - root - INFO - Inserted comment from the ethereum subreddit
2018-05-25 16:56:43,282 - root - INFO - Inserted comment from the Bitcoin subreddit
2018-05-25 16:56:43,284 - root - INFO - Inserted comment from the crypto subreddit
2018-05-25 16:56:43,285 - root - INFO - Inserted comment from the CryptoCurrency subreddit
2018-05-25 16:56:43,287 - root - INFO - Inserted comment from the NEO subreddit
2018-05-25 16:56:43,288 - root - INFO - Inserted comment from the altcoin subreddit
2018-05-25 16:56:43,290 - root - INFO - Inserted comment from the crypto subreddit
2018-05-25 16:56:43,290 - root - INFO - Inserted comment from the Bitcoin subreddit
2018-05-25 16:56:43,291 - root - INFO - Inserted comment from the ethereum subreddit
2018-05-25 16:56:43,291 - root - INFO - Inserted comment from the CryptoCurrency subreddit
2018-05-25 16:56:43,293 - root - INFO - Inserted comment from the NEO subreddit
2018-05-25 16:56:43,293 - root - INFO - Inserted comment from the altcoin subreddit
2018-05-25 16:56:43,296 - root - INFO - Inserted comment from the crypto subreddit
2018-05-25 16:56:43,296 - root - INFO - Inserted comment from the Bitcoin subreddit
2018-05-25 16:56:43,297 - root - INFO - Inserted comment from the ethereum subreddit
2018-05-25 16:56:43,298 - root - INFO - Inserted comment from the CryptoCurrency subreddit
2018-05-25 16:56:43,300 - root - INFO - Inserted comment from the NEO subreddit
2018-05-25 16:56:43,300 - root - INFO - Inserted comment from the altcoin subreddit
2018-05-25 16:56:43,300 - root - INFO - Inserted comment from the crypto subreddit
2018-05-25 16:56:43,302 - root - INFO - Inserted comment from the Bitcoin subreddit
2018-05-25 16:56:43,303 - root - INFO - Inserted comment from the CryptoCurrency subreddit
2018-05-25 16:56:43,304 - root - INFO - Inserted comment from the ethereum subreddit
2018-05-25 16:56:43,305 - root - INFO - Inserted comment from the NEO subreddit
2018-05-25 16:56:43,306 - root - INFO - Inserted comment from the crypto subreddit
2018-05-25 16:56:43,307 - root - INFO - Inserted comment from the altcoin subreddit
2018-05-25 16:56:43,307 - root - INFO - Inserted comment from the Bitcoin subreddit
2018-05-25 16:56:43,309 - root - INFO - Inserted comment from the CryptoCurrency subreddit
2018-05-25 16:56:43,310 - root - INFO - Inserted comment from the ethereum subreddit
2018-05-25 16:56:43,310 - root - INFO - Inserted comment from the crypto subreddit
2018-05-25 16:56:43,311 - root - INFO - Inserted comment from the NEO subreddit
2018-05-25 16:56:43,312 - root - INFO - Inserted comment from the altcoin subreddit
2018-05-25 16:56:43,313 - root - INFO - Inserted comment from the Bitcoin subreddit
2018-05-25 16:56:43,314 - root - INFO - Inserted comment from the CryptoCurrency subreddit
2018-05-25 16:56:43,315 - root - INFO - Inserted comment from the crypto subreddit
2018-05-25 16:56:43,316 - root - INFO - Inserted comment from the ethereum subreddit
2018-05-25 16:56:43,317 - root - INFO - Inserted comment from the NEO subreddit
2018-05-25 16:56:43,319 - root - INFO - Inserted comment from the altcoin subreddit
2018-05-25 16:56:43,319 - root - INFO - Inserted comment from the Bitcoin subreddit
2018-05-25 16:56:43,320 - root - INFO - Inserted comment from the CryptoCurrency subreddit
2018-05-25 16:56:43,321 - root - INFO - Inserted comment from the crypto subreddit
2018-05-25 16:56:43,322 - root - INFO - Inserted comment from the ethereum subreddit
2018-05-25 16:56:43,322 - root - INFO - Inserted comment from the NEO subreddit
2018-05-25 16:56:43,324 - root - INFO - Inserted comment from the altcoin subreddit
2018-05-25 16:56:43,326 - root - INFO - Inserted comment from the crypto subreddit
2018-05-25 16:56:43,326 - root - INFO - Inserted comment from the Bitcoin subreddit
2018-05-25 16:56:43,326 - root - INFO - Inserted comment from the CryptoCurrency subreddit
2018-05-25 16:56:43,327 - root - INFO - Inserted comment from the ethereum subreddit
2018-05-25 16:56:43,328 - root - INFO - Inserted comment from the NEO subreddit
2018-05-25 16:56:43,329 - root - INFO - Inserted comment from the altcoin subreddit
2018-05-25 16:56:43,331 - root - INFO - Inserted comment from the crypto subreddit
2018-05-25 16:56:43,332 - root - INFO - Inserted comment from the Bitcoin subreddit
2018-05-25 16:56:43,332 - root - INFO - Inserted comment from the CryptoCurrency subreddit
2018-05-25 16:56:43,333 - root - INFO - Inserted comment from the NEO subreddit
2018-05-25 16:56:43,334 - root - INFO - Inserted comment from the ethereum subreddit
2018-05-25 16:56:43,335 - root - INFO - Inserted comment from the altcoin subreddit
2018-05-25 16:56:43,337 - root - INFO - Inserted comment from the crypto subreddit
2018-05-25 16:56:43,338 - root - INFO - Inserted comment from the CryptoCurrency subreddit
2018-05-25 16:56:43,339 - root - INFO - Inserted comment from the Bitcoin subreddit
2018-05-25 16:56:43,341 - root - INFO - Inserted comment from the NEO subreddit
2018-05-25 16:56:43,342 - root - INFO - Inserted comment from the ethereum subreddit
2018-05-25 16:56:43,343 - root - INFO - Inserted comment from the crypto subreddit
2018-05-25 16:56:43,344 - root - INFO - Inserted comment from the altcoin subreddit
2018-05-25 16:56:43,344 - root - INFO - Inserted comment from the CryptoCurrency subreddit
2018-05-25 16:56:43,345 - root - INFO - Inserted comment from the Bitcoin subreddit
2018-05-25 16:56:43,352 - root - INFO - Inserted comment from the crypto subreddit
2018-05-25 16:56:43,352 - root - INFO - Inserted comment from the NEO subreddit
2018-05-25 16:56:43,354 - root - INFO - Inserted comment from the Bitcoin subreddit
2018-05-25 16:56:43,354 - root - INFO - Inserted comment from the altcoin subreddit
2018-05-25 16:56:43,354 - root - INFO - Inserted comment from the ethereum subreddit
2018-05-25 16:56:43,354 - root - INFO - Inserted comment from the CryptoCurrency subreddit
2018-05-25 16:56:43,357 - root - INFO - Inserted comment from the crypto subreddit
2018-05-25 16:56:43,359 - root - INFO - Inserted comment from the NEO subreddit
2018-05-25 16:56:43,360 - root - INFO - Inserted comment from the Bitcoin subreddit
2018-05-25 16:56:43,360 - root - INFO - Inserted comment from the altcoin subreddit
2018-05-25 16:56:43,362 - root - INFO - Inserted comment from the ethereum subreddit
2018-05-25 16:56:43,362 - root - INFO - Inserted comment from the CryptoCurrency subreddit
2018-05-25 16:56:43,365 - root - INFO - Inserted comment from the crypto subreddit
2018-05-25 16:56:43,366 - root - INFO - Inserted comment from the NEO subreddit
2018-05-25 16:56:43,367 - root - INFO - Inserted comment from the Bitcoin subreddit
2018-05-25 16:56:43,368 - root - INFO - Inserted comment from the ethereum subreddit
2018-05-25 16:56:43,369 - root - INFO - Inserted comment from the altcoin subreddit
2018-05-25 16:56:43,369 - root - INFO - Inserted comment from the CryptoCurrency subreddit
2018-05-25 16:56:43,369 - root - INFO - Inserted comment from the crypto subreddit
2018-05-25 16:56:43,372 - root - INFO - Inserted comment from the NEO subreddit
2018-05-25 16:56:43,375 - root - INFO - Inserted comment from the ethereum subreddit
2018-05-25 16:56:43,375 - root - INFO - Inserted comment from the crypto subreddit
2018-05-25 16:56:43,376 - root - INFO - Inserted comment from the Bitcoin subreddit
2018-05-25 16:56:43,377 - root - INFO - Inserted comment from the CryptoCurrency subreddit
2018-05-25 16:56:43,377 - root - INFO - Inserted comment from the NEO subreddit
2018-05-25 16:56:43,377 - root - INFO - Inserted comment from the altcoin subreddit
2018-05-25 16:56:43,380 - root - INFO - Inserted comment from the crypto subreddit
2018-05-25 16:56:43,381 - root - INFO - Inserted comment from the ethereum subreddit
2018-05-25 16:56:43,381 - root - INFO - Inserted comment from the Bitcoin subreddit
2018-05-25 16:56:43,383 - root - INFO - Inserted comment from the CryptoCurrency subreddit
2018-05-25 16:56:43,384 - root - INFO - Inserted comment from the NEO subreddit
2018-05-25 16:56:43,384 - root - INFO - Inserted comment from the altcoin subreddit
2018-05-25 16:56:43,385 - root - INFO - Inserted comment from the crypto subreddit
2018-05-25 16:56:43,387 - root - INFO - Inserted comment from the ethereum subreddit
2018-05-25 16:56:43,389 - root - INFO - Inserted comment from the Bitcoin subreddit
2018-05-25 16:56:43,391 - root - INFO - Inserted comment from the CryptoCurrency subreddit
2018-05-25 16:56:43,391 - root - INFO - Inserted comment from the NEO subreddit
2018-05-25 16:56:43,391 - root - INFO - Inserted comment from the altcoin subreddit
2018-05-25 16:56:43,392 - root - INFO - Inserted comment from the crypto subreddit
2018-05-25 16:56:43,432 - root - INFO - Inserted comment from the ethereum subreddit
2018-05-25 16:56:43,455 - root - INFO - Inserted comment from the crypto subreddit
2018-05-25 16:56:43,456 - root - INFO - Inserted comment from the Bitcoin subreddit
2018-05-25 16:56:43,456 - root - INFO - Inserted comment from the NEO subreddit
2018-05-25 16:56:43,456 - root - INFO - Inserted comment from the altcoin subreddit
2018-05-25 16:56:43,457 - root - INFO - Inserted comment from the CryptoCurrency subreddit
2018-05-25 16:56:43,457 - root - INFO - Inserted comment from the ethereum subreddit
2018-05-25 16:56:43,462 - root - INFO - Inserted comment from the crypto subreddit
2018-05-25 16:56:43,465 - root - INFO - Inserted comment from the Bitcoin subreddit
2018-05-25 16:56:43,465 - root - INFO - Inserted comment from the NEO subreddit
2018-05-25 16:56:43,465 - root - INFO - Inserted comment from the altcoin subreddit
2018-05-25 16:56:43,465 - root - INFO - Inserted comment from the CryptoCurrency subreddit
2018-05-25 16:56:43,465 - root - INFO - Inserted comment from the ethereum subreddit
2018-05-25 16:56:43,469 - root - INFO - Inserted comment from the crypto subreddit
2018-05-25 16:56:43,472 - root - INFO - Inserted comment from the NEO subreddit
2018-05-25 16:56:43,473 - root - INFO - Inserted comment from the Bitcoin subreddit
2018-05-25 16:56:43,474 - root - INFO - Inserted comment from the CryptoCurrency subreddit
2018-05-25 16:56:43,474 - root - INFO - Inserted comment from the altcoin subreddit
2018-05-25 16:56:43,474 - root - INFO - Inserted comment from the crypto subreddit
2018-05-25 16:56:43,474 - root - INFO - Inserted comment from the ethereum subreddit
2018-05-25 16:56:43,479 - root - INFO - Inserted comment from the Bitcoin subreddit
2018-05-25 16:56:43,479 - root - INFO - Inserted comment from the NEO subreddit
2018-05-25 16:56:43,480 - root - INFO - Inserted comment from the altcoin subreddit
2018-05-25 16:56:43,481 - root - INFO - Inserted comment from the CryptoCurrency subreddit
2018-05-25 16:56:43,481 - root - INFO - Inserted comment from the crypto subreddit
2018-05-25 16:56:43,482 - root - INFO - Inserted comment from the ethereum subreddit
2018-05-25 16:56:43,484 - root - INFO - Inserted comment from the Bitcoin subreddit
2018-05-25 16:56:43,485 - root - INFO - Inserted comment from the NEO subreddit
2018-05-25 16:56:43,486 - root - INFO - Inserted comment from the crypto subreddit
2018-05-25 16:56:43,487 - root - INFO - Inserted comment from the CryptoCurrency subreddit
2018-05-25 16:56:43,487 - root - INFO - Inserted comment from the altcoin subreddit
2018-05-25 16:56:43,490 - root - INFO - Inserted comment from the ethereum subreddit
2018-05-25 16:56:43,490 - root - INFO - Inserted comment from the Bitcoin subreddit
2018-05-25 16:56:43,491 - root - INFO - Inserted comment from the NEO subreddit
2018-05-25 16:56:43,491 - root - INFO - Inserted comment from the crypto subreddit
2018-05-25 16:56:43,493 - root - INFO - Inserted comment from the altcoin subreddit
2018-05-25 16:56:43,493 - root - INFO - Inserted comment from the CryptoCurrency subreddit
2018-05-25 16:56:43,495 - root - INFO - Inserted comment from the ethereum subreddit
2018-05-25 16:56:43,496 - root - INFO - Inserted comment from the Bitcoin subreddit
2018-05-25 16:56:43,496 - root - INFO - Inserted comment from the crypto subreddit
2018-05-25 16:56:43,497 - root - INFO - Inserted comment from the NEO subreddit
2018-05-25 16:56:43,499 - root - INFO - Inserted comment from the altcoin subreddit
2018-05-25 16:56:43,500 - root - INFO - Inserted comment from the CryptoCurrency subreddit
2018-05-25 16:56:43,502 - root - INFO - Inserted comment from the crypto subreddit
2018-05-25 16:56:43,503 - root - INFO - Inserted comment from the Bitcoin subreddit
2018-05-25 16:56:43,503 - root - INFO - Inserted comment from the NEO subreddit
2018-05-25 16:56:43,503 - root - INFO - Inserted comment from the ethereum subreddit
2018-05-25 16:56:43,505 - root - INFO - Inserted comment from the altcoin subreddit
2018-05-25 16:56:43,508 - root - INFO - Inserted comment from the CryptoCurrency subreddit
2018-05-25 16:56:43,510 - root - INFO - Inserted comment from the crypto subreddit
2018-05-25 16:56:43,510 - root - INFO - Inserted comment from the NEO subreddit
2018-05-25 16:56:43,512 - root - INFO - Inserted comment from the ethereum subreddit
2018-05-25 16:56:43,512 - root - INFO - Inserted comment from the altcoin subreddit
2018-05-25 16:56:43,512 - root - INFO - Inserted comment from the Bitcoin subreddit
2018-05-25 16:56:43,516 - root - INFO - Inserted comment from the crypto subreddit
2018-05-25 16:56:43,516 - root - INFO - Inserted comment from the CryptoCurrency subreddit
2018-05-25 16:56:43,518 - root - INFO - Inserted comment from the NEO subreddit
2018-05-25 16:56:43,519 - root - INFO - Inserted comment from the ethereum subreddit
2018-05-25 16:56:43,519 - root - INFO - Inserted comment from the Bitcoin subreddit
2018-05-25 16:56:43,520 - root - INFO - Inserted comment from the altcoin subreddit
2018-05-25 16:56:43,522 - root - INFO - Inserted comment from the crypto subreddit
2018-05-25 16:56:43,522 - root - INFO - Inserted comment from the CryptoCurrency subreddit
2018-05-25 16:56:43,523 - root - INFO - Inserted comment from the NEO subreddit
2018-05-25 16:56:43,525 - root - INFO - Inserted comment from the ethereum subreddit
2018-05-25 16:56:43,525 - root - INFO - Inserted comment from the altcoin subreddit
2018-05-25 16:56:43,526 - root - INFO - Inserted comment from the Bitcoin subreddit
2018-05-25 16:56:43,528 - root - INFO - Inserted comment from the crypto subreddit
2018-05-25 16:56:43,529 - root - INFO - Inserted comment from the CryptoCurrency subreddit
2018-05-25 16:56:43,529 - root - INFO - Inserted comment from the NEO subreddit
2018-05-25 16:56:43,530 - root - INFO - Inserted comment from the ethereum subreddit
2018-05-25 16:56:43,532 - root - INFO - Inserted comment from the altcoin subreddit
2018-05-25 16:56:43,532 - root - INFO - Inserted comment from the crypto subreddit
2018-05-25 16:56:43,534 - root - INFO - Inserted comment from the Bitcoin subreddit
2018-05-25 16:56:43,535 - root - INFO - Inserted comment from the CryptoCurrency subreddit
2018-05-25 16:56:43,535 - root - INFO - Inserted comment from the NEO subreddit
2018-05-25 16:56:43,535 - root - INFO - Inserted comment from the ethereum subreddit
2018-05-25 16:56:43,537 - root - INFO - Inserted comment from the altcoin subreddit
2018-05-25 16:56:43,538 - root - INFO - Inserted comment from the crypto subreddit
2018-05-25 16:56:43,542 - root - INFO - Inserted comment from the Bitcoin subreddit
2018-05-25 16:56:43,544 - root - INFO - Inserted comment from the crypto subreddit
2018-05-25 16:56:43,544 - root - INFO - Inserted comment from the altcoin subreddit
2018-05-25 16:56:43,544 - root - INFO - Inserted comment from the NEO subreddit
2018-05-25 16:56:43,544 - root - INFO - Inserted comment from the ethereum subreddit
2018-05-25 16:56:43,544 - root - INFO - Inserted comment from the CryptoCurrency subreddit
2018-05-25 16:56:43,549 - root - INFO - Inserted comment from the crypto subreddit
2018-05-25 16:56:43,549 - root - INFO - Inserted comment from the Bitcoin subreddit
2018-05-25 16:56:43,550 - root - INFO - Inserted comment from the NEO subreddit
2018-05-25 16:56:43,552 - root - INFO - Inserted comment from the altcoin subreddit
2018-05-25 16:56:43,552 - root - INFO - Inserted comment from the ethereum subreddit
2018-05-25 16:56:43,552 - root - INFO - Inserted comment from the CryptoCurrency subreddit
2018-05-25 16:56:43,554 - root - INFO - Inserted comment from the crypto subreddit
2018-05-25 16:56:43,556 - root - INFO - Inserted comment from the Bitcoin subreddit
2018-05-25 16:56:43,557 - root - INFO - Inserted comment from the NEO subreddit
2018-05-25 16:56:43,557 - root - INFO - Inserted comment from the altcoin subreddit
2018-05-25 16:56:43,557 - root - INFO - Inserted comment from the ethereum subreddit
2018-05-25 16:56:43,559 - root - INFO - Inserted comment from the CryptoCurrency subreddit
2018-05-25 16:56:43,561 - root - INFO - Inserted comment from the crypto subreddit
2018-05-25 16:56:43,563 - root - INFO - Inserted comment from the Bitcoin subreddit
2018-05-25 16:56:43,563 - prawcore - DEBUG - Fetching: GET https://oauth.reddit.com/r/Bitcoin/comments/
2018-05-25 16:56:43,563 - prawcore - DEBUG - Data: None
2018-05-25 16:56:43,563 - prawcore - DEBUG - Params: {'before': 't1_dzkbl7d', 'limit': 100, 'raw_json': 1}
2018-05-25 16:56:43,568 - root - INFO - Inserted comment from the NEO subreddit
2018-05-25 16:56:43,568 - root - INFO - Inserted comment from the CryptoCurrency subreddit
2018-05-25 16:56:43,569 - root - INFO - Inserted comment from the ethereum subreddit
2018-05-25 16:56:43,569 - root - INFO - Inserted comment from the altcoin subreddit
2018-05-25 16:56:43,572 - root - INFO - Inserted comment from the crypto subreddit
2018-05-25 16:56:43,575 - root - INFO - Inserted comment from the NEO subreddit
2018-05-25 16:56:43,577 - root - INFO - Inserted comment from the CryptoCurrency subreddit
2018-05-25 16:56:43,578 - root - INFO - Inserted comment from the ethereum subreddit
2018-05-25 16:56:43,579 - root - INFO - Inserted comment from the crypto subreddit
2018-05-25 16:56:43,579 - root - INFO - Inserted comment from the altcoin subreddit
2018-05-25 16:56:43,580 - root - INFO - Inserted comment from the NEO subreddit
2018-05-25 16:56:43,583 - root - INFO - Inserted comment from the CryptoCurrency subreddit
2018-05-25 16:56:43,584 - root - INFO - Inserted comment from the ethereum subreddit
2018-05-25 16:56:43,585 - root - INFO - Inserted comment from the crypto subreddit
2018-05-25 16:56:43,585 - root - INFO - Inserted comment from the NEO subreddit
2018-05-25 16:56:43,585 - root - INFO - Inserted comment from the altcoin subreddit
2018-05-25 16:56:43,589 - root - INFO - Inserted comment from the CryptoCurrency subreddit
2018-05-25 16:56:43,590 - root - INFO - Inserted comment from the ethereum subreddit
2018-05-25 16:56:43,590 - root - INFO - Inserted comment from the crypto subreddit
2018-05-25 16:56:43,591 - root - INFO - Inserted comment from the NEO subreddit
2018-05-25 16:56:43,592 - root - INFO - Inserted comment from the altcoin subreddit
2018-05-25 16:56:43,594 - root - INFO - Inserted comment from the CryptoCurrency subreddit
2018-05-25 16:56:43,595 - root - INFO - Inserted comment from the crypto subreddit
2018-05-25 16:56:43,596 - root - INFO - Inserted comment from the ethereum subreddit
2018-05-25 16:56:43,597 - root - INFO - Inserted comment from the altcoin subreddit
2018-05-25 16:56:43,598 - root - INFO - Inserted comment from the NEO subreddit
2018-05-25 16:56:43,600 - root - INFO - Inserted comment from the crypto subreddit
2018-05-25 16:56:43,600 - root - INFO - Inserted comment from the CryptoCurrency subreddit
2018-05-25 16:56:43,602 - root - INFO - Inserted comment from the ethereum subreddit
2018-05-25 16:56:43,603 - root - INFO - Inserted comment from the altcoin subreddit
2018-05-25 16:56:43,603 - root - INFO - Inserted comment from the NEO subreddit
2018-05-25 16:56:43,605 - root - INFO - Inserted comment from the crypto subreddit
2018-05-25 16:56:43,606 - root - INFO - Inserted comment from the CryptoCurrency subreddit
2018-05-25 16:56:43,607 - root - INFO - Inserted comment from the ethereum subreddit
2018-05-25 16:56:43,608 - root - INFO - Inserted comment from the altcoin subreddit
2018-05-25 16:56:43,609 - root - INFO - Inserted comment from the NEO subreddit
2018-05-25 16:56:43,610 - root - INFO - Inserted comment from the crypto subreddit
2018-05-25 16:56:43,612 - root - INFO - Inserted comment from the CryptoCurrency subreddit
2018-05-25 16:56:43,612 - root - INFO - Inserted comment from the ethereum subreddit
2018-05-25 16:56:43,614 - root - INFO - Inserted comment from the altcoin subreddit
2018-05-25 16:56:43,615 - root - INFO - Inserted comment from the NEO subreddit
2018-05-25 16:56:43,615 - root - INFO - Inserted comment from the crypto subreddit
2018-05-25 16:56:43,618 - root - INFO - Inserted comment from the CryptoCurrency subreddit
2018-05-25 16:56:43,619 - root - INFO - Inserted comment from the ethereum subreddit
2018-05-25 16:56:43,620 - root - INFO - Inserted comment from the altcoin subreddit
2018-05-25 16:56:43,622 - root - INFO - Inserted comment from the crypto subreddit
2018-05-25 16:56:43,622 - root - INFO - Inserted comment from the NEO subreddit
2018-05-25 16:56:43,624 - root - INFO - Inserted comment from the CryptoCurrency subreddit
2018-05-25 16:56:43,627 - root - INFO - Inserted comment from the ethereum subreddit
2018-05-25 16:56:43,628 - root - INFO - Inserted comment from the altcoin subreddit
2018-05-25 16:56:43,633 - root - INFO - Inserted comment from the CryptoCurrency subreddit
2018-05-25 16:56:43,633 - root - INFO - Inserted comment from the NEO subreddit
2018-05-25 16:56:43,634 - root - INFO - Inserted comment from the crypto subreddit
2018-05-25 16:56:43,636 - root - INFO - Inserted comment from the altcoin subreddit
2018-05-25 16:56:43,636 - root - INFO - Inserted comment from the ethereum subreddit
2018-05-25 16:56:43,638 - root - INFO - Inserted comment from the CryptoCurrency subreddit
2018-05-25 16:56:43,639 - root - INFO - Inserted comment from the NEO subreddit
2018-05-25 16:56:43,640 - root - INFO - Inserted comment from the crypto subreddit
2018-05-25 16:56:43,641 - root - INFO - Inserted comment from the altcoin subreddit
2018-05-25 16:56:43,641 - root - INFO - Inserted comment from the ethereum subreddit
2018-05-25 16:56:43,643 - root - INFO - Inserted comment from the CryptoCurrency subreddit
2018-05-25 16:56:43,645 - root - INFO - Inserted comment from the NEO subreddit
2018-05-25 16:56:43,645 - root - INFO - Inserted comment from the crypto subreddit
2018-05-25 16:56:43,647 - root - INFO - Inserted comment from the ethereum subreddit
2018-05-25 16:56:43,647 - root - INFO - Inserted comment from the altcoin subreddit
2018-05-25 16:56:43,648 - root - INFO - Inserted comment from the CryptoCurrency subreddit
2018-05-25 16:56:43,650 - root - INFO - Inserted comment from the NEO subreddit
2018-05-25 16:56:43,650 - root - INFO - Inserted comment from the crypto subreddit
2018-05-25 16:56:43,652 - root - INFO - Inserted comment from the altcoin subreddit
2018-05-25 16:56:43,653 - root - INFO - Inserted comment from the ethereum subreddit
2018-05-25 16:56:43,654 - root - INFO - Inserted comment from the CryptoCurrency subreddit
2018-05-25 16:56:43,656 - root - INFO - Inserted comment from the NEO subreddit
2018-05-25 16:56:43,658 - root - INFO - Inserted comment from the crypto subreddit
2018-05-25 16:56:43,659 - root - INFO - Inserted comment from the CryptoCurrency subreddit
2018-05-25 16:56:43,659 - root - INFO - Inserted comment from the altcoin subreddit
2018-05-25 16:56:43,660 - root - INFO - Inserted comment from the ethereum subreddit
2018-05-25 16:56:43,661 - root - INFO - Inserted comment from the NEO subreddit
2018-05-25 16:56:43,665 - root - INFO - Inserted comment from the CryptoCurrency subreddit
2018-05-25 16:56:43,666 - root - INFO - Inserted comment from the altcoin subreddit
2018-05-25 16:56:43,666 - root - INFO - Inserted comment from the crypto subreddit
2018-05-25 16:56:43,667 - root - INFO - Inserted comment from the NEO subreddit
2018-05-25 16:56:43,667 - root - INFO - Inserted comment from the ethereum subreddit
2018-05-25 16:56:43,672 - root - INFO - Inserted comment from the crypto subreddit
2018-05-25 16:56:43,673 - root - INFO - Inserted comment from the altcoin subreddit
2018-05-25 16:56:43,674 - root - INFO - Inserted comment from the NEO subreddit
2018-05-25 16:56:43,674 - root - INFO - Inserted comment from the CryptoCurrency subreddit
2018-05-25 16:56:43,674 - root - INFO - Inserted comment from the ethereum subreddit
2018-05-25 16:56:43,677 - root - INFO - Inserted comment from the crypto subreddit
2018-05-25 16:56:43,679 - root - INFO - Inserted comment from the altcoin subreddit
2018-05-25 16:56:43,680 - root - INFO - Inserted comment from the NEO subreddit
2018-05-25 16:56:43,681 - root - INFO - Inserted comment from the CryptoCurrency subreddit
2018-05-25 16:56:43,681 - root - INFO - Inserted comment from the ethereum subreddit
2018-05-25 16:56:43,683 - root - INFO - Inserted comment from the crypto subreddit
2018-05-25 16:56:43,686 - root - INFO - Inserted comment from the altcoin subreddit
2018-05-25 16:56:43,687 - root - INFO - Inserted comment from the NEO subreddit
2018-05-25 16:56:43,687 - root - INFO - Inserted comment from the ethereum subreddit
2018-05-25 16:56:43,687 - root - INFO - Inserted comment from the CryptoCurrency subreddit
2018-05-25 16:56:43,688 - root - INFO - Inserted comment from the crypto subreddit
2018-05-25 16:56:43,691 - root - INFO - Inserted comment from the altcoin subreddit
2018-05-25 16:56:43,693 - root - INFO - Inserted comment from the NEO subreddit
2018-05-25 16:56:43,694 - root - INFO - Inserted comment from the CryptoCurrency subreddit
2018-05-25 16:56:43,694 - root - INFO - Inserted comment from the ethereum subreddit
2018-05-25 16:56:43,695 - root - INFO - Inserted comment from the crypto subreddit
2018-05-25 16:56:43,696 - root - INFO - Inserted comment from the altcoin subreddit
2018-05-25 16:56:43,697 - root - INFO - Inserted comment from the NEO subreddit
2018-05-25 16:56:43,700 - root - INFO - Inserted comment from the ethereum subreddit
2018-05-25 16:56:43,702 - root - INFO - Inserted comment from the altcoin subreddit
2018-05-25 16:56:43,703 - root - INFO - Inserted comment from the CryptoCurrency subreddit
2018-05-25 16:56:43,703 - root - INFO - Inserted comment from the crypto subreddit
2018-05-25 16:56:43,703 - root - INFO - Inserted comment from the NEO subreddit
2018-05-25 16:56:43,706 - root - INFO - Inserted comment from the ethereum subreddit
2018-05-25 16:56:43,707 - prawcore - DEBUG - Fetching: GET https://oauth.reddit.com/r/ethereum/comments/
2018-05-25 16:56:43,707 - prawcore - DEBUG - Data: None
2018-05-25 16:56:43,707 - prawcore - DEBUG - Params: {'before': 't1_dzkbka6', 'limit': 100, 'raw_json': 1}
2018-05-25 16:56:43,708 - root - INFO - Inserted comment from the altcoin subreddit
2018-05-25 16:56:43,709 - root - INFO - Inserted comment from the crypto subreddit
2018-05-25 16:56:43,709 - root - INFO - Inserted comment from the CryptoCurrency subreddit
2018-05-25 16:56:43,710 - root - INFO - Inserted comment from the NEO subreddit
2018-05-25 16:56:43,713 - root - INFO - Inserted comment from the altcoin subreddit
2018-05-25 16:56:43,714 - root - INFO - Inserted comment from the crypto subreddit
2018-05-25 16:56:43,715 - root - INFO - Inserted comment from the CryptoCurrency subreddit
2018-05-25 16:56:43,716 - root - INFO - Inserted comment from the NEO subreddit
2018-05-25 16:56:43,719 - urllib3.connectionpool - DEBUG - https://oauth.reddit.com:443 "GET /r/Bitcoin/comments/?before=t1_dzkbl7d&limit=100&raw_json=1 HTTP/1.1" 200 104
2018-05-25 16:56:43,720 - prawcore - DEBUG - Response: 200 (104 bytes)
2018-05-25 16:56:43,720 - root - INFO - Inserted comment from the crypto subreddit
2018-05-25 16:56:43,721 - root - INFO - Inserted comment from the altcoin subreddit
2018-05-25 16:56:43,721 - prawcore - DEBUG - Fetching: GET https://oauth.reddit.com/r/crypto/comments/
2018-05-25 16:56:43,721 - root - INFO - Inserted comment from the NEO subreddit
2018-05-25 16:56:43,721 - root - INFO - Inserted comment from the CryptoCurrency subreddit
2018-05-25 16:56:43,721 - prawcore - DEBUG - Data: None
2018-05-25 16:56:43,722 - prawcore - DEBUG - Params: {'before': 't1_dzkbfm2', 'limit': 100, 'raw_json': 1}
2018-05-25 16:56:43,727 - root - INFO - Inserted comment from the altcoin subreddit
2018-05-25 16:56:43,728 - root - INFO - Inserted comment from the NEO subreddit
2018-05-25 16:56:43,729 - root - INFO - Inserted comment from the CryptoCurrency subreddit
2018-05-25 16:56:43,732 - root - INFO - Inserted comment from the altcoin subreddit
2018-05-25 16:56:43,733 - root - INFO - Inserted comment from the NEO subreddit
2018-05-25 16:56:43,737 - root - INFO - Inserted comment from the CryptoCurrency subreddit
2018-05-25 16:56:43,738 - root - INFO - Inserted comment from the altcoin subreddit
2018-05-25 16:56:43,739 - root - INFO - Inserted comment from the NEO subreddit
2018-05-25 16:56:43,743 - root - INFO - Inserted comment from the CryptoCurrency subreddit
2018-05-25 16:56:43,743 - root - INFO - Inserted comment from the altcoin subreddit
2018-05-25 16:56:43,745 - root - INFO - Inserted comment from the NEO subreddit
2018-05-25 16:56:43,749 - root - INFO - Inserted comment from the CryptoCurrency subreddit
2018-05-25 16:56:43,750 - root - INFO - Inserted comment from the altcoin subreddit
2018-05-25 16:56:43,750 - root - INFO - Inserted comment from the NEO subreddit
2018-05-25 16:56:43,755 - root - INFO - Inserted comment from the CryptoCurrency subreddit
2018-05-25 16:56:43,755 - root - INFO - Inserted comment from the altcoin subreddit
2018-05-25 16:56:43,757 - root - INFO - Inserted comment from the NEO subreddit
2018-05-25 16:56:43,761 - root - INFO - Inserted comment from the CryptoCurrency subreddit
2018-05-25 16:56:43,761 - root - INFO - Inserted comment from the altcoin subreddit
2018-05-25 16:56:43,762 - root - INFO - Inserted comment from the NEO subreddit
2018-05-25 16:56:43,766 - root - INFO - Inserted comment from the CryptoCurrency subreddit
2018-05-25 16:56:43,767 - root - INFO - Inserted comment from the altcoin subreddit
2018-05-25 16:56:43,768 - root - INFO - Inserted comment from the NEO subreddit
2018-05-25 16:56:43,772 - root - INFO - Inserted comment from the CryptoCurrency subreddit
2018-05-25 16:56:43,773 - root - INFO - Inserted comment from the altcoin subreddit
2018-05-25 16:56:43,774 - root - INFO - Inserted comment from the NEO subreddit
2018-05-25 16:56:43,778 - root - INFO - Inserted comment from the CryptoCurrency subreddit
2018-05-25 16:56:43,779 - root - INFO - Inserted comment from the altcoin subreddit
2018-05-25 16:56:43,780 - root - INFO - Inserted comment from the NEO subreddit
2018-05-25 16:56:43,780 - prawcore - DEBUG - Fetching: GET https://oauth.reddit.com/r/NEO/comments/
2018-05-25 16:56:43,780 - prawcore - DEBUG - Data: None
2018-05-25 16:56:43,780 - prawcore - DEBUG - Params: {'before': 't1_dzkbe58', 'limit': 100, 'raw_json': 1}
2018-05-25 16:56:43,785 - root - INFO - Inserted comment from the CryptoCurrency subreddit
2018-05-25 16:56:43,786 - root - INFO - Inserted comment from the altcoin subreddit
2018-05-25 16:56:43,791 - root - INFO - Inserted comment from the CryptoCurrency subreddit
2018-05-25 16:56:43,792 - root - INFO - Inserted comment from the altcoin subreddit
2018-05-25 16:56:43,796 - root - INFO - Inserted comment from the CryptoCurrency subreddit
2018-05-25 16:56:43,798 - root - INFO - Inserted comment from the altcoin subreddit
2018-05-25 16:56:43,801 - root - INFO - Inserted comment from the CryptoCurrency subreddit
2018-05-25 16:56:43,804 - root - INFO - Inserted comment from the altcoin subreddit
2018-05-25 16:56:43,809 - root - INFO - Inserted comment from the CryptoCurrency subreddit
2018-05-25 16:56:43,809 - root - INFO - Inserted comment from the altcoin subreddit
2018-05-25 16:56:43,815 - root - INFO - Inserted comment from the altcoin subreddit
2018-05-25 16:56:43,816 - root - INFO - Inserted comment from the CryptoCurrency subreddit
2018-05-25 16:56:43,821 - root - INFO - Inserted comment from the CryptoCurrency subreddit
2018-05-25 16:56:43,822 - root - INFO - Inserted comment from the altcoin subreddit
2018-05-25 16:56:43,827 - root - INFO - Inserted comment from the CryptoCurrency subreddit
2018-05-25 16:56:43,827 - root - INFO - Inserted comment from the altcoin subreddit
2018-05-25 16:56:43,833 - root - INFO - Inserted comment from the CryptoCurrency subreddit
2018-05-25 16:56:43,834 - root - INFO - Inserted comment from the altcoin subreddit
2018-05-25 16:56:43,839 - root - INFO - Inserted comment from the CryptoCurrency subreddit
2018-05-25 16:56:43,839 - root - INFO - Inserted comment from the altcoin subreddit
2018-05-25 16:56:43,844 - root - INFO - Inserted comment from the CryptoCurrency subreddit
2018-05-25 16:56:43,845 - root - INFO - Inserted comment from the altcoin subreddit
2018-05-25 16:56:43,850 - root - INFO - Inserted comment from the CryptoCurrency subreddit
2018-05-25 16:56:43,851 - root - INFO - Inserted comment from the altcoin subreddit
2018-05-25 16:56:43,852 - prawcore - DEBUG - Fetching: GET https://oauth.reddit.com/r/altcoin/comments/
2018-05-25 16:56:43,852 - prawcore - DEBUG - Data: None
2018-05-25 16:56:43,852 - prawcore - DEBUG - Params: {'before': 't1_dzkb5md', 'limit': 100, 'raw_json': 1}
2018-05-25 16:56:43,856 - root - INFO - Inserted comment from the CryptoCurrency subreddit
2018-05-25 16:56:43,863 - root - INFO - Inserted comment from the CryptoCurrency subreddit
2018-05-25 16:56:43,870 - root - INFO - Inserted comment from the CryptoCurrency subreddit
2018-05-25 16:56:43,875 - root - INFO - Inserted comment from the CryptoCurrency subreddit
2018-05-25 16:56:43,882 - root - INFO - Inserted comment from the CryptoCurrency subreddit
2018-05-25 16:56:43,886 - urllib3.connectionpool - DEBUG - https://oauth.reddit.com:443 "GET /r/ethereum/comments/?before=t1_dzkbka6&limit=100&raw_json=1 HTTP/1.1" 200 104
2018-05-25 16:56:43,887 - prawcore - DEBUG - Response: 200 (104 bytes)
2018-05-25 16:56:43,888 - root - INFO - Inserted comment from the CryptoCurrency subreddit
2018-05-25 16:56:43,894 - root - INFO - Inserted comment from the CryptoCurrency subreddit
2018-05-25 16:56:43,899 - root - INFO - Inserted comment from the CryptoCurrency subreddit
2018-05-25 16:56:43,904 - root - INFO - Inserted comment from the CryptoCurrency subreddit
2018-05-25 16:56:43,910 - root - INFO - Inserted comment from the CryptoCurrency subreddit
2018-05-25 16:56:43,916 - root - INFO - Inserted comment from the CryptoCurrency subreddit
2018-05-25 16:56:43,921 - root - INFO - Inserted comment from the CryptoCurrency subreddit
2018-05-25 16:56:43,928 - root - INFO - Inserted comment from the CryptoCurrency subreddit
2018-05-25 16:56:43,933 - root - INFO - Inserted comment from the CryptoCurrency subreddit
2018-05-25 16:56:43,938 - root - INFO - Inserted comment from the CryptoCurrency subreddit
2018-05-25 16:56:43,945 - root - INFO - Inserted comment from the CryptoCurrency subreddit
2018-05-25 16:56:43,951 - root - INFO - Inserted comment from the CryptoCurrency subreddit
2018-05-25 16:56:43,956 - root - INFO - Inserted comment from the CryptoCurrency subreddit
2018-05-25 16:56:43,961 - root - INFO - Inserted comment from the CryptoCurrency subreddit
2018-05-25 16:56:43,964 - urllib3.connectionpool - DEBUG - https://oauth.reddit.com:443 "GET /r/crypto/comments/?before=t1_dzkbfm2&limit=100&raw_json=1 HTTP/1.1" 200 104
2018-05-25 16:56:43,965 - prawcore - DEBUG - Response: 200 (104 bytes)
2018-05-25 16:56:43,966 - root - INFO - Inserted comment from the CryptoCurrency subreddit
2018-05-25 16:56:43,971 - root - INFO - Inserted comment from the CryptoCurrency subreddit
2018-05-25 16:56:43,972 - prawcore - DEBUG - Fetching: GET https://oauth.reddit.com/r/CryptoCurrency/comments/
2018-05-25 16:56:43,972 - prawcore - DEBUG - Data: None
2018-05-25 16:56:43,972 - prawcore - DEBUG - Params: {'before': 't1_dzkbks9', 'limit': 100, 'raw_json': 1}
2018-05-25 16:56:44,002 - urllib3.connectionpool - DEBUG - https://oauth.reddit.com:443 "GET /r/altcoin/comments/?before=t1_dzkb5md&limit=100&raw_json=1 HTTP/1.1" 200 104
2018-05-25 16:56:44,003 - prawcore - DEBUG - Response: 200 (104 bytes)
2018-05-25 16:56:44,128 - urllib3.connectionpool - DEBUG - https://oauth.reddit.com:443 "GET /r/CryptoCurrency/comments/?before=t1_dzkbks9&limit=100&raw_json=1 HTTP/1.1" 200 104
2018-05-25 16:56:44,129 - prawcore - DEBUG - Response: 200 (104 bytes)
2018-05-25 16:56:44,207 - urllib3.connectionpool - DEBUG - https://oauth.reddit.com:443 "GET /r/NEO/comments/?before=t1_dzkbe58&limit=100&raw_json=1 HTTP/1.1" 200 104
2018-05-25 16:56:44,208 - prawcore - DEBUG - Response: 200 (104 bytes)
2018-05-25 16:56:44,717 - prawcore - DEBUG - Fetching: GET https://oauth.reddit.com/r/Bitcoin/comments/
2018-05-25 16:56:44,717 - prawcore - DEBUG - Data: None
2018-05-25 16:56:44,717 - prawcore - DEBUG - Params: {'before': None, 'limit': 99, 'raw_json': 1}
2018-05-25 16:56:44,907 - prawcore - DEBUG - Fetching: GET https://oauth.reddit.com/r/ethereum/comments/
2018-05-25 16:56:44,907 - prawcore - DEBUG - Data: None
2018-05-25 16:56:44,907 - prawcore - DEBUG - Params: {'before': None, 'limit': 99, 'raw_json': 1}
2018-05-25 16:56:44,967 - urllib3.connectionpool - DEBUG - Starting new HTTP connection (1): 159.65.27.43
2018-05-25 16:56:44,972 - prawcore - DEBUG - Fetching: GET https://oauth.reddit.com/r/crypto/comments/
2018-05-25 16:56:44,972 - prawcore - DEBUG - Data: None
2018-05-25 16:56:44,972 - prawcore - DEBUG - Params: {'before': None, 'limit': 99, 'raw_json': 1}
2018-05-25 16:56:44,979 - urllib3.connectionpool - DEBUG - http://159.65.27.43:4555 "POST /graphql HTTP/1.1" 200 35
2018-05-25 16:56:44,980 - root - INFO - Node died gracefully
